20.8703 	INFO 	Loaded monitor calibration from ['2025_12_23 12:18']
20.9115 	WARNING 	User requested fullscreen with size [1024  768], but screen is actually [1920, 1080]. Using actual size
23.5284 	INFO 	Using renderer 'Intel(R) UHD Graphics' for graphics
23.5285 	INFO 	OpenGL version supported by driver is 4..
23.5501 	EXP 	Created window1 = Window(allowGUI=True, allowStencil=False, autoLog=True, backendConf=UNKNOWN, backgroundFit=<method-wrapper '__getattribute__' of attributeSetter object at 0x00000191FFF36050>, backgroundImage=<method-wrapper '__getattribute__' of attributeSetter object at 0x00000191FFF379A0>, bitsMode=UNKNOWN, blendMode='avg', bpc=(8, 8, 8), color=array([-1., -1., -1.]), colorSpace='rgb', depthBits=8, fullscr=True, gamma=None, gammaErrorPolicy='raise', infoMsg=UNKNOWN, lms=UNKNOWN, monitor=<psychopy.monitors.calibTools.Monitor object at 0x00000191FEC11DE0>, multiSample=False, name='window1', numSamples=2, pos=[np.float64(0.0), np.float64(0.0)], screen=0, size=array([1920, 1080]), stencilBits=0, stereo=False, title='PsychoPy', units='height', useFBO=True, useRetina=False, viewOri=0.0, viewPos=None, viewScale=None, waitBlanking=True, winType='pyglet')
23.5502 	EXP 	window1: backgroundImage = ''
23.5502 	EXP 	window1: backgroundFit = 'none'
24.0696 	EXP 	window1: Attempting to measure frame rate of screen (0) ...
24.0697 	EXP 	window1: recordFrameIntervals = False
24.1357 	EXP 	window1: recordFrameIntervals = True
24.2127 	EXP 	Screen (0) actual frame rate measured at 144.21Hz
24.2127 	EXP 	window1: recordFrameIntervals = False
37.0439 	INFO 	keyboard.Keyboard is using ptb backend.
37.0440 	EXP 	Cheese: status = STARTED
37.1161 	EXP 	Created text = TextStim(__class__=<class 'psychopy.visual.text.TextStim'>, alignHoriz=method-wrapper(...), alignText='center', alignVert=method-wrapper(...), anchorHoriz='center', anchorVert='center', antialias=True, autoDraw=False, autoLog=True, bold=False, color=array([1., 1., 1.]), colorSpace='rgb', contrast=1.0, depth=0.0, draggable=False, flipHoriz=False, flipVert=False, font='Arial', fontFiles=[], height=0.05, italic=False, languageStyle='LTR', name='text', opacity=1, ori=0.0, pos=array([0. , 0.3]), rgb=UNKNOWN, text='', units='height', win=Window(...), wrapWidth=1)
37.1851 	EXP 	Created ambewela = ImageStim(__class__=<class 'psychopy.visual.image.ImageStim'>, anchor=('center', 'center'), autoLog=True, color=array([1., 1., 1.]), colorSpace='rgb', contrast=1.0, depth=-1.0, draggable=False, flipHoriz=np.False_, flipVert=np.False_, image='default.png', interpolate=True, mask=None, maskParams=None, name='ambewela', opacity=1.0, ori=0.0, pos=array([-0.6,  0. ]), size=array([0.2, 0.2]), texRes=128.0, units='height', win=Window(...))
37.1959 	EXP 	Created kothmale = ImageStim(__class__=<class 'psychopy.visual.image.ImageStim'>, anchor=('center', 'center'), autoLog=True, color=array([1., 1., 1.]), colorSpace='rgb', contrast=1.0, depth=-2.0, draggable=False, flipHoriz=np.False_, flipVert=np.False_, image='default.png', interpolate=True, mask=None, maskParams=None, name='kothmale', opacity=1.0, ori=0.0, pos=array([-0.3,  0. ]), size=array([0.2, 0.2]), texRes=128.0, units='height', win=Window(...))
37.2061 	EXP 	Created happycow = ImageStim(__class__=<class 'psychopy.visual.image.ImageStim'>, anchor=('center', 'center'), autoLog=True, color=array([1., 1., 1.]), colorSpace='rgb', contrast=1.0, depth=-3.0, draggable=False, flipHoriz=np.False_, flipVert=np.False_, image='default.png', interpolate=True, mask=None, maskParams=None, name='happycow', opacity=1.0, ori=0.0, pos=array([0., 0.]), size=array([0.2, 0.2]), texRes=128.0, units='height', win=Window(...))
37.2140 	EXP 	Created kraft = ImageStim(__class__=<class 'psychopy.visual.image.ImageStim'>, anchor=('center', 'center'), autoLog=True, color=array([1., 1., 1.]), colorSpace='rgb', contrast=1.0, depth=-4.0, draggable=False, flipHoriz=np.False_, flipVert=np.False_, image='default.png', interpolate=True, mask=None, maskParams=None, name='kraft', opacity=1.0, ori=0.0, pos=array([0.3, 0. ]), size=array([0.2, 0.2]), texRes=128.0, units='height', win=Window(...))
37.2219 	EXP 	Created richlife = ImageStim(__class__=<class 'psychopy.visual.image.ImageStim'>, anchor=('center', 'center'), autoLog=True, color=array([1., 1., 1.]), colorSpace='rgb', contrast=1.0, depth=-5.0, draggable=False, flipHoriz=np.False_, flipVert=np.False_, image='default.png', interpolate=True, mask=None, maskParams=None, name='richlife', opacity=1.0, ori=0.0, pos=array([0.6, 0. ]), size=array([0.2, 0.2]), texRes=128.0, units='height', win=Window(...))
39.1431 	EXP 	Created text_2 = TextStim(__class__=<class 'psychopy.visual.text.TextStim'>, alignHoriz=method-wrapper(...), alignText='center', alignVert=method-wrapper(...), anchorHoriz='center', anchorVert='center', antialias=True, autoDraw=False, autoLog=True, bold=False, color=array([1., 1., 1.]), colorSpace='rgb', contrast=1.0, depth=-6.0, draggable=False, flipHoriz=False, flipVert=False, font='Arial', fontFiles=[], height=np.float64(0.02), italic=False, languageStyle='LTR', name='text_2', opacity=1, ori=0.0, pos=array([-0.6, -0.3]), rgb=UNKNOWN, text=str(...), units='height', win=Window(...), wrapWidth=1)
39.1637 	EXP 	Created text_3 = TextStim(__class__=<class 'psychopy.visual.text.TextStim'>, alignHoriz=method-wrapper(...), alignText='center', alignVert=method-wrapper(...), anchorHoriz='center', anchorVert='center', antialias=True, autoDraw=False, autoLog=True, bold=False, color=array([1., 1., 1.]), colorSpace='rgb', contrast=1.0, depth=-7.0, draggable=False, flipHoriz=False, flipVert=False, font='Arial', fontFiles=[], height=np.float64(0.02), italic=False, languageStyle='LTR', name='text_3', opacity=1, ori=0.0, pos=array([-0.3, -0.3]), rgb=UNKNOWN, text='Kothmale Cheddar\n250 g \nRs 1300', units='height', win=Window(...), wrapWidth=1)
39.1945 	EXP 	Created text_4 = TextStim(__class__=<class 'psychopy.visual.text.TextStim'>, alignHoriz=method-wrapper(...), alignText='center', alignVert=method-wrapper(...), anchorHoriz='center', anchorVert='center', antialias=True, autoDraw=False, autoLog=True, bold=False, color=array([1., 1., 1.]), colorSpace='rgb', contrast=1.0, depth=-8.0, draggable=False, flipHoriz=False, flipVert=False, font='Arial', fontFiles=[], height=np.float64(0.02), italic=False, languageStyle='LTR', name='text_4', opacity=1, ori=0.0, pos=array([ 0. , -0.3]), rgb=UNKNOWN, text='HappyCow Cheese\n340 g\nRs 1200', units='height', win=Window(...), wrapWidth=1)
39.2195 	EXP 	Created text_5 = TextStim(__class__=<class 'psychopy.visual.text.TextStim'>, alignHoriz=method-wrapper(...), alignText='center', alignVert=method-wrapper(...), anchorHoriz='center', anchorVert='center', antialias=True, autoDraw=False, autoLog=True, bold=False, color=array([1., 1., 1.]), colorSpace='rgb', contrast=1.0, depth=-9.0, draggable=False, flipHoriz=False, flipVert=False, font='Arial', fontFiles=[], height=np.float64(0.02), italic=False, languageStyle='LTR', name='text_5', opacity=1, ori=0.0, pos=array([ 0.3, -0.3]), rgb=UNKNOWN, text='Kraft Cheddar Cheese\n250 g\nRs 2590', units='height', win=Window(...), wrapWidth=1)
39.2393 	EXP 	Created text_6 = TextStim(__class__=<class 'psychopy.visual.text.TextStim'>, alignHoriz=method-wrapper(...), alignText='center', alignVert=method-wrapper(...), anchorHoriz='center', anchorVert='center', antialias=True, autoDraw=False, autoLog=True, bold=False, color=array([1., 1., 1.]), colorSpace='rgb', contrast=1.0, depth=-10.0, draggable=False, flipHoriz=False, flipVert=False, font='Arial', fontFiles=[], height=np.float64(0.02), italic=False, languageStyle='LTR', name='text_6', opacity=1, ori=0.0, pos=array([ 0.6, -0.3]), rgb=UNKNOWN, text='Rich Life Cheddar Cheese\n100 g\nRs 625', units='height', win=Window(...), wrapWidth=1)
0.9666 	EXP 	eyetracker.setRecordingState(True)
0.9671 	EXP 	eyetracker.setRecordingState(False)
0.9874 	EXP 	ambewela: image = 'ambewelacheese.jpg'
0.9874 	EXP 	kothmale: image = 'kothmale cheese.jpg'
0.9874 	EXP 	happycow: image = 'happycow.jpeg'
0.9874 	EXP 	kraft: image = 'Kraft cheese.jpeg'
0.9874 	EXP 	richlife: image = 'richlifecheese.jpg'
0.9874 	EXP 	text: autoDraw = True
0.9874 	EXP 	ambewela: autoDraw = True
0.9874 	EXP 	kothmale: autoDraw = True
0.9874 	EXP 	happycow: autoDraw = True
0.9874 	EXP 	kraft: autoDraw = True
0.9874 	EXP 	richlife: autoDraw = True
0.9874 	EXP 	text_2: autoDraw = True
0.9874 	EXP 	text_3: autoDraw = True
0.9874 	EXP 	text_4: autoDraw = True
0.9874 	EXP 	text_5: autoDraw = True
0.9874 	EXP 	text_6: autoDraw = True
0.9874 	EXP 	text: height = np.float64(0.05)
0.9874 	EXP 	text: height = np.float64(0.05)
0.9874 	EXP 	text: height = np.float64(0.05)
0.9874 	EXP 	text: text = 'Which one are you going to buy?'
0.9885 	EXP 	eyetracker.setRecordingState(False)
0.9996 	EXP 	text: height = np.float64(0.05)
0.9996 	EXP 	text: height = np.float64(0.05)
0.9996 	EXP 	text: height = np.float64(0.05)
0.9996 	EXP 	text: text = 'Which one are you going to buy?'
1.0007 	EXP 	eyetracker.setRecordingState(False)
1.0122 	EXP 	text: height = np.float64(0.05)
1.0122 	EXP 	text: height = np.float64(0.05)
1.0122 	EXP 	text: height = np.float64(0.05)
1.0122 	EXP 	text: text = 'Which one are you going to buy?'
1.0136 	EXP 	eyetracker.setRecordingState(False)
1.0254 	EXP 	text: height = np.float64(0.05)
1.0254 	EXP 	text: height = np.float64(0.05)
1.0254 	EXP 	text: height = np.float64(0.05)
1.0254 	EXP 	text: text = 'Which one are you going to buy?'
1.0281 	EXP 	eyetracker.setRecordingState(False)
1.4850 	EXP 	text: height = np.float64(0.05)
1.4850 	EXP 	text: height = np.float64(0.05)
1.4850 	EXP 	text: height = np.float64(0.05)
1.4850 	EXP 	text: text = 'Which one are you going to buy?'
1.4869 	EXP 	eyetracker.setRecordingState(False)
1.4971 	EXP 	text: height = np.float64(0.05)
1.4971 	EXP 	text: height = np.float64(0.05)
1.4971 	EXP 	text: height = np.float64(0.05)
1.4971 	EXP 	text: text = 'Which one are you going to buy?'
1.4979 	EXP 	eyetracker.setRecordingState(False)
1.5082 	EXP 	text: height = np.float64(0.05)
1.5082 	EXP 	text: height = np.float64(0.05)
1.5082 	EXP 	text: height = np.float64(0.05)
1.5082 	EXP 	text: text = 'Which one are you going to buy?'
1.5093 	EXP 	eyetracker.setRecordingState(False)
1.5175 	EXP 	text: height = np.float64(0.05)
1.5175 	EXP 	text: height = np.float64(0.05)
1.5175 	EXP 	text: height = np.float64(0.05)
1.5175 	EXP 	text: text = 'Which one are you going to buy?'
1.5183 	EXP 	eyetracker.setRecordingState(False)
1.5251 	EXP 	text: height = np.float64(0.05)
1.5251 	EXP 	text: height = np.float64(0.05)
1.5251 	EXP 	text: height = np.float64(0.05)
1.5251 	EXP 	text: text = 'Which one are you going to buy?'
1.5258 	EXP 	eyetracker.setRecordingState(False)
1.5327 	EXP 	text: height = np.float64(0.05)
1.5327 	EXP 	text: height = np.float64(0.05)
1.5327 	EXP 	text: height = np.float64(0.05)
1.5327 	EXP 	text: text = 'Which one are you going to buy?'
1.5336 	EXP 	eyetracker.setRecordingState(False)
1.5420 	EXP 	text: height = np.float64(0.05)
1.5420 	EXP 	text: height = np.float64(0.05)
1.5420 	EXP 	text: height = np.float64(0.05)
1.5420 	EXP 	text: text = 'Which one are you going to buy?'
1.5429 	EXP 	eyetracker.setRecordingState(False)
1.5505 	EXP 	text: height = np.float64(0.05)
1.5505 	EXP 	text: height = np.float64(0.05)
1.5505 	EXP 	text: height = np.float64(0.05)
1.5505 	EXP 	text: text = 'Which one are you going to buy?'
1.5513 	EXP 	eyetracker.setRecordingState(False)
1.5578 	EXP 	text: height = np.float64(0.05)
1.5578 	EXP 	text: height = np.float64(0.05)
1.5578 	EXP 	text: height = np.float64(0.05)
1.5578 	EXP 	text: text = 'Which one are you going to buy?'
1.5587 	EXP 	eyetracker.setRecordingState(False)
1.5697 	EXP 	text: height = np.float64(0.05)
1.5697 	EXP 	text: height = np.float64(0.05)
1.5697 	EXP 	text: height = np.float64(0.05)
1.5697 	EXP 	text: text = 'Which one are you going to buy?'
1.5706 	EXP 	eyetracker.setRecordingState(False)
1.5804 	EXP 	text: height = np.float64(0.05)
1.5804 	EXP 	text: height = np.float64(0.05)
1.5804 	EXP 	text: height = np.float64(0.05)
1.5804 	EXP 	text: text = 'Which one are you going to buy?'
1.5821 	EXP 	eyetracker.setRecordingState(False)
1.5949 	EXP 	text: height = np.float64(0.05)
1.5949 	EXP 	text: height = np.float64(0.05)
1.5949 	EXP 	text: height = np.float64(0.05)
1.5949 	EXP 	text: text = 'Which one are you going to buy?'
1.5959 	EXP 	eyetracker.setRecordingState(False)
1.6038 	EXP 	text: height = np.float64(0.05)
1.6038 	EXP 	text: height = np.float64(0.05)
1.6038 	EXP 	text: height = np.float64(0.05)
1.6038 	EXP 	text: text = 'Which one are you going to buy?'
1.6046 	EXP 	eyetracker.setRecordingState(False)
1.6138 	EXP 	text: height = np.float64(0.05)
1.6138 	EXP 	text: height = np.float64(0.05)
1.6138 	EXP 	text: height = np.float64(0.05)
1.6138 	EXP 	text: text = 'Which one are you going to buy?'
1.6144 	EXP 	eyetracker.setRecordingState(False)
1.6209 	EXP 	text: height = np.float64(0.05)
1.6209 	EXP 	text: height = np.float64(0.05)
1.6209 	EXP 	text: height = np.float64(0.05)
1.6209 	EXP 	text: text = 'Which one are you going to buy?'
1.6216 	EXP 	eyetracker.setRecordingState(False)
1.6306 	EXP 	text: height = np.float64(0.05)
1.6306 	EXP 	text: height = np.float64(0.05)
1.6306 	EXP 	text: height = np.float64(0.05)
1.6306 	EXP 	text: text = 'Which one are you going to buy?'
1.6313 	EXP 	eyetracker.setRecordingState(False)
1.6385 	EXP 	text: height = np.float64(0.05)
1.6385 	EXP 	text: height = np.float64(0.05)
1.6385 	EXP 	text: height = np.float64(0.05)
1.6385 	EXP 	text: text = 'Which one are you going to buy?'
1.6394 	EXP 	eyetracker.setRecordingState(False)
1.6460 	EXP 	text: height = np.float64(0.05)
1.6460 	EXP 	text: height = np.float64(0.05)
1.6460 	EXP 	text: height = np.float64(0.05)
1.6460 	EXP 	text: text = 'Which one are you going to buy?'
1.6470 	EXP 	eyetracker.setRecordingState(False)
1.6538 	EXP 	text: height = np.float64(0.05)
1.6538 	EXP 	text: height = np.float64(0.05)
1.6538 	EXP 	text: height = np.float64(0.05)
1.6538 	EXP 	text: text = 'Which one are you going to buy?'
1.6545 	EXP 	eyetracker.setRecordingState(False)
1.6610 	EXP 	text: height = np.float64(0.05)
1.6610 	EXP 	text: height = np.float64(0.05)
1.6610 	EXP 	text: height = np.float64(0.05)
1.6610 	EXP 	text: text = 'Which one are you going to buy?'
1.6616 	EXP 	eyetracker.setRecordingState(False)
1.6688 	EXP 	text: height = np.float64(0.05)
1.6688 	EXP 	text: height = np.float64(0.05)
1.6688 	EXP 	text: height = np.float64(0.05)
1.6688 	EXP 	text: text = 'Which one are you going to buy?'
1.6695 	EXP 	eyetracker.setRecordingState(False)
1.6778 	EXP 	text: height = np.float64(0.05)
1.6778 	EXP 	text: height = np.float64(0.05)
1.6778 	EXP 	text: height = np.float64(0.05)
1.6778 	EXP 	text: text = 'Which one are you going to buy?'
1.6786 	EXP 	eyetracker.setRecordingState(False)
1.6862 	EXP 	text: height = np.float64(0.05)
1.6862 	EXP 	text: height = np.float64(0.05)
1.6862 	EXP 	text: height = np.float64(0.05)
1.6862 	EXP 	text: text = 'Which one are you going to buy?'
1.6872 	EXP 	eyetracker.setRecordingState(False)
1.6943 	EXP 	text: height = np.float64(0.05)
1.6943 	EXP 	text: height = np.float64(0.05)
1.6943 	EXP 	text: height = np.float64(0.05)
1.6943 	EXP 	text: text = 'Which one are you going to buy?'
1.6951 	EXP 	eyetracker.setRecordingState(False)
1.7018 	EXP 	text: height = np.float64(0.05)
1.7018 	EXP 	text: height = np.float64(0.05)
1.7018 	EXP 	text: height = np.float64(0.05)
1.7018 	EXP 	text: text = 'Which one are you going to buy?'
1.7025 	EXP 	eyetracker.setRecordingState(False)
1.7107 	EXP 	text: height = np.float64(0.05)
1.7107 	EXP 	text: height = np.float64(0.05)
1.7107 	EXP 	text: height = np.float64(0.05)
1.7107 	EXP 	text: text = 'Which one are you going to buy?'
1.7119 	EXP 	eyetracker.setRecordingState(False)
1.7216 	EXP 	text: height = np.float64(0.05)
1.7216 	EXP 	text: height = np.float64(0.05)
1.7216 	EXP 	text: height = np.float64(0.05)
1.7216 	EXP 	text: text = 'Which one are you going to buy?'
1.7226 	EXP 	eyetracker.setRecordingState(False)
1.7330 	EXP 	text: height = np.float64(0.05)
1.7330 	EXP 	text: height = np.float64(0.05)
1.7330 	EXP 	text: height = np.float64(0.05)
1.7330 	EXP 	text: text = 'Which one are you going to buy?'
1.7339 	EXP 	eyetracker.setRecordingState(False)
1.7417 	EXP 	text: height = np.float64(0.05)
1.7417 	EXP 	text: height = np.float64(0.05)
1.7417 	EXP 	text: height = np.float64(0.05)
1.7417 	EXP 	text: text = 'Which one are you going to buy?'
1.7425 	EXP 	eyetracker.setRecordingState(False)
1.7507 	EXP 	text: height = np.float64(0.05)
1.7507 	EXP 	text: height = np.float64(0.05)
1.7507 	EXP 	text: height = np.float64(0.05)
1.7507 	EXP 	text: text = 'Which one are you going to buy?'
1.7513 	EXP 	eyetracker.setRecordingState(False)
1.7595 	EXP 	text: height = np.float64(0.05)
1.7595 	EXP 	text: height = np.float64(0.05)
1.7595 	EXP 	text: height = np.float64(0.05)
1.7595 	EXP 	text: text = 'Which one are you going to buy?'
1.7603 	EXP 	eyetracker.setRecordingState(False)
1.7685 	EXP 	text: height = np.float64(0.05)
1.7685 	EXP 	text: height = np.float64(0.05)
1.7685 	EXP 	text: height = np.float64(0.05)
1.7685 	EXP 	text: text = 'Which one are you going to buy?'
1.7692 	EXP 	eyetracker.setRecordingState(False)
1.7771 	EXP 	text: height = np.float64(0.05)
1.7771 	EXP 	text: height = np.float64(0.05)
1.7771 	EXP 	text: height = np.float64(0.05)
1.7771 	EXP 	text: text = 'Which one are you going to buy?'
1.7777 	EXP 	eyetracker.setRecordingState(False)
1.7851 	EXP 	text: height = np.float64(0.05)
1.7851 	EXP 	text: height = np.float64(0.05)
1.7851 	EXP 	text: height = np.float64(0.05)
1.7851 	EXP 	text: text = 'Which one are you going to buy?'
1.7859 	EXP 	eyetracker.setRecordingState(False)
1.7950 	EXP 	text: height = np.float64(0.05)
1.7950 	EXP 	text: height = np.float64(0.05)
1.7950 	EXP 	text: height = np.float64(0.05)
1.7950 	EXP 	text: text = 'Which one are you going to buy?'
1.7958 	EXP 	eyetracker.setRecordingState(False)
1.8033 	EXP 	text: height = np.float64(0.05)
1.8033 	EXP 	text: height = np.float64(0.05)
1.8033 	EXP 	text: height = np.float64(0.05)
1.8033 	EXP 	text: text = 'Which one are you going to buy?'
1.8041 	EXP 	eyetracker.setRecordingState(False)
1.8118 	EXP 	text: height = np.float64(0.05)
1.8118 	EXP 	text: height = np.float64(0.05)
1.8118 	EXP 	text: height = np.float64(0.05)
1.8118 	EXP 	text: text = 'Which one are you going to buy?'
1.8125 	EXP 	eyetracker.setRecordingState(False)
1.8206 	EXP 	text: height = np.float64(0.05)
1.8206 	EXP 	text: height = np.float64(0.05)
1.8206 	EXP 	text: height = np.float64(0.05)
1.8206 	EXP 	text: text = 'Which one are you going to buy?'
1.8214 	EXP 	eyetracker.setRecordingState(False)
1.8290 	EXP 	text: height = np.float64(0.05)
1.8290 	EXP 	text: height = np.float64(0.05)
1.8290 	EXP 	text: height = np.float64(0.05)
1.8290 	EXP 	text: text = 'Which one are you going to buy?'
1.8298 	EXP 	eyetracker.setRecordingState(False)
1.8380 	EXP 	text: height = np.float64(0.05)
1.8380 	EXP 	text: height = np.float64(0.05)
1.8380 	EXP 	text: height = np.float64(0.05)
1.8380 	EXP 	text: text = 'Which one are you going to buy?'
1.8390 	EXP 	eyetracker.setRecordingState(False)
1.8466 	EXP 	text: height = np.float64(0.05)
1.8466 	EXP 	text: height = np.float64(0.05)
1.8466 	EXP 	text: height = np.float64(0.05)
1.8466 	EXP 	text: text = 'Which one are you going to buy?'
1.8474 	EXP 	eyetracker.setRecordingState(False)
1.8543 	EXP 	text: height = np.float64(0.05)
1.8543 	EXP 	text: height = np.float64(0.05)
1.8543 	EXP 	text: height = np.float64(0.05)
1.8543 	EXP 	text: text = 'Which one are you going to buy?'
1.8551 	EXP 	eyetracker.setRecordingState(False)
1.8631 	EXP 	text: height = np.float64(0.05)
1.8631 	EXP 	text: height = np.float64(0.05)
1.8631 	EXP 	text: height = np.float64(0.05)
1.8631 	EXP 	text: text = 'Which one are you going to buy?'
1.8638 	EXP 	eyetracker.setRecordingState(False)
1.8719 	EXP 	text: height = np.float64(0.05)
1.8719 	EXP 	text: height = np.float64(0.05)
1.8719 	EXP 	text: height = np.float64(0.05)
1.8719 	EXP 	text: text = 'Which one are you going to buy?'
1.8727 	EXP 	eyetracker.setRecordingState(False)
1.8808 	EXP 	text: height = np.float64(0.05)
1.8808 	EXP 	text: height = np.float64(0.05)
1.8808 	EXP 	text: height = np.float64(0.05)
1.8808 	EXP 	text: text = 'Which one are you going to buy?'
1.8815 	EXP 	eyetracker.setRecordingState(False)
1.8901 	EXP 	text: height = np.float64(0.05)
1.8901 	EXP 	text: height = np.float64(0.05)
1.8901 	EXP 	text: height = np.float64(0.05)
1.8901 	EXP 	text: text = 'Which one are you going to buy?'
1.8909 	EXP 	eyetracker.setRecordingState(False)
1.8990 	EXP 	text: height = np.float64(0.05)
1.8990 	EXP 	text: height = np.float64(0.05)
1.8990 	EXP 	text: height = np.float64(0.05)
1.8990 	EXP 	text: text = 'Which one are you going to buy?'
1.8997 	EXP 	eyetracker.setRecordingState(False)
1.9075 	EXP 	text: height = np.float64(0.05)
1.9075 	EXP 	text: height = np.float64(0.05)
1.9075 	EXP 	text: height = np.float64(0.05)
1.9075 	EXP 	text: text = 'Which one are you going to buy?'
1.9084 	EXP 	eyetracker.setRecordingState(False)
1.9166 	EXP 	text: height = np.float64(0.05)
1.9166 	EXP 	text: height = np.float64(0.05)
1.9166 	EXP 	text: height = np.float64(0.05)
1.9166 	EXP 	text: text = 'Which one are you going to buy?'
1.9174 	EXP 	eyetracker.setRecordingState(False)
1.9257 	EXP 	text: height = np.float64(0.05)
1.9257 	EXP 	text: height = np.float64(0.05)
1.9257 	EXP 	text: height = np.float64(0.05)
1.9257 	EXP 	text: text = 'Which one are you going to buy?'
1.9265 	EXP 	eyetracker.setRecordingState(False)
1.9354 	EXP 	text: height = np.float64(0.05)
1.9354 	EXP 	text: height = np.float64(0.05)
1.9354 	EXP 	text: height = np.float64(0.05)
1.9354 	EXP 	text: text = 'Which one are you going to buy?'
1.9364 	EXP 	eyetracker.setRecordingState(False)
1.9447 	EXP 	text: height = np.float64(0.05)
1.9447 	EXP 	text: height = np.float64(0.05)
1.9447 	EXP 	text: height = np.float64(0.05)
1.9447 	EXP 	text: text = 'Which one are you going to buy?'
1.9456 	EXP 	eyetracker.setRecordingState(False)
1.9559 	EXP 	text: height = np.float64(0.05)
1.9559 	EXP 	text: height = np.float64(0.05)
1.9559 	EXP 	text: height = np.float64(0.05)
1.9559 	EXP 	text: text = 'Which one are you going to buy?'
1.9566 	EXP 	eyetracker.setRecordingState(False)
1.9645 	EXP 	text: height = np.float64(0.05)
1.9645 	EXP 	text: height = np.float64(0.05)
1.9645 	EXP 	text: height = np.float64(0.05)
1.9645 	EXP 	text: text = 'Which one are you going to buy?'
1.9653 	EXP 	eyetracker.setRecordingState(False)
1.9736 	EXP 	text: height = np.float64(0.05)
1.9736 	EXP 	text: height = np.float64(0.05)
1.9736 	EXP 	text: height = np.float64(0.05)
1.9736 	EXP 	text: text = 'Which one are you going to buy?'
1.9746 	EXP 	eyetracker.setRecordingState(False)
1.9836 	EXP 	text: height = np.float64(0.05)
1.9836 	EXP 	text: height = np.float64(0.05)
1.9836 	EXP 	text: height = np.float64(0.05)
1.9836 	EXP 	text: text = 'Which one are you going to buy?'
1.9844 	EXP 	eyetracker.setRecordingState(False)
1.9922 	EXP 	text: height = np.float64(0.05)
1.9922 	EXP 	text: height = np.float64(0.05)
1.9922 	EXP 	text: height = np.float64(0.05)
1.9922 	EXP 	text: text = 'Which one are you going to buy?'
1.9930 	EXP 	eyetracker.setRecordingState(False)
2.0030 	EXP 	text: height = np.float64(0.05)
2.0030 	EXP 	text: height = np.float64(0.05)
2.0030 	EXP 	text: height = np.float64(0.05)
2.0030 	EXP 	text: text = 'Which one are you going to buy?'
2.0037 	EXP 	eyetracker.setRecordingState(False)
2.0126 	EXP 	text: height = np.float64(0.05)
2.0126 	EXP 	text: height = np.float64(0.05)
2.0126 	EXP 	text: height = np.float64(0.05)
2.0126 	EXP 	text: text = 'Which one are you going to buy?'
2.0135 	EXP 	eyetracker.setRecordingState(False)
2.0218 	EXP 	text: height = np.float64(0.05)
2.0218 	EXP 	text: height = np.float64(0.05)
2.0218 	EXP 	text: height = np.float64(0.05)
2.0218 	EXP 	text: text = 'Which one are you going to buy?'
2.0226 	EXP 	eyetracker.setRecordingState(False)
2.0304 	EXP 	text: height = np.float64(0.05)
2.0304 	EXP 	text: height = np.float64(0.05)
2.0304 	EXP 	text: height = np.float64(0.05)
2.0304 	EXP 	text: text = 'Which one are you going to buy?'
2.0314 	EXP 	eyetracker.setRecordingState(False)
2.0422 	EXP 	text: height = np.float64(0.05)
2.0422 	EXP 	text: height = np.float64(0.05)
2.0422 	EXP 	text: height = np.float64(0.05)
2.0422 	EXP 	text: text = 'Which one are you going to buy?'
2.0430 	EXP 	eyetracker.setRecordingState(False)
2.0524 	EXP 	text: height = np.float64(0.05)
2.0524 	EXP 	text: height = np.float64(0.05)
2.0524 	EXP 	text: height = np.float64(0.05)
2.0524 	EXP 	text: text = 'Which one are you going to buy?'
2.0536 	EXP 	eyetracker.setRecordingState(False)
2.0640 	EXP 	text: height = np.float64(0.05)
2.0640 	EXP 	text: height = np.float64(0.05)
2.0640 	EXP 	text: height = np.float64(0.05)
2.0640 	EXP 	text: text = 'Which one are you going to buy?'
2.0650 	EXP 	eyetracker.setRecordingState(False)
2.0745 	EXP 	text: height = np.float64(0.05)
2.0745 	EXP 	text: height = np.float64(0.05)
2.0745 	EXP 	text: height = np.float64(0.05)
2.0745 	EXP 	text: text = 'Which one are you going to buy?'
2.0758 	EXP 	eyetracker.setRecordingState(False)
2.0837 	EXP 	text: height = np.float64(0.05)
2.0837 	EXP 	text: height = np.float64(0.05)
2.0837 	EXP 	text: height = np.float64(0.05)
2.0837 	EXP 	text: text = 'Which one are you going to buy?'
2.0844 	EXP 	eyetracker.setRecordingState(False)
2.0922 	EXP 	text: height = np.float64(0.05)
2.0922 	EXP 	text: height = np.float64(0.05)
2.0922 	EXP 	text: height = np.float64(0.05)
2.0922 	EXP 	text: text = 'Which one are you going to buy?'
2.0930 	EXP 	eyetracker.setRecordingState(False)
2.1014 	EXP 	text: height = np.float64(0.05)
2.1014 	EXP 	text: height = np.float64(0.05)
2.1014 	EXP 	text: height = np.float64(0.05)
2.1014 	EXP 	text: text = 'Which one are you going to buy?'
2.1022 	EXP 	eyetracker.setRecordingState(False)
2.1100 	EXP 	text: height = np.float64(0.05)
2.1100 	EXP 	text: height = np.float64(0.05)
2.1100 	EXP 	text: height = np.float64(0.05)
2.1100 	EXP 	text: text = 'Which one are you going to buy?'
2.1110 	EXP 	eyetracker.setRecordingState(False)
2.1183 	EXP 	text: height = np.float64(0.05)
2.1183 	EXP 	text: height = np.float64(0.05)
2.1183 	EXP 	text: height = np.float64(0.05)
2.1183 	EXP 	text: text = 'Which one are you going to buy?'
2.1190 	EXP 	eyetracker.setRecordingState(False)
2.1287 	EXP 	text: height = np.float64(0.05)
2.1287 	EXP 	text: height = np.float64(0.05)
2.1287 	EXP 	text: height = np.float64(0.05)
2.1287 	EXP 	text: text = 'Which one are you going to buy?'
2.1297 	EXP 	eyetracker.setRecordingState(False)
2.1388 	EXP 	text: height = np.float64(0.05)
2.1388 	EXP 	text: height = np.float64(0.05)
2.1388 	EXP 	text: height = np.float64(0.05)
2.1388 	EXP 	text: text = 'Which one are you going to buy?'
2.1397 	EXP 	eyetracker.setRecordingState(False)
2.1496 	EXP 	text: height = np.float64(0.05)
2.1496 	EXP 	text: height = np.float64(0.05)
2.1496 	EXP 	text: height = np.float64(0.05)
2.1496 	EXP 	text: text = 'Which one are you going to buy?'
2.1506 	EXP 	eyetracker.setRecordingState(False)
2.1606 	EXP 	text: height = np.float64(0.05)
2.1606 	EXP 	text: height = np.float64(0.05)
2.1606 	EXP 	text: height = np.float64(0.05)
2.1606 	EXP 	text: text = 'Which one are you going to buy?'
2.1617 	EXP 	eyetracker.setRecordingState(False)
2.1733 	EXP 	text: height = np.float64(0.05)
2.1733 	EXP 	text: height = np.float64(0.05)
2.1733 	EXP 	text: height = np.float64(0.05)
2.1733 	EXP 	text: text = 'Which one are you going to buy?'
2.1743 	EXP 	eyetracker.setRecordingState(False)
2.1853 	EXP 	text: height = np.float64(0.05)
2.1853 	EXP 	text: height = np.float64(0.05)
2.1853 	EXP 	text: height = np.float64(0.05)
2.1853 	EXP 	text: text = 'Which one are you going to buy?'
2.1862 	EXP 	eyetracker.setRecordingState(False)
2.1968 	EXP 	text: height = np.float64(0.05)
2.1968 	EXP 	text: height = np.float64(0.05)
2.1968 	EXP 	text: height = np.float64(0.05)
2.1968 	EXP 	text: text = 'Which one are you going to buy?'
2.1977 	EXP 	eyetracker.setRecordingState(False)
2.2058 	EXP 	text: height = np.float64(0.05)
2.2058 	EXP 	text: height = np.float64(0.05)
2.2058 	EXP 	text: height = np.float64(0.05)
2.2058 	EXP 	text: text = 'Which one are you going to buy?'
2.2068 	EXP 	eyetracker.setRecordingState(False)
2.2184 	EXP 	text: height = np.float64(0.05)
2.2184 	EXP 	text: height = np.float64(0.05)
2.2184 	EXP 	text: height = np.float64(0.05)
2.2184 	EXP 	text: text = 'Which one are you going to buy?'
2.2192 	EXP 	eyetracker.setRecordingState(False)
2.2309 	EXP 	text: height = np.float64(0.05)
2.2309 	EXP 	text: height = np.float64(0.05)
2.2309 	EXP 	text: height = np.float64(0.05)
2.2309 	EXP 	text: text = 'Which one are you going to buy?'
2.2318 	EXP 	eyetracker.setRecordingState(False)
2.2387 	EXP 	text: height = np.float64(0.05)
2.2387 	EXP 	text: height = np.float64(0.05)
2.2387 	EXP 	text: height = np.float64(0.05)
2.2387 	EXP 	text: text = 'Which one are you going to buy?'
2.2394 	EXP 	eyetracker.setRecordingState(False)
2.2465 	EXP 	text: height = np.float64(0.05)
2.2465 	EXP 	text: height = np.float64(0.05)
2.2465 	EXP 	text: height = np.float64(0.05)
2.2465 	EXP 	text: text = 'Which one are you going to buy?'
2.2473 	EXP 	eyetracker.setRecordingState(False)
2.2558 	EXP 	text: height = np.float64(0.05)
2.2558 	EXP 	text: height = np.float64(0.05)
2.2558 	EXP 	text: height = np.float64(0.05)
2.2558 	EXP 	text: text = 'Which one are you going to buy?'
2.2564 	EXP 	eyetracker.setRecordingState(False)
2.2637 	EXP 	text: height = np.float64(0.05)
2.2637 	EXP 	text: height = np.float64(0.05)
2.2637 	EXP 	text: height = np.float64(0.05)
2.2637 	EXP 	text: text = 'Which one are you going to buy?'
2.2643 	EXP 	eyetracker.setRecordingState(False)
2.2708 	EXP 	text: height = np.float64(0.05)
2.2708 	EXP 	text: height = np.float64(0.05)
2.2708 	EXP 	text: height = np.float64(0.05)
2.2708 	EXP 	text: text = 'Which one are you going to buy?'
2.2715 	EXP 	eyetracker.setRecordingState(False)
2.2795 	EXP 	text: height = np.float64(0.05)
2.2795 	EXP 	text: height = np.float64(0.05)
2.2795 	EXP 	text: height = np.float64(0.05)
2.2795 	EXP 	text: text = 'Which one are you going to buy?'
2.2801 	EXP 	eyetracker.setRecordingState(False)
2.2871 	EXP 	text: height = np.float64(0.05)
2.2871 	EXP 	text: height = np.float64(0.05)
2.2871 	EXP 	text: height = np.float64(0.05)
2.2871 	EXP 	text: text = 'Which one are you going to buy?'
2.2882 	EXP 	eyetracker.setRecordingState(False)
2.2950 	EXP 	text: height = np.float64(0.05)
2.2950 	EXP 	text: height = np.float64(0.05)
2.2950 	EXP 	text: height = np.float64(0.05)
2.2950 	EXP 	text: text = 'Which one are you going to buy?'
2.9768 	EXP 	eyetracker.setRecordingState(False)
2.9855 	EXP 	text: height = np.float64(0.05)
2.9855 	EXP 	text: height = np.float64(0.05)
2.9855 	EXP 	text: height = np.float64(0.05)
2.9855 	EXP 	text: text = 'Which one are you going to buy?'
2.9862 	EXP 	eyetracker.setRecordingState(False)
2.9953 	EXP 	text: height = np.float64(0.05)
2.9953 	EXP 	text: height = np.float64(0.05)
2.9953 	EXP 	text: height = np.float64(0.05)
2.9953 	EXP 	text: text = 'Which one are you going to buy?'
2.9963 	EXP 	eyetracker.setRecordingState(False)
3.0043 	EXP 	text: height = np.float64(0.05)
3.0043 	EXP 	text: height = np.float64(0.05)
3.0043 	EXP 	text: height = np.float64(0.05)
3.0043 	EXP 	text: text = 'Which one are you going to buy?'
3.0053 	EXP 	eyetracker.setRecordingState(False)
3.0128 	EXP 	text: height = np.float64(0.05)
3.0128 	EXP 	text: height = np.float64(0.05)
3.0128 	EXP 	text: height = np.float64(0.05)
3.0128 	EXP 	text: text = 'Which one are you going to buy?'
3.0141 	EXP 	eyetracker.setRecordingState(False)
3.0225 	EXP 	text: height = np.float64(0.05)
3.0225 	EXP 	text: height = np.float64(0.05)
3.0225 	EXP 	text: height = np.float64(0.05)
3.0225 	EXP 	text: text = 'Which one are you going to buy?'
3.0234 	EXP 	eyetracker.setRecordingState(False)
3.0329 	EXP 	text: height = np.float64(0.05)
3.0329 	EXP 	text: height = np.float64(0.05)
3.0329 	EXP 	text: height = np.float64(0.05)
3.0329 	EXP 	text: text = 'Which one are you going to buy?'
3.0342 	EXP 	eyetracker.setRecordingState(False)
3.0412 	EXP 	text: height = np.float64(0.05)
3.0412 	EXP 	text: height = np.float64(0.05)
3.0412 	EXP 	text: height = np.float64(0.05)
3.0412 	EXP 	text: text = 'Which one are you going to buy?'
3.0422 	EXP 	eyetracker.setRecordingState(False)
3.0507 	EXP 	text: height = np.float64(0.05)
3.0507 	EXP 	text: height = np.float64(0.05)
3.0507 	EXP 	text: height = np.float64(0.05)
3.0507 	EXP 	text: text = 'Which one are you going to buy?'
3.0521 	EXP 	eyetracker.setRecordingState(False)
3.0667 	EXP 	text: height = np.float64(0.05)
3.0667 	EXP 	text: height = np.float64(0.05)
3.0667 	EXP 	text: height = np.float64(0.05)
3.0667 	EXP 	text: text = 'Which one are you going to buy?'
3.1340 	EXP 	eyetracker.setRecordingState(False)
3.1832 	EXP 	text: height = np.float64(0.05)
3.1832 	EXP 	text: height = np.float64(0.05)
3.1832 	EXP 	text: height = np.float64(0.05)
3.1832 	EXP 	text: text = 'Which one are you going to buy?'
3.2106 	EXP 	eyetracker.setRecordingState(False)
3.2225 	EXP 	text: height = np.float64(0.05)
3.2225 	EXP 	text: height = np.float64(0.05)
3.2225 	EXP 	text: height = np.float64(0.05)
3.2225 	EXP 	text: text = 'Which one are you going to buy?'
3.2239 	EXP 	eyetracker.setRecordingState(False)
3.2397 	EXP 	text: height = np.float64(0.05)
3.2397 	EXP 	text: height = np.float64(0.05)
3.2397 	EXP 	text: height = np.float64(0.05)
3.2397 	EXP 	text: text = 'Which one are you going to buy?'
3.2412 	EXP 	eyetracker.setRecordingState(False)
3.2508 	EXP 	text: height = np.float64(0.05)
3.2508 	EXP 	text: height = np.float64(0.05)
3.2508 	EXP 	text: height = np.float64(0.05)
3.2508 	EXP 	text: text = 'Which one are you going to buy?'
3.2520 	EXP 	eyetracker.setRecordingState(False)
3.2624 	EXP 	text: height = np.float64(0.05)
3.2624 	EXP 	text: height = np.float64(0.05)
3.2624 	EXP 	text: height = np.float64(0.05)
3.2624 	EXP 	text: text = 'Which one are you going to buy?'
3.2635 	EXP 	eyetracker.setRecordingState(False)
3.2721 	EXP 	text: height = np.float64(0.05)
3.2721 	EXP 	text: height = np.float64(0.05)
3.2721 	EXP 	text: height = np.float64(0.05)
3.2721 	EXP 	text: text = 'Which one are you going to buy?'
3.2732 	EXP 	eyetracker.setRecordingState(False)
3.2877 	EXP 	text: height = np.float64(0.05)
3.2877 	EXP 	text: height = np.float64(0.05)
3.2877 	EXP 	text: height = np.float64(0.05)
3.2877 	EXP 	text: text = 'Which one are you going to buy?'
3.2884 	EXP 	eyetracker.setRecordingState(False)
3.2953 	EXP 	text: height = np.float64(0.05)
3.2953 	EXP 	text: height = np.float64(0.05)
3.2953 	EXP 	text: height = np.float64(0.05)
3.2953 	EXP 	text: text = 'Which one are you going to buy?'
3.2960 	EXP 	eyetracker.setRecordingState(False)
3.3041 	EXP 	text: height = np.float64(0.05)
3.3041 	EXP 	text: height = np.float64(0.05)
3.3041 	EXP 	text: height = np.float64(0.05)
3.3041 	EXP 	text: text = 'Which one are you going to buy?'
3.3049 	EXP 	eyetracker.setRecordingState(False)
3.3159 	EXP 	text: height = np.float64(0.05)
3.3159 	EXP 	text: height = np.float64(0.05)
3.3159 	EXP 	text: height = np.float64(0.05)
3.3159 	EXP 	text: text = 'Which one are you going to buy?'
3.3167 	EXP 	eyetracker.setRecordingState(False)
3.3259 	EXP 	text: height = np.float64(0.05)
3.3259 	EXP 	text: height = np.float64(0.05)
3.3259 	EXP 	text: height = np.float64(0.05)
3.3259 	EXP 	text: text = 'Which one are you going to buy?'
3.3267 	EXP 	eyetracker.setRecordingState(False)
3.3366 	EXP 	text: height = np.float64(0.05)
3.3366 	EXP 	text: height = np.float64(0.05)
3.3366 	EXP 	text: height = np.float64(0.05)
3.3366 	EXP 	text: text = 'Which one are you going to buy?'
3.3379 	EXP 	eyetracker.setRecordingState(False)
3.3505 	EXP 	text: height = np.float64(0.05)
3.3505 	EXP 	text: height = np.float64(0.05)
3.3505 	EXP 	text: height = np.float64(0.05)
3.3505 	EXP 	text: text = 'Which one are you going to buy?'
3.3519 	EXP 	eyetracker.setRecordingState(False)
3.3610 	EXP 	text: height = np.float64(0.05)
3.3610 	EXP 	text: height = np.float64(0.05)
3.3610 	EXP 	text: height = np.float64(0.05)
3.3610 	EXP 	text: text = 'Which one are you going to buy?'
3.3618 	EXP 	eyetracker.setRecordingState(False)
3.3714 	EXP 	text: height = np.float64(0.05)
3.3714 	EXP 	text: height = np.float64(0.05)
3.3714 	EXP 	text: height = np.float64(0.05)
3.3714 	EXP 	text: text = 'Which one are you going to buy?'
3.3723 	EXP 	eyetracker.setRecordingState(False)
3.3820 	EXP 	text: height = np.float64(0.05)
3.3820 	EXP 	text: height = np.float64(0.05)
3.3820 	EXP 	text: height = np.float64(0.05)
3.3820 	EXP 	text: text = 'Which one are you going to buy?'
3.3829 	EXP 	eyetracker.setRecordingState(False)
3.3935 	EXP 	text: height = np.float64(0.05)
3.3935 	EXP 	text: height = np.float64(0.05)
3.3935 	EXP 	text: height = np.float64(0.05)
3.3935 	EXP 	text: text = 'Which one are you going to buy?'
3.3949 	EXP 	eyetracker.setRecordingState(False)
3.4025 	EXP 	text: height = np.float64(0.05)
3.4025 	EXP 	text: height = np.float64(0.05)
3.4025 	EXP 	text: height = np.float64(0.05)
3.4025 	EXP 	text: text = 'Which one are you going to buy?'
3.4034 	EXP 	eyetracker.setRecordingState(False)
3.4133 	EXP 	text: height = np.float64(0.05)
3.4133 	EXP 	text: height = np.float64(0.05)
3.4133 	EXP 	text: height = np.float64(0.05)
3.4133 	EXP 	text: text = 'Which one are you going to buy?'
3.4139 	EXP 	eyetracker.setRecordingState(False)
3.4227 	EXP 	text: height = np.float64(0.05)
3.4227 	EXP 	text: height = np.float64(0.05)
3.4227 	EXP 	text: height = np.float64(0.05)
3.4227 	EXP 	text: text = 'Which one are you going to buy?'
3.4238 	EXP 	eyetracker.setRecordingState(False)
3.4309 	EXP 	text: height = np.float64(0.05)
3.4309 	EXP 	text: height = np.float64(0.05)
3.4309 	EXP 	text: height = np.float64(0.05)
3.4309 	EXP 	text: text = 'Which one are you going to buy?'
3.4317 	EXP 	eyetracker.setRecordingState(False)
3.4385 	EXP 	text: height = np.float64(0.05)
3.4385 	EXP 	text: height = np.float64(0.05)
3.4385 	EXP 	text: height = np.float64(0.05)
3.4385 	EXP 	text: text = 'Which one are you going to buy?'
3.4392 	EXP 	eyetracker.setRecordingState(False)
3.4487 	EXP 	text: height = np.float64(0.05)
3.4487 	EXP 	text: height = np.float64(0.05)
3.4487 	EXP 	text: height = np.float64(0.05)
3.4487 	EXP 	text: text = 'Which one are you going to buy?'
3.4494 	EXP 	eyetracker.setRecordingState(False)
3.4578 	EXP 	text: height = np.float64(0.05)
3.4578 	EXP 	text: height = np.float64(0.05)
3.4578 	EXP 	text: height = np.float64(0.05)
3.4578 	EXP 	text: text = 'Which one are you going to buy?'
3.4589 	EXP 	eyetracker.setRecordingState(False)
3.4667 	EXP 	text: height = np.float64(0.05)
3.4667 	EXP 	text: height = np.float64(0.05)
3.4667 	EXP 	text: height = np.float64(0.05)
3.4667 	EXP 	text: text = 'Which one are you going to buy?'
3.4680 	EXP 	eyetracker.setRecordingState(False)
3.4764 	EXP 	text: height = np.float64(0.05)
3.4764 	EXP 	text: height = np.float64(0.05)
3.4764 	EXP 	text: height = np.float64(0.05)
3.4764 	EXP 	text: text = 'Which one are you going to buy?'
3.4772 	EXP 	eyetracker.setRecordingState(False)
3.4849 	EXP 	text: height = np.float64(0.05)
3.4849 	EXP 	text: height = np.float64(0.05)
3.4849 	EXP 	text: height = np.float64(0.05)
3.4849 	EXP 	text: text = 'Which one are you going to buy?'
3.4860 	EXP 	eyetracker.setRecordingState(False)
3.4958 	EXP 	text: height = np.float64(0.05)
3.4958 	EXP 	text: height = np.float64(0.05)
3.4958 	EXP 	text: height = np.float64(0.05)
3.4958 	EXP 	text: text = 'Which one are you going to buy?'
3.4966 	EXP 	eyetracker.setRecordingState(False)
3.5039 	EXP 	text: height = np.float64(0.05)
3.5039 	EXP 	text: height = np.float64(0.05)
3.5039 	EXP 	text: height = np.float64(0.05)
3.5039 	EXP 	text: text = 'Which one are you going to buy?'
3.5051 	EXP 	eyetracker.setRecordingState(False)
3.5143 	EXP 	text: height = np.float64(0.05)
3.5143 	EXP 	text: height = np.float64(0.05)
3.5143 	EXP 	text: height = np.float64(0.05)
3.5143 	EXP 	text: text = 'Which one are you going to buy?'
3.5152 	EXP 	eyetracker.setRecordingState(False)
3.5236 	EXP 	text: height = np.float64(0.05)
3.5236 	EXP 	text: height = np.float64(0.05)
3.5236 	EXP 	text: height = np.float64(0.05)
3.5236 	EXP 	text: text = 'Which one are you going to buy?'
3.5246 	EXP 	eyetracker.setRecordingState(False)
3.5339 	EXP 	text: height = np.float64(0.05)
3.5339 	EXP 	text: height = np.float64(0.05)
3.5339 	EXP 	text: height = np.float64(0.05)
3.5339 	EXP 	text: text = 'Which one are you going to buy?'
3.5347 	EXP 	eyetracker.setRecordingState(False)
3.5419 	EXP 	text: height = np.float64(0.05)
3.5419 	EXP 	text: height = np.float64(0.05)
3.5419 	EXP 	text: height = np.float64(0.05)
3.5419 	EXP 	text: text = 'Which one are you going to buy?'
3.5427 	EXP 	eyetracker.setRecordingState(False)
3.5497 	EXP 	text: height = np.float64(0.05)
3.5497 	EXP 	text: height = np.float64(0.05)
3.5497 	EXP 	text: height = np.float64(0.05)
3.5497 	EXP 	text: text = 'Which one are you going to buy?'
3.5507 	EXP 	eyetracker.setRecordingState(False)
3.5586 	EXP 	text: height = np.float64(0.05)
3.5586 	EXP 	text: height = np.float64(0.05)
3.5586 	EXP 	text: height = np.float64(0.05)
3.5586 	EXP 	text: text = 'Which one are you going to buy?'
3.5597 	EXP 	eyetracker.setRecordingState(False)
3.5678 	EXP 	text: height = np.float64(0.05)
3.5678 	EXP 	text: height = np.float64(0.05)
3.5678 	EXP 	text: height = np.float64(0.05)
3.5678 	EXP 	text: text = 'Which one are you going to buy?'
3.5686 	EXP 	eyetracker.setRecordingState(False)
3.5767 	EXP 	text: height = np.float64(0.05)
3.5767 	EXP 	text: height = np.float64(0.05)
3.5767 	EXP 	text: height = np.float64(0.05)
3.5767 	EXP 	text: text = 'Which one are you going to buy?'
3.5775 	EXP 	eyetracker.setRecordingState(False)
3.5844 	EXP 	text: height = np.float64(0.05)
3.5844 	EXP 	text: height = np.float64(0.05)
3.5844 	EXP 	text: height = np.float64(0.05)
3.5844 	EXP 	text: text = 'Which one are you going to buy?'
3.5851 	EXP 	eyetracker.setRecordingState(False)
3.5944 	EXP 	text: height = np.float64(0.05)
3.5944 	EXP 	text: height = np.float64(0.05)
3.5944 	EXP 	text: height = np.float64(0.05)
3.5944 	EXP 	text: text = 'Which one are you going to buy?'
3.5953 	EXP 	eyetracker.setRecordingState(False)
3.6028 	EXP 	text: height = np.float64(0.05)
3.6028 	EXP 	text: height = np.float64(0.05)
3.6028 	EXP 	text: height = np.float64(0.05)
3.6028 	EXP 	text: text = 'Which one are you going to buy?'
3.6036 	EXP 	eyetracker.setRecordingState(False)
3.6103 	EXP 	text: height = np.float64(0.05)
3.6103 	EXP 	text: height = np.float64(0.05)
3.6103 	EXP 	text: height = np.float64(0.05)
3.6103 	EXP 	text: text = 'Which one are you going to buy?'
3.6110 	EXP 	eyetracker.setRecordingState(False)
3.6185 	EXP 	text: height = np.float64(0.05)
3.6185 	EXP 	text: height = np.float64(0.05)
3.6185 	EXP 	text: height = np.float64(0.05)
3.6185 	EXP 	text: text = 'Which one are you going to buy?'
3.6192 	EXP 	eyetracker.setRecordingState(False)
3.6259 	EXP 	text: height = np.float64(0.05)
3.6259 	EXP 	text: height = np.float64(0.05)
3.6259 	EXP 	text: height = np.float64(0.05)
3.6259 	EXP 	text: text = 'Which one are you going to buy?'
3.6266 	EXP 	eyetracker.setRecordingState(False)
3.6339 	EXP 	text: height = np.float64(0.05)
3.6339 	EXP 	text: height = np.float64(0.05)
3.6339 	EXP 	text: height = np.float64(0.05)
3.6339 	EXP 	text: text = 'Which one are you going to buy?'
3.6345 	EXP 	eyetracker.setRecordingState(False)
3.6419 	EXP 	text: height = np.float64(0.05)
3.6419 	EXP 	text: height = np.float64(0.05)
3.6419 	EXP 	text: height = np.float64(0.05)
3.6419 	EXP 	text: text = 'Which one are you going to buy?'
3.6426 	EXP 	eyetracker.setRecordingState(False)
3.6498 	EXP 	text: height = np.float64(0.05)
3.6498 	EXP 	text: height = np.float64(0.05)
3.6498 	EXP 	text: height = np.float64(0.05)
3.6498 	EXP 	text: text = 'Which one are you going to buy?'
3.6504 	EXP 	eyetracker.setRecordingState(False)
3.6568 	DATA 	Mouse: Left button down, pos=(704,600)
3.6591 	EXP 	text: height = np.float64(0.05)
3.6591 	EXP 	text: height = np.float64(0.05)
3.6591 	EXP 	text: height = np.float64(0.05)
3.6591 	EXP 	text: text = 'Which one are you going to buy?'
3.6604 	EXP 	eyetracker.setRecordingState(False)
3.6627 	EXP 	text: autoDraw = False
3.6627 	EXP 	ambewela: autoDraw = False
3.6627 	EXP 	kothmale: autoDraw = False
3.6627 	EXP 	happycow: autoDraw = False
3.6627 	EXP 	kraft: autoDraw = False
3.6627 	EXP 	richlife: autoDraw = False
3.6627 	EXP 	text_2: autoDraw = False
3.6627 	EXP 	text_3: autoDraw = False
3.6627 	EXP 	text_4: autoDraw = False
3.6627 	EXP 	text_5: autoDraw = False
3.6627 	EXP 	text_6: autoDraw = False
3.6628 	EXP 	Cheese: status = STOPPED
3.6756 	INFO 	saved data to 'C:\\Users\\M S I\\OneDrive\\Documents\\GitHub\\Research-Project\\data\\241231_Cheese_2026-01-02_19h32.12.016.csv'
3.6767 	INFO 	saved data to C:\Users\M S I\OneDrive\Documents\GitHub\Research-Project\data\241231_Cheese_2026-01-02_19h32.12.016.psydat
5.5241 	WARNING 	Stopping key buffers but this could be dangerous ifother keyboards rely on the same.
