223.4824 	INFO 	Loaded monitor calibration from ['2025_12_23 12:18']
223.5627 	WARNING 	User requested fullscreen with size [1024  768], but screen is actually [1920, 1080]. Using actual size
227.8725 	INFO 	Using renderer 'Intel(R) UHD Graphics' for graphics
227.8726 	INFO 	OpenGL version supported by driver is 4..
227.9308 	EXP 	Created window1 = Window(allowGUI=True, allowStencil=False, autoLog=True, backendConf=UNKNOWN, backgroundFit=<method-wrapper '__getattribute__' of attributeSetter object at 0x00000212B5ECC7F0>, backgroundImage=<method-wrapper '__getattribute__' of attributeSetter object at 0x00000212B4486680>, bitsMode=UNKNOWN, blendMode='avg', bpc=(8, 8, 8), color=array([-1., -1., -1.]), colorSpace='rgb', depthBits=8, fullscr=True, gamma=None, gammaErrorPolicy='raise', infoMsg=UNKNOWN, lms=UNKNOWN, monitor=<psychopy.monitors.calibTools.Monitor object at 0x00000212BD7B2980>, multiSample=False, name='window1', numSamples=2, pos=[np.float64(0.0), np.float64(0.0)], screen=0, size=array([1920, 1080]), stencilBits=0, stereo=False, title='PsychoPy', units='height', useFBO=True, useRetina=False, viewOri=0.0, viewPos=None, viewScale=None, waitBlanking=True, winType='pyglet')
227.9309 	EXP 	window1: backgroundImage = ''
227.9309 	EXP 	window1: backgroundFit = 'none'
228.5489 	EXP 	window1: Attempting to measure frame rate of screen (0) ...
228.5490 	EXP 	window1: recordFrameIntervals = False
228.6220 	EXP 	window1: recordFrameIntervals = True
229.0322 	EXP 	Screen (0) actual frame rate measured at 90.60Hz
229.0323 	EXP 	window1: recordFrameIntervals = False
250.7377 	INFO 	keyboard.Keyboard is using ptb backend.
250.7378 	EXP 	Cheese: status = STARTED
251.4752 	EXP 	Created text = TextStim(__class__=<class 'psychopy.visual.text.TextStim'>, alignHoriz=method-wrapper(...), alignText='center', alignVert=method-wrapper(...), anchorHoriz='center', anchorVert='center', antialias=True, autoDraw=False, autoLog=True, bold=False, color=array([1., 1., 1.]), colorSpace='rgb', contrast=1.0, depth=0.0, draggable=False, flipHoriz=False, flipVert=False, font='Arial', fontFiles=[], height=0.05, italic=False, languageStyle='LTR', name='text', opacity=1, ori=0.0, pos=array([0. , 0.3]), rgb=UNKNOWN, text='', units='height', win=Window(...), wrapWidth=1)
251.6367 	EXP 	Created ambewela = ImageStim(__class__=<class 'psychopy.visual.image.ImageStim'>, anchor=('center', 'center'), autoLog=True, color=array([1., 1., 1.]), colorSpace='rgb', contrast=1.0, depth=-1.0, draggable=False, flipHoriz=np.False_, flipVert=np.False_, image='ambewelacheese.jpg', interpolate=True, mask=None, maskParams=None, name='ambewela', opacity=1.0, ori=0.0, pos=array([-0.6,  0. ]), size=array([0.2, 0.2]), texRes=128.0, units='height', win=Window(...))
251.7043 	EXP 	Created kothmale = ImageStim(__class__=<class 'psychopy.visual.image.ImageStim'>, anchor=('center', 'center'), autoLog=True, color=array([1., 1., 1.]), colorSpace='rgb', contrast=1.0, depth=-2.0, draggable=False, flipHoriz=np.False_, flipVert=np.False_, image='kothmale cheese.jpg', interpolate=True, mask=None, maskParams=None, name='kothmale', opacity=1.0, ori=0.0, pos=array([-0.3,  0. ]), size=array([0.2, 0.2]), texRes=128.0, units='height', win=Window(...))
251.7566 	EXP 	Created happycow = ImageStim(__class__=<class 'psychopy.visual.image.ImageStim'>, anchor=('center', 'center'), autoLog=True, color=array([1., 1., 1.]), colorSpace='rgb', contrast=1.0, depth=-3.0, draggable=False, flipHoriz=np.False_, flipVert=np.False_, image='happycow.jpeg', interpolate=True, mask=None, maskParams=None, name='happycow', opacity=1.0, ori=0.0, pos=array([0., 0.]), size=array([0.2, 0.2]), texRes=128.0, units='height', win=Window(...))
251.8413 	EXP 	Created kraft = ImageStim(__class__=<class 'psychopy.visual.image.ImageStim'>, anchor=('center', 'center'), autoLog=True, color=array([1., 1., 1.]), colorSpace='rgb', contrast=1.0, depth=-4.0, draggable=False, flipHoriz=np.False_, flipVert=np.False_, image='Kraft cheese.jpeg', interpolate=True, mask=None, maskParams=None, name='kraft', opacity=1.0, ori=0.0, pos=array([0.3, 0. ]), size=array([0.2, 0.2]), texRes=128.0, units='height', win=Window(...))
251.9292 	EXP 	Created richlife = ImageStim(__class__=<class 'psychopy.visual.image.ImageStim'>, anchor=('center', 'center'), autoLog=True, color=array([1., 1., 1.]), colorSpace='rgb', contrast=1.0, depth=-5.0, draggable=False, flipHoriz=np.False_, flipVert=np.False_, image='richlifecheese.jpg', interpolate=True, mask=None, maskParams=None, name='richlife', opacity=1.0, ori=0.0, pos=array([0.6, 0. ]), size=array([0.2, 0.2]), texRes=128.0, units='height', win=Window(...))
253.5210 	EXP 	Created text_2 = TextStim(__class__=<class 'psychopy.visual.text.TextStim'>, alignHoriz=method-wrapper(...), alignText='center', alignVert=method-wrapper(...), anchorHoriz='center', anchorVert='center', antialias=True, autoDraw=False, autoLog=True, bold=False, color=array([1., 1., 1.]), colorSpace='rgb', contrast=1.0, depth=-6.0, draggable=False, flipHoriz=False, flipVert=False, font='Arial', fontFiles=[], height=np.float64(0.02), italic=False, languageStyle='LTR', name='text_2', opacity=1, ori=0.0, pos=array([-0.6, -0.3]), rgb=UNKNOWN, text=str(...), units='height', win=Window(...), wrapWidth=1)
253.5567 	EXP 	Created text_3 = TextStim(__class__=<class 'psychopy.visual.text.TextStim'>, alignHoriz=method-wrapper(...), alignText='center', alignVert=method-wrapper(...), anchorHoriz='center', anchorVert='center', antialias=True, autoDraw=False, autoLog=True, bold=False, color=array([1., 1., 1.]), colorSpace='rgb', contrast=1.0, depth=-7.0, draggable=False, flipHoriz=False, flipVert=False, font='Arial', fontFiles=[], height=np.float64(0.02), italic=False, languageStyle='LTR', name='text_3', opacity=1, ori=0.0, pos=array([-0.3, -0.3]), rgb=UNKNOWN, text='Kothmale Cheddar\n250 g \nRs 1300', units='height', win=Window(...), wrapWidth=1)
253.5896 	EXP 	Created text_4 = TextStim(__class__=<class 'psychopy.visual.text.TextStim'>, alignHoriz=method-wrapper(...), alignText='center', alignVert=method-wrapper(...), anchorHoriz='center', anchorVert='center', antialias=True, autoDraw=False, autoLog=True, bold=False, color=array([1., 1., 1.]), colorSpace='rgb', contrast=1.0, depth=-8.0, draggable=False, flipHoriz=False, flipVert=False, font='Arial', fontFiles=[], height=np.float64(0.02), italic=False, languageStyle='LTR', name='text_4', opacity=1, ori=0.0, pos=array([ 0. , -0.3]), rgb=UNKNOWN, text='HappyCow Cheese\n340 g\nRs 1200', units='height', win=Window(...), wrapWidth=1)
253.6117 	EXP 	Created text_5 = TextStim(__class__=<class 'psychopy.visual.text.TextStim'>, alignHoriz=method-wrapper(...), alignText='center', alignVert=method-wrapper(...), anchorHoriz='center', anchorVert='center', antialias=True, autoDraw=False, autoLog=True, bold=False, color=array([1., 1., 1.]), colorSpace='rgb', contrast=1.0, depth=-9.0, draggable=False, flipHoriz=False, flipVert=False, font='Arial', fontFiles=[], height=np.float64(0.02), italic=False, languageStyle='LTR', name='text_5', opacity=1, ori=0.0, pos=array([ 0.3, -0.3]), rgb=UNKNOWN, text='Kraft Cheddar Cheese\n250 g\nRs 2590', units='height', win=Window(...), wrapWidth=1)
253.6393 	EXP 	Created text_6 = TextStim(__class__=<class 'psychopy.visual.text.TextStim'>, alignHoriz=method-wrapper(...), alignText='center', alignVert=method-wrapper(...), anchorHoriz='center', anchorVert='center', antialias=True, autoDraw=False, autoLog=True, bold=False, color=array([1., 1., 1.]), colorSpace='rgb', contrast=1.0, depth=-10.0, draggable=False, flipHoriz=False, flipVert=False, font='Arial', fontFiles=[], height=np.float64(0.02), italic=False, languageStyle='LTR', name='text_6', opacity=1, ori=0.0, pos=array([ 0.6, -0.3]), rgb=UNKNOWN, text='Rich Life Cheddar Cheese\n100 g\nRs 625', units='height', win=Window(...), wrapWidth=1)
1.5846 	EXP 	text: autoDraw = True
1.5846 	EXP 	ambewela: autoDraw = True
1.5846 	EXP 	kothmale: autoDraw = True
1.5846 	EXP 	happycow: autoDraw = True
1.5846 	EXP 	kraft: autoDraw = True
1.5846 	EXP 	richlife: autoDraw = True
1.5846 	EXP 	text_2: autoDraw = True
1.5846 	EXP 	text_3: autoDraw = True
1.5846 	EXP 	text_4: autoDraw = True
1.5846 	EXP 	text_5: autoDraw = True
1.5846 	EXP 	text_6: autoDraw = True
1.5846 	EXP 	text: height = np.float64(0.05)
1.5846 	EXP 	text: height = np.float64(0.05)
1.5846 	EXP 	text: height = np.float64(0.05)
1.5846 	EXP 	text: text = 'Which one are you going to buy?'
1.5972 	EXP 	text: height = np.float64(0.05)
1.5972 	EXP 	text: height = np.float64(0.05)
1.5972 	EXP 	text: height = np.float64(0.05)
1.5972 	EXP 	text: text = 'Which one are you going to buy?'
1.6094 	EXP 	text: height = np.float64(0.05)
1.6094 	EXP 	text: height = np.float64(0.05)
1.6094 	EXP 	text: height = np.float64(0.05)
1.6094 	EXP 	text: text = 'Which one are you going to buy?'
1.6203 	EXP 	text: height = np.float64(0.05)
1.6203 	EXP 	text: height = np.float64(0.05)
1.6203 	EXP 	text: height = np.float64(0.05)
1.6203 	EXP 	text: text = 'Which one are you going to buy?'
1.6324 	EXP 	text: height = np.float64(0.05)
1.6324 	EXP 	text: height = np.float64(0.05)
1.6324 	EXP 	text: height = np.float64(0.05)
1.6324 	EXP 	text: text = 'Which one are you going to buy?'
1.6429 	EXP 	text: height = np.float64(0.05)
1.6429 	EXP 	text: height = np.float64(0.05)
1.6429 	EXP 	text: height = np.float64(0.05)
1.6429 	EXP 	text: text = 'Which one are you going to buy?'
1.6537 	EXP 	text: height = np.float64(0.05)
1.6537 	EXP 	text: height = np.float64(0.05)
1.6537 	EXP 	text: height = np.float64(0.05)
1.6537 	EXP 	text: text = 'Which one are you going to buy?'
1.6644 	EXP 	text: height = np.float64(0.05)
1.6644 	EXP 	text: height = np.float64(0.05)
1.6644 	EXP 	text: height = np.float64(0.05)
1.6644 	EXP 	text: text = 'Which one are you going to buy?'
2.0394 	EXP 	text: height = np.float64(0.05)
2.0394 	EXP 	text: height = np.float64(0.05)
2.0394 	EXP 	text: height = np.float64(0.05)
2.0394 	EXP 	text: text = 'Which one are you going to buy?'
2.0545 	EXP 	text: height = np.float64(0.05)
2.0545 	EXP 	text: height = np.float64(0.05)
2.0545 	EXP 	text: height = np.float64(0.05)
2.0545 	EXP 	text: text = 'Which one are you going to buy?'
2.0633 	EXP 	text: height = np.float64(0.05)
2.0633 	EXP 	text: height = np.float64(0.05)
2.0633 	EXP 	text: height = np.float64(0.05)
2.0633 	EXP 	text: text = 'Which one are you going to buy?'
2.0724 	EXP 	text: height = np.float64(0.05)
2.0724 	EXP 	text: height = np.float64(0.05)
2.0724 	EXP 	text: height = np.float64(0.05)
2.0724 	EXP 	text: text = 'Which one are you going to buy?'
2.0793 	EXP 	text: height = np.float64(0.05)
2.0793 	EXP 	text: height = np.float64(0.05)
2.0793 	EXP 	text: height = np.float64(0.05)
2.0793 	EXP 	text: text = 'Which one are you going to buy?'
2.0868 	EXP 	text: height = np.float64(0.05)
2.0868 	EXP 	text: height = np.float64(0.05)
2.0868 	EXP 	text: height = np.float64(0.05)
2.0868 	EXP 	text: text = 'Which one are you going to buy?'
2.0947 	EXP 	text: height = np.float64(0.05)
2.0947 	EXP 	text: height = np.float64(0.05)
2.0947 	EXP 	text: height = np.float64(0.05)
2.0947 	EXP 	text: text = 'Which one are you going to buy?'
2.1018 	EXP 	text: height = np.float64(0.05)
2.1018 	EXP 	text: height = np.float64(0.05)
2.1018 	EXP 	text: height = np.float64(0.05)
2.1018 	EXP 	text: text = 'Which one are you going to buy?'
2.1094 	EXP 	text: height = np.float64(0.05)
2.1094 	EXP 	text: height = np.float64(0.05)
2.1094 	EXP 	text: height = np.float64(0.05)
2.1094 	EXP 	text: text = 'Which one are you going to buy?'
2.1186 	EXP 	text: height = np.float64(0.05)
2.1186 	EXP 	text: height = np.float64(0.05)
2.1186 	EXP 	text: height = np.float64(0.05)
2.1186 	EXP 	text: text = 'Which one are you going to buy?'
2.1257 	EXP 	text: height = np.float64(0.05)
2.1257 	EXP 	text: height = np.float64(0.05)
2.1257 	EXP 	text: height = np.float64(0.05)
2.1257 	EXP 	text: text = 'Which one are you going to buy?'
2.1350 	EXP 	text: height = np.float64(0.05)
2.1350 	EXP 	text: height = np.float64(0.05)
2.1350 	EXP 	text: height = np.float64(0.05)
2.1350 	EXP 	text: text = 'Which one are you going to buy?'
2.1440 	EXP 	text: height = np.float64(0.05)
2.1440 	EXP 	text: height = np.float64(0.05)
2.1440 	EXP 	text: height = np.float64(0.05)
2.1440 	EXP 	text: text = 'Which one are you going to buy?'
2.1537 	EXP 	text: height = np.float64(0.05)
2.1537 	EXP 	text: height = np.float64(0.05)
2.1537 	EXP 	text: height = np.float64(0.05)
2.1537 	EXP 	text: text = 'Which one are you going to buy?'
2.1618 	EXP 	text: height = np.float64(0.05)
2.1618 	EXP 	text: height = np.float64(0.05)
2.1618 	EXP 	text: height = np.float64(0.05)
2.1618 	EXP 	text: text = 'Which one are you going to buy?'
2.1686 	EXP 	text: height = np.float64(0.05)
2.1686 	EXP 	text: height = np.float64(0.05)
2.1686 	EXP 	text: height = np.float64(0.05)
2.1686 	EXP 	text: text = 'Which one are you going to buy?'
2.1757 	EXP 	text: height = np.float64(0.05)
2.1757 	EXP 	text: height = np.float64(0.05)
2.1757 	EXP 	text: height = np.float64(0.05)
2.1757 	EXP 	text: text = 'Which one are you going to buy?'
2.1859 	EXP 	text: height = np.float64(0.05)
2.1859 	EXP 	text: height = np.float64(0.05)
2.1859 	EXP 	text: height = np.float64(0.05)
2.1859 	EXP 	text: text = 'Which one are you going to buy?'
2.1930 	EXP 	text: height = np.float64(0.05)
2.1930 	EXP 	text: height = np.float64(0.05)
2.1930 	EXP 	text: height = np.float64(0.05)
2.1930 	EXP 	text: text = 'Which one are you going to buy?'
2.2013 	EXP 	text: height = np.float64(0.05)
2.2013 	EXP 	text: height = np.float64(0.05)
2.2013 	EXP 	text: height = np.float64(0.05)
2.2013 	EXP 	text: text = 'Which one are you going to buy?'
2.2094 	EXP 	text: height = np.float64(0.05)
2.2094 	EXP 	text: height = np.float64(0.05)
2.2094 	EXP 	text: height = np.float64(0.05)
2.2094 	EXP 	text: text = 'Which one are you going to buy?'
2.2173 	EXP 	text: height = np.float64(0.05)
2.2173 	EXP 	text: height = np.float64(0.05)
2.2173 	EXP 	text: height = np.float64(0.05)
2.2173 	EXP 	text: text = 'Which one are you going to buy?'
2.2242 	EXP 	text: height = np.float64(0.05)
2.2242 	EXP 	text: height = np.float64(0.05)
2.2242 	EXP 	text: height = np.float64(0.05)
2.2242 	EXP 	text: text = 'Which one are you going to buy?'
2.2326 	EXP 	text: height = np.float64(0.05)
2.2326 	EXP 	text: height = np.float64(0.05)
2.2326 	EXP 	text: height = np.float64(0.05)
2.2326 	EXP 	text: text = 'Which one are you going to buy?'
2.2395 	EXP 	text: height = np.float64(0.05)
2.2395 	EXP 	text: height = np.float64(0.05)
2.2395 	EXP 	text: height = np.float64(0.05)
2.2395 	EXP 	text: text = 'Which one are you going to buy?'
2.2482 	EXP 	text: height = np.float64(0.05)
2.2482 	EXP 	text: height = np.float64(0.05)
2.2482 	EXP 	text: height = np.float64(0.05)
2.2482 	EXP 	text: text = 'Which one are you going to buy?'
2.2573 	EXP 	text: height = np.float64(0.05)
2.2573 	EXP 	text: height = np.float64(0.05)
2.2573 	EXP 	text: height = np.float64(0.05)
2.2573 	EXP 	text: text = 'Which one are you going to buy?'
2.2649 	EXP 	text: height = np.float64(0.05)
2.2649 	EXP 	text: height = np.float64(0.05)
2.2649 	EXP 	text: height = np.float64(0.05)
2.2649 	EXP 	text: text = 'Which one are you going to buy?'
2.2749 	EXP 	text: height = np.float64(0.05)
2.2749 	EXP 	text: height = np.float64(0.05)
2.2749 	EXP 	text: height = np.float64(0.05)
2.2749 	EXP 	text: text = 'Which one are you going to buy?'
2.4063 	EXP 	text: height = np.float64(0.05)
2.4063 	EXP 	text: height = np.float64(0.05)
2.4063 	EXP 	text: height = np.float64(0.05)
2.4063 	EXP 	text: text = 'Which one are you going to buy?'
2.4152 	EXP 	text: height = np.float64(0.05)
2.4152 	EXP 	text: height = np.float64(0.05)
2.4152 	EXP 	text: height = np.float64(0.05)
2.4152 	EXP 	text: text = 'Which one are you going to buy?'
2.4221 	EXP 	text: height = np.float64(0.05)
2.4221 	EXP 	text: height = np.float64(0.05)
2.4221 	EXP 	text: height = np.float64(0.05)
2.4221 	EXP 	text: text = 'Which one are you going to buy?'
2.4301 	EXP 	text: height = np.float64(0.05)
2.4301 	EXP 	text: height = np.float64(0.05)
2.4301 	EXP 	text: height = np.float64(0.05)
2.4301 	EXP 	text: text = 'Which one are you going to buy?'
2.4379 	EXP 	text: height = np.float64(0.05)
2.4379 	EXP 	text: height = np.float64(0.05)
2.4379 	EXP 	text: height = np.float64(0.05)
2.4379 	EXP 	text: text = 'Which one are you going to buy?'
2.4453 	EXP 	text: height = np.float64(0.05)
2.4453 	EXP 	text: height = np.float64(0.05)
2.4453 	EXP 	text: height = np.float64(0.05)
2.4453 	EXP 	text: text = 'Which one are you going to buy?'
2.4529 	EXP 	text: height = np.float64(0.05)
2.4529 	EXP 	text: height = np.float64(0.05)
2.4529 	EXP 	text: height = np.float64(0.05)
2.4529 	EXP 	text: text = 'Which one are you going to buy?'
2.4596 	EXP 	text: height = np.float64(0.05)
2.4596 	EXP 	text: height = np.float64(0.05)
2.4596 	EXP 	text: height = np.float64(0.05)
2.4596 	EXP 	text: text = 'Which one are you going to buy?'
2.4690 	EXP 	text: height = np.float64(0.05)
2.4690 	EXP 	text: height = np.float64(0.05)
2.4690 	EXP 	text: height = np.float64(0.05)
2.4690 	EXP 	text: text = 'Which one are you going to buy?'
2.4776 	EXP 	text: height = np.float64(0.05)
2.4776 	EXP 	text: height = np.float64(0.05)
2.4776 	EXP 	text: height = np.float64(0.05)
2.4776 	EXP 	text: text = 'Which one are you going to buy?'
2.4882 	EXP 	text: height = np.float64(0.05)
2.4882 	EXP 	text: height = np.float64(0.05)
2.4882 	EXP 	text: height = np.float64(0.05)
2.4882 	EXP 	text: text = 'Which one are you going to buy?'
2.4969 	EXP 	text: height = np.float64(0.05)
2.4969 	EXP 	text: height = np.float64(0.05)
2.4969 	EXP 	text: height = np.float64(0.05)
2.4969 	EXP 	text: text = 'Which one are you going to buy?'
2.5057 	EXP 	text: height = np.float64(0.05)
2.5057 	EXP 	text: height = np.float64(0.05)
2.5057 	EXP 	text: height = np.float64(0.05)
2.5057 	EXP 	text: text = 'Which one are you going to buy?'
2.5152 	EXP 	text: height = np.float64(0.05)
2.5152 	EXP 	text: height = np.float64(0.05)
2.5152 	EXP 	text: height = np.float64(0.05)
2.5152 	EXP 	text: text = 'Which one are you going to buy?'
2.5249 	EXP 	text: height = np.float64(0.05)
2.5249 	EXP 	text: height = np.float64(0.05)
2.5249 	EXP 	text: height = np.float64(0.05)
2.5249 	EXP 	text: text = 'Which one are you going to buy?'
2.5335 	EXP 	text: height = np.float64(0.05)
2.5335 	EXP 	text: height = np.float64(0.05)
2.5335 	EXP 	text: height = np.float64(0.05)
2.5335 	EXP 	text: text = 'Which one are you going to buy?'
2.5413 	EXP 	text: height = np.float64(0.05)
2.5413 	EXP 	text: height = np.float64(0.05)
2.5413 	EXP 	text: height = np.float64(0.05)
2.5413 	EXP 	text: text = 'Which one are you going to buy?'
2.5493 	EXP 	text: height = np.float64(0.05)
2.5493 	EXP 	text: height = np.float64(0.05)
2.5493 	EXP 	text: height = np.float64(0.05)
2.5493 	EXP 	text: text = 'Which one are you going to buy?'
2.5565 	EXP 	text: height = np.float64(0.05)
2.5565 	EXP 	text: height = np.float64(0.05)
2.5565 	EXP 	text: height = np.float64(0.05)
2.5565 	EXP 	text: text = 'Which one are you going to buy?'
2.5653 	EXP 	text: height = np.float64(0.05)
2.5653 	EXP 	text: height = np.float64(0.05)
2.5653 	EXP 	text: height = np.float64(0.05)
2.5653 	EXP 	text: text = 'Which one are you going to buy?'
2.5740 	EXP 	text: height = np.float64(0.05)
2.5740 	EXP 	text: height = np.float64(0.05)
2.5740 	EXP 	text: height = np.float64(0.05)
2.5740 	EXP 	text: text = 'Which one are you going to buy?'
2.5816 	EXP 	text: height = np.float64(0.05)
2.5816 	EXP 	text: height = np.float64(0.05)
2.5816 	EXP 	text: height = np.float64(0.05)
2.5816 	EXP 	text: text = 'Which one are you going to buy?'
2.5899 	EXP 	text: height = np.float64(0.05)
2.5899 	EXP 	text: height = np.float64(0.05)
2.5899 	EXP 	text: height = np.float64(0.05)
2.5899 	EXP 	text: text = 'Which one are you going to buy?'
2.5975 	EXP 	text: height = np.float64(0.05)
2.5975 	EXP 	text: height = np.float64(0.05)
2.5975 	EXP 	text: height = np.float64(0.05)
2.5975 	EXP 	text: text = 'Which one are you going to buy?'
2.6060 	EXP 	text: height = np.float64(0.05)
2.6060 	EXP 	text: height = np.float64(0.05)
2.6060 	EXP 	text: height = np.float64(0.05)
2.6060 	EXP 	text: text = 'Which one are you going to buy?'
2.6134 	EXP 	text: height = np.float64(0.05)
2.6134 	EXP 	text: height = np.float64(0.05)
2.6134 	EXP 	text: height = np.float64(0.05)
2.6134 	EXP 	text: text = 'Which one are you going to buy?'
2.6228 	EXP 	text: height = np.float64(0.05)
2.6228 	EXP 	text: height = np.float64(0.05)
2.6228 	EXP 	text: height = np.float64(0.05)
2.6228 	EXP 	text: text = 'Which one are you going to buy?'
2.6321 	EXP 	text: height = np.float64(0.05)
2.6321 	EXP 	text: height = np.float64(0.05)
2.6321 	EXP 	text: height = np.float64(0.05)
2.6321 	EXP 	text: text = 'Which one are you going to buy?'
2.6398 	EXP 	text: height = np.float64(0.05)
2.6398 	EXP 	text: height = np.float64(0.05)
2.6398 	EXP 	text: height = np.float64(0.05)
2.6398 	EXP 	text: text = 'Which one are you going to buy?'
2.6485 	EXP 	text: height = np.float64(0.05)
2.6485 	EXP 	text: height = np.float64(0.05)
2.6485 	EXP 	text: height = np.float64(0.05)
2.6485 	EXP 	text: text = 'Which one are you going to buy?'
2.6574 	EXP 	text: height = np.float64(0.05)
2.6574 	EXP 	text: height = np.float64(0.05)
2.6574 	EXP 	text: height = np.float64(0.05)
2.6574 	EXP 	text: text = 'Which one are you going to buy?'
2.6667 	EXP 	text: height = np.float64(0.05)
2.6667 	EXP 	text: height = np.float64(0.05)
2.6667 	EXP 	text: height = np.float64(0.05)
2.6667 	EXP 	text: text = 'Which one are you going to buy?'
2.6808 	EXP 	text: height = np.float64(0.05)
2.6808 	EXP 	text: height = np.float64(0.05)
2.6808 	EXP 	text: height = np.float64(0.05)
2.6808 	EXP 	text: text = 'Which one are you going to buy?'
2.6921 	EXP 	text: height = np.float64(0.05)
2.6921 	EXP 	text: height = np.float64(0.05)
2.6921 	EXP 	text: height = np.float64(0.05)
2.6921 	EXP 	text: text = 'Which one are you going to buy?'
2.7015 	EXP 	text: height = np.float64(0.05)
2.7015 	EXP 	text: height = np.float64(0.05)
2.7015 	EXP 	text: height = np.float64(0.05)
2.7015 	EXP 	text: text = 'Which one are you going to buy?'
2.7111 	EXP 	text: height = np.float64(0.05)
2.7111 	EXP 	text: height = np.float64(0.05)
2.7111 	EXP 	text: height = np.float64(0.05)
2.7111 	EXP 	text: text = 'Which one are you going to buy?'
2.7209 	EXP 	text: height = np.float64(0.05)
2.7209 	EXP 	text: height = np.float64(0.05)
2.7209 	EXP 	text: height = np.float64(0.05)
2.7209 	EXP 	text: text = 'Which one are you going to buy?'
2.7323 	EXP 	text: height = np.float64(0.05)
2.7323 	EXP 	text: height = np.float64(0.05)
2.7323 	EXP 	text: height = np.float64(0.05)
2.7323 	EXP 	text: text = 'Which one are you going to buy?'
2.7391 	EXP 	text: height = np.float64(0.05)
2.7391 	EXP 	text: height = np.float64(0.05)
2.7391 	EXP 	text: height = np.float64(0.05)
2.7391 	EXP 	text: text = 'Which one are you going to buy?'
2.7472 	EXP 	text: height = np.float64(0.05)
2.7472 	EXP 	text: height = np.float64(0.05)
2.7472 	EXP 	text: height = np.float64(0.05)
2.7472 	EXP 	text: text = 'Which one are you going to buy?'
2.7551 	EXP 	text: height = np.float64(0.05)
2.7551 	EXP 	text: height = np.float64(0.05)
2.7551 	EXP 	text: height = np.float64(0.05)
2.7551 	EXP 	text: text = 'Which one are you going to buy?'
2.7641 	EXP 	text: height = np.float64(0.05)
2.7641 	EXP 	text: height = np.float64(0.05)
2.7641 	EXP 	text: height = np.float64(0.05)
2.7641 	EXP 	text: text = 'Which one are you going to buy?'
2.7759 	EXP 	text: height = np.float64(0.05)
2.7759 	EXP 	text: height = np.float64(0.05)
2.7759 	EXP 	text: height = np.float64(0.05)
2.7759 	EXP 	text: text = 'Which one are you going to buy?'
2.7836 	EXP 	text: height = np.float64(0.05)
2.7836 	EXP 	text: height = np.float64(0.05)
2.7836 	EXP 	text: height = np.float64(0.05)
2.7836 	EXP 	text: text = 'Which one are you going to buy?'
2.7916 	EXP 	text: height = np.float64(0.05)
2.7916 	EXP 	text: height = np.float64(0.05)
2.7916 	EXP 	text: height = np.float64(0.05)
2.7916 	EXP 	text: text = 'Which one are you going to buy?'
2.7994 	EXP 	text: height = np.float64(0.05)
2.7994 	EXP 	text: height = np.float64(0.05)
2.7994 	EXP 	text: height = np.float64(0.05)
2.7994 	EXP 	text: text = 'Which one are you going to buy?'
2.8073 	EXP 	text: height = np.float64(0.05)
2.8073 	EXP 	text: height = np.float64(0.05)
2.8073 	EXP 	text: height = np.float64(0.05)
2.8073 	EXP 	text: text = 'Which one are you going to buy?'
2.8140 	EXP 	text: height = np.float64(0.05)
2.8140 	EXP 	text: height = np.float64(0.05)
2.8140 	EXP 	text: height = np.float64(0.05)
2.8140 	EXP 	text: text = 'Which one are you going to buy?'
2.8210 	EXP 	text: height = np.float64(0.05)
2.8210 	EXP 	text: height = np.float64(0.05)
2.8210 	EXP 	text: height = np.float64(0.05)
2.8210 	EXP 	text: text = 'Which one are you going to buy?'
2.8301 	EXP 	text: height = np.float64(0.05)
2.8301 	EXP 	text: height = np.float64(0.05)
2.8301 	EXP 	text: height = np.float64(0.05)
2.8301 	EXP 	text: text = 'Which one are you going to buy?'
2.8383 	EXP 	text: height = np.float64(0.05)
2.8383 	EXP 	text: height = np.float64(0.05)
2.8383 	EXP 	text: height = np.float64(0.05)
2.8383 	EXP 	text: text = 'Which one are you going to buy?'
2.8459 	EXP 	text: height = np.float64(0.05)
2.8459 	EXP 	text: height = np.float64(0.05)
2.8459 	EXP 	text: height = np.float64(0.05)
2.8459 	EXP 	text: text = 'Which one are you going to buy?'
2.8528 	EXP 	text: height = np.float64(0.05)
2.8528 	EXP 	text: height = np.float64(0.05)
2.8528 	EXP 	text: height = np.float64(0.05)
2.8528 	EXP 	text: text = 'Which one are you going to buy?'
3.5378 	EXP 	text: height = np.float64(0.05)
3.5378 	EXP 	text: height = np.float64(0.05)
3.5378 	EXP 	text: height = np.float64(0.05)
3.5378 	EXP 	text: text = 'Which one are you going to buy?'
3.5472 	EXP 	text: height = np.float64(0.05)
3.5472 	EXP 	text: height = np.float64(0.05)
3.5472 	EXP 	text: height = np.float64(0.05)
3.5472 	EXP 	text: text = 'Which one are you going to buy?'
3.5556 	EXP 	text: height = np.float64(0.05)
3.5556 	EXP 	text: height = np.float64(0.05)
3.5556 	EXP 	text: height = np.float64(0.05)
3.5556 	EXP 	text: text = 'Which one are you going to buy?'
3.5643 	EXP 	text: height = np.float64(0.05)
3.5643 	EXP 	text: height = np.float64(0.05)
3.5643 	EXP 	text: height = np.float64(0.05)
3.5643 	EXP 	text: text = 'Which one are you going to buy?'
3.5719 	EXP 	text: height = np.float64(0.05)
3.5719 	EXP 	text: height = np.float64(0.05)
3.5719 	EXP 	text: height = np.float64(0.05)
3.5719 	EXP 	text: text = 'Which one are you going to buy?'
3.5793 	EXP 	text: height = np.float64(0.05)
3.5793 	EXP 	text: height = np.float64(0.05)
3.5793 	EXP 	text: height = np.float64(0.05)
3.5793 	EXP 	text: text = 'Which one are you going to buy?'
3.6752 	EXP 	text: height = np.float64(0.05)
3.6752 	EXP 	text: height = np.float64(0.05)
3.6752 	EXP 	text: height = np.float64(0.05)
3.6752 	EXP 	text: text = 'Which one are you going to buy?'
3.7616 	EXP 	text: height = np.float64(0.05)
3.7616 	EXP 	text: height = np.float64(0.05)
3.7616 	EXP 	text: height = np.float64(0.05)
3.7616 	EXP 	text: text = 'Which one are you going to buy?'
3.7848 	EXP 	text: height = np.float64(0.05)
3.7848 	EXP 	text: height = np.float64(0.05)
3.7848 	EXP 	text: height = np.float64(0.05)
3.7848 	EXP 	text: text = 'Which one are you going to buy?'
3.8048 	EXP 	text: height = np.float64(0.05)
3.8048 	EXP 	text: height = np.float64(0.05)
3.8048 	EXP 	text: height = np.float64(0.05)
3.8048 	EXP 	text: text = 'Which one are you going to buy?'
3.8208 	EXP 	text: height = np.float64(0.05)
3.8208 	EXP 	text: height = np.float64(0.05)
3.8208 	EXP 	text: height = np.float64(0.05)
3.8208 	EXP 	text: text = 'Which one are you going to buy?'
3.8416 	EXP 	text: height = np.float64(0.05)
3.8416 	EXP 	text: height = np.float64(0.05)
3.8416 	EXP 	text: height = np.float64(0.05)
3.8416 	EXP 	text: text = 'Which one are you going to buy?'
3.8559 	EXP 	text: height = np.float64(0.05)
3.8559 	EXP 	text: height = np.float64(0.05)
3.8559 	EXP 	text: height = np.float64(0.05)
3.8559 	EXP 	text: text = 'Which one are you going to buy?'
3.8659 	EXP 	text: height = np.float64(0.05)
3.8659 	EXP 	text: height = np.float64(0.05)
3.8659 	EXP 	text: height = np.float64(0.05)
3.8659 	EXP 	text: text = 'Which one are you going to buy?'
3.8755 	EXP 	text: height = np.float64(0.05)
3.8755 	EXP 	text: height = np.float64(0.05)
3.8755 	EXP 	text: height = np.float64(0.05)
3.8755 	EXP 	text: text = 'Which one are you going to buy?'
3.8862 	EXP 	text: height = np.float64(0.05)
3.8862 	EXP 	text: height = np.float64(0.05)
3.8862 	EXP 	text: height = np.float64(0.05)
3.8862 	EXP 	text: text = 'Which one are you going to buy?'
3.8948 	EXP 	text: height = np.float64(0.05)
3.8948 	EXP 	text: height = np.float64(0.05)
3.8948 	EXP 	text: height = np.float64(0.05)
3.8948 	EXP 	text: text = 'Which one are you going to buy?'
3.9053 	EXP 	text: height = np.float64(0.05)
3.9053 	EXP 	text: height = np.float64(0.05)
3.9053 	EXP 	text: height = np.float64(0.05)
3.9053 	EXP 	text: text = 'Which one are you going to buy?'
3.9173 	EXP 	text: height = np.float64(0.05)
3.9173 	EXP 	text: height = np.float64(0.05)
3.9173 	EXP 	text: height = np.float64(0.05)
3.9173 	EXP 	text: text = 'Which one are you going to buy?'
3.9306 	EXP 	text: height = np.float64(0.05)
3.9306 	EXP 	text: height = np.float64(0.05)
3.9306 	EXP 	text: height = np.float64(0.05)
3.9306 	EXP 	text: text = 'Which one are you going to buy?'
3.9430 	EXP 	text: height = np.float64(0.05)
3.9430 	EXP 	text: height = np.float64(0.05)
3.9430 	EXP 	text: height = np.float64(0.05)
3.9430 	EXP 	text: text = 'Which one are you going to buy?'
3.9533 	EXP 	text: height = np.float64(0.05)
3.9533 	EXP 	text: height = np.float64(0.05)
3.9533 	EXP 	text: height = np.float64(0.05)
3.9533 	EXP 	text: text = 'Which one are you going to buy?'
3.9610 	EXP 	text: height = np.float64(0.05)
3.9610 	EXP 	text: height = np.float64(0.05)
3.9610 	EXP 	text: height = np.float64(0.05)
3.9610 	EXP 	text: text = 'Which one are you going to buy?'
3.9697 	EXP 	text: height = np.float64(0.05)
3.9697 	EXP 	text: height = np.float64(0.05)
3.9697 	EXP 	text: height = np.float64(0.05)
3.9697 	EXP 	text: text = 'Which one are you going to buy?'
3.9804 	EXP 	text: height = np.float64(0.05)
3.9804 	EXP 	text: height = np.float64(0.05)
3.9804 	EXP 	text: height = np.float64(0.05)
3.9804 	EXP 	text: text = 'Which one are you going to buy?'
3.9883 	EXP 	text: height = np.float64(0.05)
3.9883 	EXP 	text: height = np.float64(0.05)
3.9883 	EXP 	text: height = np.float64(0.05)
3.9883 	EXP 	text: text = 'Which one are you going to buy?'
3.9996 	EXP 	text: height = np.float64(0.05)
3.9996 	EXP 	text: height = np.float64(0.05)
3.9996 	EXP 	text: height = np.float64(0.05)
3.9996 	EXP 	text: text = 'Which one are you going to buy?'
4.0126 	EXP 	text: height = np.float64(0.05)
4.0126 	EXP 	text: height = np.float64(0.05)
4.0126 	EXP 	text: height = np.float64(0.05)
4.0126 	EXP 	text: text = 'Which one are you going to buy?'
4.0210 	EXP 	text: height = np.float64(0.05)
4.0210 	EXP 	text: height = np.float64(0.05)
4.0210 	EXP 	text: height = np.float64(0.05)
4.0210 	EXP 	text: text = 'Which one are you going to buy?'
4.0303 	EXP 	text: height = np.float64(0.05)
4.0303 	EXP 	text: height = np.float64(0.05)
4.0303 	EXP 	text: height = np.float64(0.05)
4.0303 	EXP 	text: text = 'Which one are you going to buy?'
4.0408 	EXP 	text: height = np.float64(0.05)
4.0408 	EXP 	text: height = np.float64(0.05)
4.0408 	EXP 	text: height = np.float64(0.05)
4.0408 	EXP 	text: text = 'Which one are you going to buy?'
4.0511 	EXP 	text: height = np.float64(0.05)
4.0511 	EXP 	text: height = np.float64(0.05)
4.0511 	EXP 	text: height = np.float64(0.05)
4.0511 	EXP 	text: text = 'Which one are you going to buy?'
4.0659 	EXP 	text: height = np.float64(0.05)
4.0659 	EXP 	text: height = np.float64(0.05)
4.0659 	EXP 	text: height = np.float64(0.05)
4.0659 	EXP 	text: text = 'Which one are you going to buy?'
4.0940 	EXP 	text: height = np.float64(0.05)
4.0940 	EXP 	text: height = np.float64(0.05)
4.0940 	EXP 	text: height = np.float64(0.05)
4.0940 	EXP 	text: text = 'Which one are you going to buy?'
4.1280 	EXP 	text: height = np.float64(0.05)
4.1280 	EXP 	text: height = np.float64(0.05)
4.1280 	EXP 	text: height = np.float64(0.05)
4.1280 	EXP 	text: text = 'Which one are you going to buy?'
4.1697 	EXP 	text: height = np.float64(0.05)
4.1697 	EXP 	text: height = np.float64(0.05)
4.1697 	EXP 	text: height = np.float64(0.05)
4.1697 	EXP 	text: text = 'Which one are you going to buy?'
4.1952 	EXP 	text: height = np.float64(0.05)
4.1952 	EXP 	text: height = np.float64(0.05)
4.1952 	EXP 	text: height = np.float64(0.05)
4.1952 	EXP 	text: text = 'Which one are you going to buy?'
4.2155 	EXP 	text: height = np.float64(0.05)
4.2155 	EXP 	text: height = np.float64(0.05)
4.2155 	EXP 	text: height = np.float64(0.05)
4.2155 	EXP 	text: text = 'Which one are you going to buy?'
4.2494 	EXP 	text: height = np.float64(0.05)
4.2494 	EXP 	text: height = np.float64(0.05)
4.2494 	EXP 	text: height = np.float64(0.05)
4.2494 	EXP 	text: text = 'Which one are you going to buy?'
4.2963 	EXP 	text: height = np.float64(0.05)
4.2963 	EXP 	text: height = np.float64(0.05)
4.2963 	EXP 	text: height = np.float64(0.05)
4.2963 	EXP 	text: text = 'Which one are you going to buy?'
4.3158 	EXP 	text: height = np.float64(0.05)
4.3158 	EXP 	text: height = np.float64(0.05)
4.3158 	EXP 	text: height = np.float64(0.05)
4.3158 	EXP 	text: text = 'Which one are you going to buy?'
4.3325 	EXP 	text: height = np.float64(0.05)
4.3325 	EXP 	text: height = np.float64(0.05)
4.3325 	EXP 	text: height = np.float64(0.05)
4.3325 	EXP 	text: text = 'Which one are you going to buy?'
4.3434 	EXP 	text: height = np.float64(0.05)
4.3434 	EXP 	text: height = np.float64(0.05)
4.3434 	EXP 	text: height = np.float64(0.05)
4.3434 	EXP 	text: text = 'Which one are you going to buy?'
4.3517 	EXP 	text: height = np.float64(0.05)
4.3517 	EXP 	text: height = np.float64(0.05)
4.3517 	EXP 	text: height = np.float64(0.05)
4.3517 	EXP 	text: text = 'Which one are you going to buy?'
4.3608 	EXP 	text: height = np.float64(0.05)
4.3608 	EXP 	text: height = np.float64(0.05)
4.3608 	EXP 	text: height = np.float64(0.05)
4.3608 	EXP 	text: text = 'Which one are you going to buy?'
4.3718 	EXP 	text: height = np.float64(0.05)
4.3718 	EXP 	text: height = np.float64(0.05)
4.3718 	EXP 	text: height = np.float64(0.05)
4.3718 	EXP 	text: text = 'Which one are you going to buy?'
4.3972 	EXP 	text: height = np.float64(0.05)
4.3972 	EXP 	text: height = np.float64(0.05)
4.3972 	EXP 	text: height = np.float64(0.05)
4.3972 	EXP 	text: text = 'Which one are you going to buy?'
4.4159 	EXP 	text: height = np.float64(0.05)
4.4159 	EXP 	text: height = np.float64(0.05)
4.4159 	EXP 	text: height = np.float64(0.05)
4.4159 	EXP 	text: text = 'Which one are you going to buy?'
4.4280 	EXP 	text: height = np.float64(0.05)
4.4280 	EXP 	text: height = np.float64(0.05)
4.4280 	EXP 	text: height = np.float64(0.05)
4.4280 	EXP 	text: text = 'Which one are you going to buy?'
4.4475 	EXP 	text: height = np.float64(0.05)
4.4475 	EXP 	text: height = np.float64(0.05)
4.4475 	EXP 	text: height = np.float64(0.05)
4.4475 	EXP 	text: text = 'Which one are you going to buy?'
4.4675 	EXP 	text: height = np.float64(0.05)
4.4675 	EXP 	text: height = np.float64(0.05)
4.4675 	EXP 	text: height = np.float64(0.05)
4.4675 	EXP 	text: text = 'Which one are you going to buy?'
4.4786 	EXP 	text: height = np.float64(0.05)
4.4786 	EXP 	text: height = np.float64(0.05)
4.4786 	EXP 	text: height = np.float64(0.05)
4.4786 	EXP 	text: text = 'Which one are you going to buy?'
4.4892 	EXP 	text: height = np.float64(0.05)
4.4892 	EXP 	text: height = np.float64(0.05)
4.4892 	EXP 	text: height = np.float64(0.05)
4.4892 	EXP 	text: text = 'Which one are you going to buy?'
4.5008 	EXP 	text: height = np.float64(0.05)
4.5008 	EXP 	text: height = np.float64(0.05)
4.5008 	EXP 	text: height = np.float64(0.05)
4.5008 	EXP 	text: text = 'Which one are you going to buy?'
4.5137 	EXP 	text: height = np.float64(0.05)
4.5137 	EXP 	text: height = np.float64(0.05)
4.5137 	EXP 	text: height = np.float64(0.05)
4.5137 	EXP 	text: text = 'Which one are you going to buy?'
4.5264 	EXP 	text: height = np.float64(0.05)
4.5264 	EXP 	text: height = np.float64(0.05)
4.5264 	EXP 	text: height = np.float64(0.05)
4.5264 	EXP 	text: text = 'Which one are you going to buy?'
4.5371 	EXP 	text: height = np.float64(0.05)
4.5371 	EXP 	text: height = np.float64(0.05)
4.5371 	EXP 	text: height = np.float64(0.05)
4.5371 	EXP 	text: text = 'Which one are you going to buy?'
4.5487 	EXP 	text: height = np.float64(0.05)
4.5487 	EXP 	text: height = np.float64(0.05)
4.5487 	EXP 	text: height = np.float64(0.05)
4.5487 	EXP 	text: text = 'Which one are you going to buy?'
4.5608 	EXP 	text: height = np.float64(0.05)
4.5608 	EXP 	text: height = np.float64(0.05)
4.5608 	EXP 	text: height = np.float64(0.05)
4.5608 	EXP 	text: text = 'Which one are you going to buy?'
4.6072 	EXP 	text: height = np.float64(0.05)
4.6072 	EXP 	text: height = np.float64(0.05)
4.6072 	EXP 	text: height = np.float64(0.05)
4.6072 	EXP 	text: text = 'Which one are you going to buy?'
4.6342 	EXP 	text: height = np.float64(0.05)
4.6342 	EXP 	text: height = np.float64(0.05)
4.6342 	EXP 	text: height = np.float64(0.05)
4.6342 	EXP 	text: text = 'Which one are you going to buy?'
4.6794 	EXP 	text: height = np.float64(0.05)
4.6794 	EXP 	text: height = np.float64(0.05)
4.6794 	EXP 	text: height = np.float64(0.05)
4.6794 	EXP 	text: text = 'Which one are you going to buy?'
4.7089 	EXP 	text: height = np.float64(0.05)
4.7089 	EXP 	text: height = np.float64(0.05)
4.7089 	EXP 	text: height = np.float64(0.05)
4.7089 	EXP 	text: text = 'Which one are you going to buy?'
4.7786 	EXP 	text: height = np.float64(0.05)
4.7786 	EXP 	text: height = np.float64(0.05)
4.7786 	EXP 	text: height = np.float64(0.05)
4.7786 	EXP 	text: text = 'Which one are you going to buy?'
4.8027 	EXP 	text: height = np.float64(0.05)
4.8027 	EXP 	text: height = np.float64(0.05)
4.8027 	EXP 	text: height = np.float64(0.05)
4.8027 	EXP 	text: text = 'Which one are you going to buy?'
4.8378 	EXP 	text: height = np.float64(0.05)
4.8378 	EXP 	text: height = np.float64(0.05)
4.8378 	EXP 	text: height = np.float64(0.05)
4.8378 	EXP 	text: text = 'Which one are you going to buy?'
4.8625 	EXP 	text: height = np.float64(0.05)
4.8625 	EXP 	text: height = np.float64(0.05)
4.8625 	EXP 	text: height = np.float64(0.05)
4.8625 	EXP 	text: text = 'Which one are you going to buy?'
4.8846 	EXP 	text: height = np.float64(0.05)
4.8846 	EXP 	text: height = np.float64(0.05)
4.8846 	EXP 	text: height = np.float64(0.05)
4.8846 	EXP 	text: text = 'Which one are you going to buy?'
4.9142 	EXP 	text: height = np.float64(0.05)
4.9142 	EXP 	text: height = np.float64(0.05)
4.9142 	EXP 	text: height = np.float64(0.05)
4.9142 	EXP 	text: text = 'Which one are you going to buy?'
4.9349 	EXP 	text: height = np.float64(0.05)
4.9349 	EXP 	text: height = np.float64(0.05)
4.9349 	EXP 	text: height = np.float64(0.05)
4.9349 	EXP 	text: text = 'Which one are you going to buy?'
4.9551 	EXP 	text: height = np.float64(0.05)
4.9551 	EXP 	text: height = np.float64(0.05)
4.9551 	EXP 	text: height = np.float64(0.05)
4.9551 	EXP 	text: text = 'Which one are you going to buy?'
4.9781 	EXP 	text: height = np.float64(0.05)
4.9781 	EXP 	text: height = np.float64(0.05)
4.9781 	EXP 	text: height = np.float64(0.05)
4.9781 	EXP 	text: text = 'Which one are you going to buy?'
4.9964 	EXP 	text: height = np.float64(0.05)
4.9964 	EXP 	text: height = np.float64(0.05)
4.9964 	EXP 	text: height = np.float64(0.05)
4.9964 	EXP 	text: text = 'Which one are you going to buy?'
5.0144 	EXP 	text: height = np.float64(0.05)
5.0144 	EXP 	text: height = np.float64(0.05)
5.0144 	EXP 	text: height = np.float64(0.05)
5.0144 	EXP 	text: text = 'Which one are you going to buy?'
5.0268 	EXP 	text: height = np.float64(0.05)
5.0268 	EXP 	text: height = np.float64(0.05)
5.0268 	EXP 	text: height = np.float64(0.05)
5.0268 	EXP 	text: text = 'Which one are you going to buy?'
5.0362 	EXP 	text: height = np.float64(0.05)
5.0362 	EXP 	text: height = np.float64(0.05)
5.0362 	EXP 	text: height = np.float64(0.05)
5.0362 	EXP 	text: text = 'Which one are you going to buy?'
5.0458 	EXP 	text: height = np.float64(0.05)
5.0458 	EXP 	text: height = np.float64(0.05)
5.0458 	EXP 	text: height = np.float64(0.05)
5.0458 	EXP 	text: text = 'Which one are you going to buy?'
5.0543 	EXP 	text: height = np.float64(0.05)
5.0543 	EXP 	text: height = np.float64(0.05)
5.0543 	EXP 	text: height = np.float64(0.05)
5.0543 	EXP 	text: text = 'Which one are you going to buy?'
5.0643 	EXP 	text: height = np.float64(0.05)
5.0643 	EXP 	text: height = np.float64(0.05)
5.0643 	EXP 	text: height = np.float64(0.05)
5.0643 	EXP 	text: text = 'Which one are you going to buy?'
5.0748 	EXP 	text: height = np.float64(0.05)
5.0748 	EXP 	text: height = np.float64(0.05)
5.0748 	EXP 	text: height = np.float64(0.05)
5.0748 	EXP 	text: text = 'Which one are you going to buy?'
5.0898 	EXP 	text: height = np.float64(0.05)
5.0898 	EXP 	text: height = np.float64(0.05)
5.0898 	EXP 	text: height = np.float64(0.05)
5.0898 	EXP 	text: text = 'Which one are you going to buy?'
5.1019 	EXP 	text: height = np.float64(0.05)
5.1019 	EXP 	text: height = np.float64(0.05)
5.1019 	EXP 	text: height = np.float64(0.05)
5.1019 	EXP 	text: text = 'Which one are you going to buy?'
5.1223 	EXP 	text: height = np.float64(0.05)
5.1223 	EXP 	text: height = np.float64(0.05)
5.1223 	EXP 	text: height = np.float64(0.05)
5.1223 	EXP 	text: text = 'Which one are you going to buy?'
5.1507 	EXP 	text: height = np.float64(0.05)
5.1507 	EXP 	text: height = np.float64(0.05)
5.1507 	EXP 	text: height = np.float64(0.05)
5.1507 	EXP 	text: text = 'Which one are you going to buy?'
5.1746 	EXP 	text: height = np.float64(0.05)
5.1746 	EXP 	text: height = np.float64(0.05)
5.1746 	EXP 	text: height = np.float64(0.05)
5.1746 	EXP 	text: text = 'Which one are you going to buy?'
5.2037 	EXP 	text: height = np.float64(0.05)
5.2037 	EXP 	text: height = np.float64(0.05)
5.2037 	EXP 	text: height = np.float64(0.05)
5.2037 	EXP 	text: text = 'Which one are you going to buy?'
5.2267 	EXP 	text: height = np.float64(0.05)
5.2267 	EXP 	text: height = np.float64(0.05)
5.2267 	EXP 	text: height = np.float64(0.05)
5.2267 	EXP 	text: text = 'Which one are you going to buy?'
5.2612 	EXP 	text: height = np.float64(0.05)
5.2612 	EXP 	text: height = np.float64(0.05)
5.2612 	EXP 	text: height = np.float64(0.05)
5.2612 	EXP 	text: text = 'Which one are you going to buy?'
5.2851 	EXP 	text: height = np.float64(0.05)
5.2851 	EXP 	text: height = np.float64(0.05)
5.2851 	EXP 	text: height = np.float64(0.05)
5.2851 	EXP 	text: text = 'Which one are you going to buy?'
5.3065 	DATA 	Mouse: Left button down, pos=(666,554)
5.3147 	EXP 	text: autoDraw = False
5.3147 	EXP 	ambewela: autoDraw = False
5.3147 	EXP 	kothmale: autoDraw = False
5.3147 	EXP 	happycow: autoDraw = False
5.3147 	EXP 	kraft: autoDraw = False
5.3147 	EXP 	richlife: autoDraw = False
5.3147 	EXP 	text_2: autoDraw = False
5.3147 	EXP 	text_3: autoDraw = False
5.3147 	EXP 	text_4: autoDraw = False
5.3147 	EXP 	text_5: autoDraw = False
5.3147 	EXP 	text_6: autoDraw = False
5.3152 	EXP 	Cheese: status = STOPPED
5.3664 	INFO 	saved data to 'C:\\Users\\M S I\\OneDrive\\Documents\\GitHub\\Research-Project\\data\\636223_Cheese_2026-01-02_19h08.43.740.csv'
5.3709 	INFO 	saved data to C:\Users\M S I\OneDrive\Documents\GitHub\Research-Project\data\636223_Cheese_2026-01-02_19h08.43.740.psydat
7.1961 	WARNING 	Stopping key buffers but this could be dangerous ifother keyboards rely on the same.
