18.7782 	INFO 	Loaded monitor calibration from ['2025_12_23 12:18']
18.8229 	WARNING 	User requested fullscreen with size [1024  768], but screen is actually [1920, 1080]. Using actual size
21.4173 	INFO 	Using renderer 'Intel(R) UHD Graphics' for graphics
21.4174 	INFO 	OpenGL version supported by driver is 4..
21.4412 	EXP 	Created window1 = Window(allowGUI=True, allowStencil=False, autoLog=True, backendConf=UNKNOWN, backgroundFit=<method-wrapper '__getattribute__' of attributeSetter object at 0x00000241C1305750>, backgroundImage=<method-wrapper '__getattribute__' of attributeSetter object at 0x00000241C1305720>, bitsMode=UNKNOWN, blendMode='avg', bpc=(8, 8, 8), color=array([-1., -1., -1.]), colorSpace='rgb', depthBits=8, fullscr=True, gamma=None, gammaErrorPolicy='raise', infoMsg=UNKNOWN, lms=UNKNOWN, monitor=<psychopy.monitors.calibTools.Monitor object at 0x00000241BD219420>, multiSample=False, name='window1', numSamples=2, pos=[np.float64(0.0), np.float64(0.0)], screen=0, size=array([1920, 1080]), stencilBits=0, stereo=False, title='PsychoPy', units='height', useFBO=True, useRetina=False, viewOri=0.0, viewPos=None, viewScale=None, waitBlanking=True, winType='pyglet')
21.4413 	EXP 	window1: backgroundImage = ''
21.4414 	EXP 	window1: backgroundFit = 'none'
21.9501 	EXP 	window1: Attempting to measure frame rate of screen (0) ...
21.9501 	EXP 	window1: recordFrameIntervals = False
22.0149 	EXP 	window1: recordFrameIntervals = True
22.0917 	EXP 	Screen (0) actual frame rate measured at 143.72Hz
22.0918 	EXP 	window1: recordFrameIntervals = False
36.0766 	INFO 	keyboard.Keyboard is using ptb backend.
36.0767 	EXP 	Cheese: status = STARTED
36.1415 	EXP 	Created text = TextStim(__class__=<class 'psychopy.visual.text.TextStim'>, alignHoriz=method-wrapper(...), alignText='center', alignVert=method-wrapper(...), anchorHoriz='center', anchorVert='center', antialias=True, autoDraw=False, autoLog=True, bold=False, color=array([1., 1., 1.]), colorSpace='rgb', contrast=1.0, depth=0.0, draggable=False, flipHoriz=False, flipVert=False, font='Arial', fontFiles=[], height=0.05, italic=False, languageStyle='LTR', name='text', opacity=1, ori=0.0, pos=array([0. , 0.3]), rgb=UNKNOWN, text='', units='height', win=Window(...), wrapWidth=1)
36.2080 	EXP 	Created ambewela = ImageStim(__class__=<class 'psychopy.visual.image.ImageStim'>, anchor=('center', 'center'), autoLog=True, color=array([1., 1., 1.]), colorSpace='rgb', contrast=1.0, depth=-1.0, draggable=False, flipHoriz=np.False_, flipVert=np.False_, image='default.png', interpolate=True, mask=None, maskParams=None, name='ambewela', opacity=1.0, ori=0.0, pos=array([-0.6,  0. ]), size=array([0.2, 0.2]), texRes=128.0, units='height', win=Window(...))
36.2214 	EXP 	Created kothmale = ImageStim(__class__=<class 'psychopy.visual.image.ImageStim'>, anchor=('center', 'center'), autoLog=True, color=array([1., 1., 1.]), colorSpace='rgb', contrast=1.0, depth=-2.0, draggable=False, flipHoriz=np.False_, flipVert=np.False_, image='default.png', interpolate=True, mask=None, maskParams=None, name='kothmale', opacity=1.0, ori=0.0, pos=array([-0.3,  0. ]), size=array([0.2, 0.2]), texRes=128.0, units='height', win=Window(...))
36.2377 	EXP 	Created happycow = ImageStim(__class__=<class 'psychopy.visual.image.ImageStim'>, anchor=('center', 'center'), autoLog=True, color=array([1., 1., 1.]), colorSpace='rgb', contrast=1.0, depth=-3.0, draggable=False, flipHoriz=np.False_, flipVert=np.False_, image='default.png', interpolate=True, mask=None, maskParams=None, name='happycow', opacity=1.0, ori=0.0, pos=array([0., 0.]), size=array([0.2, 0.2]), texRes=128.0, units='height', win=Window(...))
36.2508 	EXP 	Created kraft = ImageStim(__class__=<class 'psychopy.visual.image.ImageStim'>, anchor=('center', 'center'), autoLog=True, color=array([1., 1., 1.]), colorSpace='rgb', contrast=1.0, depth=-4.0, draggable=False, flipHoriz=np.False_, flipVert=np.False_, image='default.png', interpolate=True, mask=None, maskParams=None, name='kraft', opacity=1.0, ori=0.0, pos=array([0.3, 0. ]), size=array([0.2, 0.2]), texRes=128.0, units='height', win=Window(...))
36.2684 	EXP 	Created richlife = ImageStim(__class__=<class 'psychopy.visual.image.ImageStim'>, anchor=('center', 'center'), autoLog=True, color=array([1., 1., 1.]), colorSpace='rgb', contrast=1.0, depth=-5.0, draggable=False, flipHoriz=np.False_, flipVert=np.False_, image='default.png', interpolate=True, mask=None, maskParams=None, name='richlife', opacity=1.0, ori=0.0, pos=array([0.6, 0. ]), size=array([0.2, 0.2]), texRes=128.0, units='height', win=Window(...))
36.6762 	EXP 	Created text_2 = TextStim(__class__=<class 'psychopy.visual.text.TextStim'>, alignHoriz=method-wrapper(...), alignText='center', alignVert=method-wrapper(...), anchorHoriz='center', anchorVert='center', antialias=True, autoDraw=False, autoLog=True, bold=False, color=array([1., 1., 1.]), colorSpace='rgb', contrast=1.0, depth=-6.0, draggable=False, flipHoriz=False, flipVert=False, font='Arial', fontFiles=[], height=np.float64(0.02), italic=False, languageStyle='LTR', name='text_2', opacity=1, ori=0.0, pos=array([-0.6, -0.3]), rgb=UNKNOWN, text=str(...), units='height', win=Window(...), wrapWidth=1)
36.6967 	EXP 	Created text_3 = TextStim(__class__=<class 'psychopy.visual.text.TextStim'>, alignHoriz=method-wrapper(...), alignText='center', alignVert=method-wrapper(...), anchorHoriz='center', anchorVert='center', antialias=True, autoDraw=False, autoLog=True, bold=False, color=array([1., 1., 1.]), colorSpace='rgb', contrast=1.0, depth=-7.0, draggable=False, flipHoriz=False, flipVert=False, font='Arial', fontFiles=[], height=np.float64(0.02), italic=False, languageStyle='LTR', name='text_3', opacity=1, ori=0.0, pos=array([-0.3, -0.3]), rgb=UNKNOWN, text='Kothmale Cheddar\n250 g \nRs 1300', units='height', win=Window(...), wrapWidth=1)
36.7090 	EXP 	Created text_4 = TextStim(__class__=<class 'psychopy.visual.text.TextStim'>, alignHoriz=method-wrapper(...), alignText='center', alignVert=method-wrapper(...), anchorHoriz='center', anchorVert='center', antialias=True, autoDraw=False, autoLog=True, bold=False, color=array([1., 1., 1.]), colorSpace='rgb', contrast=1.0, depth=-8.0, draggable=False, flipHoriz=False, flipVert=False, font='Arial', fontFiles=[], height=np.float64(0.02), italic=False, languageStyle='LTR', name='text_4', opacity=1, ori=0.0, pos=array([ 0. , -0.3]), rgb=UNKNOWN, text='HappyCow Cheese\n340 g\nRs 1200', units='height', win=Window(...), wrapWidth=1)
36.7198 	EXP 	Created text_5 = TextStim(__class__=<class 'psychopy.visual.text.TextStim'>, alignHoriz=method-wrapper(...), alignText='center', alignVert=method-wrapper(...), anchorHoriz='center', anchorVert='center', antialias=True, autoDraw=False, autoLog=True, bold=False, color=array([1., 1., 1.]), colorSpace='rgb', contrast=1.0, depth=-9.0, draggable=False, flipHoriz=False, flipVert=False, font='Arial', fontFiles=[], height=np.float64(0.02), italic=False, languageStyle='LTR', name='text_5', opacity=1, ori=0.0, pos=array([ 0.3, -0.3]), rgb=UNKNOWN, text='Kraft Cheddar Cheese\n250 g\nRs 2590', units='height', win=Window(...), wrapWidth=1)
36.7342 	EXP 	Created text_6 = TextStim(__class__=<class 'psychopy.visual.text.TextStim'>, alignHoriz=method-wrapper(...), alignText='center', alignVert=method-wrapper(...), anchorHoriz='center', anchorVert='center', antialias=True, autoDraw=False, autoLog=True, bold=False, color=array([1., 1., 1.]), colorSpace='rgb', contrast=1.0, depth=-10.0, draggable=False, flipHoriz=False, flipVert=False, font='Arial', fontFiles=[], height=np.float64(0.02), italic=False, languageStyle='LTR', name='text_6', opacity=1, ori=0.0, pos=array([ 0.6, -0.3]), rgb=UNKNOWN, text='Rich Life Cheddar Cheese\n100 g\nRs 625', units='height', win=Window(...), wrapWidth=1)
36.7607 	EXP 	Created text_7 = TextStim(__class__=<class 'psychopy.visual.text.TextStim'>, alignHoriz=method-wrapper(...), alignText='center', alignVert=method-wrapper(...), anchorHoriz='center', anchorVert='center', antialias=True, autoDraw=False, autoLog=True, bold=False, color=array([1., 1., 1.]), colorSpace='rgb', contrast=1.0, depth=0.0, draggable=False, flipHoriz=False, flipVert=False, font='Arial', fontFiles=[], height=np.float64(0.05), italic=False, languageStyle='LTR', name='text_7', opacity=1, ori=0.0, pos=array([0. , 0.3]), rgb=UNKNOWN, text='Which one are you going to buy ?', units='height', win=Window(...), wrapWidth=1)
36.7708 	EXP 	Created highlandYoghurt = ImageStim(__class__=<class 'psychopy.visual.image.ImageStim'>, anchor=('center', 'center'), autoLog=True, color=array([1., 1., 1.]), colorSpace='rgb', contrast=1.0, depth=-1.0, draggable=False, flipHoriz=np.False_, flipVert=np.False_, image='Highland yp.jpg', interpolate=True, mask=None, maskParams=None, name='highlandYoghurt', opacity=1, ori=0.0, pos=array([-0.3,  0. ]), size=array([0.3, 0.3]), texRes=128.0, units='height', win=Window(...))
36.7789 	EXP 	Created anchoryoghurt = ImageStim(__class__=<class 'psychopy.visual.image.ImageStim'>, anchor=('center', 'center'), autoLog=True, color=array([1., 1., 1.]), colorSpace='rgb', contrast=1.0, depth=-2.0, draggable=False, flipHoriz=np.False_, flipVert=np.False_, image='anchor youghurt.jpg', interpolate=True, mask=None, maskParams=None, name='anchoryoghurt', opacity=1, ori=0.0, pos=array([0., 0.]), size=array([0.3, 0.3]), texRes=128.0, units='height', win=Window(...))
36.7859 	EXP 	Created ambewelayoghurt = ImageStim(__class__=<class 'psychopy.visual.image.ImageStim'>, anchor=('center', 'center'), autoLog=True, color=array([1., 1., 1.]), colorSpace='rgb', contrast=1.0, depth=-3.0, draggable=False, flipHoriz=np.False_, flipVert=np.False_, image='ambewela yoghurt.jpg', interpolate=True, mask=None, maskParams=None, name='ambewelayoghurt', opacity=1, ori=0.0, pos=array([0.3, 0. ]), size=array([0.3, 0.3]), texRes=128.0, units='height', win=Window(...))
36.7976 	EXP 	Created pelawatteyoghurt = ImageStim(__class__=<class 'psychopy.visual.image.ImageStim'>, anchor=('center', 'center'), autoLog=True, color=array([1., 1., 1.]), colorSpace='rgb', contrast=1.0, depth=-4.0, draggable=False, flipHoriz=np.False_, flipVert=np.False_, image='pelawatteypughurt.jpeg', interpolate=True, mask=None, maskParams=None, name='pelawatteyoghurt', opacity=1, ori=0.0, pos=array([0.6, 0. ]), size=array([0.3, 0.3]), texRes=128.0, units='height', win=Window(...))
36.8544 	EXP 	Created text_8 = TextStim(__class__=<class 'psychopy.visual.text.TextStim'>, alignHoriz=method-wrapper(...), alignText='center', alignVert=method-wrapper(...), anchorHoriz='center', anchorVert='center', antialias=True, autoDraw=False, autoLog=True, bold=False, color=array([1., 1., 1.]), colorSpace='rgb', contrast=1.0, depth=-5.0, draggable=False, flipHoriz=False, flipVert=False, font='Arial', fontFiles=[], height=np.float64(0.035), italic=False, languageStyle='LTR', name='text_8', opacity=1, ori=0.0, pos=array([-0.3, -0.3]), rgb=UNKNOWN, text=str(...), units='height', win=Window(...), wrapWidth=1)
36.8897 	EXP 	Created text_9 = TextStim(__class__=<class 'psychopy.visual.text.TextStim'>, alignHoriz=method-wrapper(...), alignText='center', alignVert=method-wrapper(...), anchorHoriz='center', anchorVert='center', antialias=True, autoDraw=False, autoLog=True, bold=False, color=array([1., 1., 1.]), colorSpace='rgb', contrast=1.0, depth=-6.0, draggable=False, flipHoriz=False, flipVert=False, font='Arial', fontFiles=[], height=np.float64(0.035), italic=False, languageStyle='LTR', name='text_9', opacity=1, ori=0.0, pos=array([ 0. , -0.3]), rgb=UNKNOWN, text='Anchor Yoghurt\n     80 g\n   Rs 70', units='height', win=Window(...), wrapWidth=1)
36.9346 	EXP 	Created text_10 = TextStim(__class__=<class 'psychopy.visual.text.TextStim'>, alignHoriz=method-wrapper(...), alignText='center', alignVert=method-wrapper(...), anchorHoriz='center', anchorVert='center', antialias=True, autoDraw=False, autoLog=True, bold=False, color=array([1., 1., 1.]), colorSpace='rgb', contrast=1.0, depth=-7.0, draggable=False, flipHoriz=False, flipVert=False, font='Arial', fontFiles=[], height=np.float64(0.035), italic=False, languageStyle='LTR', name='text_10', opacity=1, ori=0.0, pos=array([ 0.3, -0.3]), rgb=UNKNOWN, text='Ambewela Yoghurt\n      80 g\n     Rs 70', units='height', win=Window(...), wrapWidth=1)
36.9760 	EXP 	Created text_11 = TextStim(__class__=<class 'psychopy.visual.text.TextStim'>, alignHoriz=method-wrapper(...), alignText='center', alignVert=method-wrapper(...), anchorHoriz='center', anchorVert='center', antialias=True, autoDraw=False, autoLog=True, bold=False, color=array([1., 1., 1.]), colorSpace='rgb', contrast=1.0, depth=-8.0, draggable=False, flipHoriz=False, flipVert=False, font='Arial', fontFiles=[], height=np.float64(0.035), italic=False, languageStyle='LTR', name='text_11', opacity=1, ori=0.0, pos=array([ 0.6, -0.3]), rgb=UNKNOWN, text='Pelawatte Yoghurt\n       80 g\n      Rs  50', units='height', win=Window(...), wrapWidth=1)
36.9833 	EXP 	Created text = TextStim(__class__=<class 'psychopy.visual.text.TextStim'>, alignHoriz=method-wrapper(...), alignText='center', alignVert=method-wrapper(...), anchorHoriz='center', anchorVert='center', antialias=True, autoDraw=False, autoLog=True, bold=False, color=array([1., 1., 1.]), colorSpace='rgb', contrast=1.0, depth=0.0, draggable=False, flipHoriz=False, flipVert=False, font='Arial', fontFiles=[], height=0.05, italic=False, languageStyle='LTR', name='text', opacity=1, ori=0.0, pos=array([0. , 0.3]), rgb=UNKNOWN, text='', units='height', win=Window(...), wrapWidth=1)
37.0131 	EXP 	Created ambewela = ImageStim(__class__=<class 'psychopy.visual.image.ImageStim'>, anchor=('center', 'center'), autoLog=True, color=array([1., 1., 1.]), colorSpace='rgb', contrast=1.0, depth=-1.0, draggable=False, flipHoriz=np.False_, flipVert=np.False_, image='default.png', interpolate=True, mask=None, maskParams=None, name='ambewela', opacity=1.0, ori=0.0, pos=array([-0.6,  0. ]), size=array([0.2, 0.2]), texRes=128.0, units='height', win=Window(...))
37.0363 	EXP 	Created kothmale = ImageStim(__class__=<class 'psychopy.visual.image.ImageStim'>, anchor=('center', 'center'), autoLog=True, color=array([1., 1., 1.]), colorSpace='rgb', contrast=1.0, depth=-2.0, draggable=False, flipHoriz=np.False_, flipVert=np.False_, image='default.png', interpolate=True, mask=None, maskParams=None, name='kothmale', opacity=1.0, ori=0.0, pos=array([-0.3,  0. ]), size=array([0.2, 0.2]), texRes=128.0, units='height', win=Window(...))
37.0604 	EXP 	Created happycow = ImageStim(__class__=<class 'psychopy.visual.image.ImageStim'>, anchor=('center', 'center'), autoLog=True, color=array([1., 1., 1.]), colorSpace='rgb', contrast=1.0, depth=-3.0, draggable=False, flipHoriz=np.False_, flipVert=np.False_, image='default.png', interpolate=True, mask=None, maskParams=None, name='happycow', opacity=1.0, ori=0.0, pos=array([0., 0.]), size=array([0.2, 0.2]), texRes=128.0, units='height', win=Window(...))
37.0818 	EXP 	Created kraft = ImageStim(__class__=<class 'psychopy.visual.image.ImageStim'>, anchor=('center', 'center'), autoLog=True, color=array([1., 1., 1.]), colorSpace='rgb', contrast=1.0, depth=-4.0, draggable=False, flipHoriz=np.False_, flipVert=np.False_, image='default.png', interpolate=True, mask=None, maskParams=None, name='kraft', opacity=1.0, ori=0.0, pos=array([0.3, 0. ]), size=array([0.2, 0.2]), texRes=128.0, units='height', win=Window(...))
37.1016 	EXP 	Created richlife = ImageStim(__class__=<class 'psychopy.visual.image.ImageStim'>, anchor=('center', 'center'), autoLog=True, color=array([1., 1., 1.]), colorSpace='rgb', contrast=1.0, depth=-5.0, draggable=False, flipHoriz=np.False_, flipVert=np.False_, image='default.png', interpolate=True, mask=None, maskParams=None, name='richlife', opacity=1.0, ori=0.0, pos=array([0.6, 0. ]), size=array([0.2, 0.2]), texRes=128.0, units='height', win=Window(...))
37.1762 	EXP 	Created text_2 = TextStim(__class__=<class 'psychopy.visual.text.TextStim'>, alignHoriz=method-wrapper(...), alignText='center', alignVert=method-wrapper(...), anchorHoriz='center', anchorVert='center', antialias=True, autoDraw=False, autoLog=True, bold=False, color=array([1., 1., 1.]), colorSpace='rgb', contrast=1.0, depth=-6.0, draggable=False, flipHoriz=False, flipVert=False, font='Arial', fontFiles=[], height=np.float64(0.02), italic=False, languageStyle='LTR', name='text_2', opacity=1, ori=0.0, pos=array([-0.6, -0.3]), rgb=UNKNOWN, text=str(...), units='height', win=Window(...), wrapWidth=1)
37.2121 	EXP 	Created text_3 = TextStim(__class__=<class 'psychopy.visual.text.TextStim'>, alignHoriz=method-wrapper(...), alignText='center', alignVert=method-wrapper(...), anchorHoriz='center', anchorVert='center', antialias=True, autoDraw=False, autoLog=True, bold=False, color=array([1., 1., 1.]), colorSpace='rgb', contrast=1.0, depth=-7.0, draggable=False, flipHoriz=False, flipVert=False, font='Arial', fontFiles=[], height=np.float64(0.02), italic=False, languageStyle='LTR', name='text_3', opacity=1, ori=0.0, pos=array([-0.3, -0.3]), rgb=UNKNOWN, text='Kothmale Cheddar\n250 g \nRs 1300', units='height', win=Window(...), wrapWidth=1)
37.2455 	EXP 	Created text_4 = TextStim(__class__=<class 'psychopy.visual.text.TextStim'>, alignHoriz=method-wrapper(...), alignText='center', alignVert=method-wrapper(...), anchorHoriz='center', anchorVert='center', antialias=True, autoDraw=False, autoLog=True, bold=False, color=array([1., 1., 1.]), colorSpace='rgb', contrast=1.0, depth=-8.0, draggable=False, flipHoriz=False, flipVert=False, font='Arial', fontFiles=[], height=np.float64(0.02), italic=False, languageStyle='LTR', name='text_4', opacity=1, ori=0.0, pos=array([ 0. , -0.3]), rgb=UNKNOWN, text='HappyCow Cheese\n340 g\nRs 1200', units='height', win=Window(...), wrapWidth=1)
37.2758 	EXP 	Created text_5 = TextStim(__class__=<class 'psychopy.visual.text.TextStim'>, alignHoriz=method-wrapper(...), alignText='center', alignVert=method-wrapper(...), anchorHoriz='center', anchorVert='center', antialias=True, autoDraw=False, autoLog=True, bold=False, color=array([1., 1., 1.]), colorSpace='rgb', contrast=1.0, depth=-9.0, draggable=False, flipHoriz=False, flipVert=False, font='Arial', fontFiles=[], height=np.float64(0.02), italic=False, languageStyle='LTR', name='text_5', opacity=1, ori=0.0, pos=array([ 0.3, -0.3]), rgb=UNKNOWN, text='Kraft Cheddar Cheese\n250 g\nRs 2590', units='height', win=Window(...), wrapWidth=1)
37.3071 	EXP 	Created text_6 = TextStim(__class__=<class 'psychopy.visual.text.TextStim'>, alignHoriz=method-wrapper(...), alignText='center', alignVert=method-wrapper(...), anchorHoriz='center', anchorVert='center', antialias=True, autoDraw=False, autoLog=True, bold=False, color=array([1., 1., 1.]), colorSpace='rgb', contrast=1.0, depth=-10.0, draggable=False, flipHoriz=False, flipVert=False, font='Arial', fontFiles=[], height=np.float64(0.02), italic=False, languageStyle='LTR', name='text_6', opacity=1, ori=0.0, pos=array([ 0.6, -0.3]), rgb=UNKNOWN, text='Rich Life Cheddar Cheese\n100 g\nRs 625', units='height', win=Window(...), wrapWidth=1)
0.2337 	EXP 	eyetracker.setRecordingState(True)
0.2347 	EXP 	eyetracker.setRecordingState(False)
0.2805 	INFO 	Keyboard events cleared
0.2801 	EXP 	ambewela: image = 'ambewelacheese.jpg'
0.2801 	EXP 	kothmale: image = 'kothmale cheese.jpg'
0.2801 	EXP 	happycow: image = 'happycow.jpeg'
0.2801 	EXP 	kraft: image = 'Kraft cheese.jpeg'
0.2801 	EXP 	richlife: image = 'richlifecheese.jpg'
0.2801 	EXP 	text: autoDraw = True
0.2801 	EXP 	ambewela: autoDraw = True
0.2801 	EXP 	kothmale: autoDraw = True
0.2801 	EXP 	happycow: autoDraw = True
0.2801 	EXP 	kraft: autoDraw = True
0.2801 	EXP 	richlife: autoDraw = True
0.2801 	EXP 	text_2: autoDraw = True
0.2801 	EXP 	text_3: autoDraw = True
0.2801 	EXP 	text_4: autoDraw = True
0.2801 	EXP 	text_5: autoDraw = True
0.2801 	EXP 	text_6: autoDraw = True
0.2801 	EXP 	text: height = np.float64(0.05)
0.2801 	EXP 	text: height = np.float64(0.05)
0.2801 	EXP 	text: height = np.float64(0.05)
0.2801 	EXP 	text: text = 'Which one are you going to buy?'
0.2828 	EXP 	eyetracker.setRecordingState(False)
0.3009 	EXP 	text: height = np.float64(0.05)
0.3009 	EXP 	text: height = np.float64(0.05)
0.3009 	EXP 	text: height = np.float64(0.05)
0.3009 	EXP 	text: text = 'Which one are you going to buy?'
0.3028 	EXP 	eyetracker.setRecordingState(False)
0.3242 	EXP 	text: height = np.float64(0.05)
0.3242 	EXP 	text: height = np.float64(0.05)
0.3242 	EXP 	text: height = np.float64(0.05)
0.3242 	EXP 	text: text = 'Which one are you going to buy?'
0.3267 	EXP 	eyetracker.setRecordingState(False)
1.5100 	EXP 	text: height = np.float64(0.05)
1.5100 	EXP 	text: height = np.float64(0.05)
1.5100 	EXP 	text: height = np.float64(0.05)
1.5100 	EXP 	text: text = 'Which one are you going to buy?'
1.5129 	EXP 	eyetracker.setRecordingState(False)
1.5231 	EXP 	text: height = np.float64(0.05)
1.5231 	EXP 	text: height = np.float64(0.05)
1.5231 	EXP 	text: height = np.float64(0.05)
1.5231 	EXP 	text: text = 'Which one are you going to buy?'
1.5240 	EXP 	eyetracker.setRecordingState(False)
1.5316 	EXP 	text: height = np.float64(0.05)
1.5316 	EXP 	text: height = np.float64(0.05)
1.5316 	EXP 	text: height = np.float64(0.05)
1.5316 	EXP 	text: text = 'Which one are you going to buy?'
1.5323 	EXP 	eyetracker.setRecordingState(False)
1.5390 	EXP 	text: height = np.float64(0.05)
1.5390 	EXP 	text: height = np.float64(0.05)
1.5390 	EXP 	text: height = np.float64(0.05)
1.5390 	EXP 	text: text = 'Which one are you going to buy?'
1.5398 	EXP 	eyetracker.setRecordingState(False)
1.5468 	EXP 	text: height = np.float64(0.05)
1.5468 	EXP 	text: height = np.float64(0.05)
1.5468 	EXP 	text: height = np.float64(0.05)
1.5468 	EXP 	text: text = 'Which one are you going to buy?'
1.5474 	EXP 	eyetracker.setRecordingState(False)
1.5540 	EXP 	text: height = np.float64(0.05)
1.5540 	EXP 	text: height = np.float64(0.05)
1.5540 	EXP 	text: height = np.float64(0.05)
1.5540 	EXP 	text: text = 'Which one are you going to buy?'
1.5548 	EXP 	eyetracker.setRecordingState(False)
1.5621 	EXP 	text: height = np.float64(0.05)
1.5621 	EXP 	text: height = np.float64(0.05)
1.5621 	EXP 	text: height = np.float64(0.05)
1.5621 	EXP 	text: text = 'Which one are you going to buy?'
1.5630 	EXP 	eyetracker.setRecordingState(False)
1.5696 	EXP 	text: height = np.float64(0.05)
1.5696 	EXP 	text: height = np.float64(0.05)
1.5696 	EXP 	text: height = np.float64(0.05)
1.5696 	EXP 	text: text = 'Which one are you going to buy?'
1.5702 	EXP 	eyetracker.setRecordingState(False)
1.5765 	EXP 	text: height = np.float64(0.05)
1.5765 	EXP 	text: height = np.float64(0.05)
1.5765 	EXP 	text: height = np.float64(0.05)
1.5765 	EXP 	text: text = 'Which one are you going to buy?'
1.5771 	EXP 	eyetracker.setRecordingState(False)
1.5832 	EXP 	text: height = np.float64(0.05)
1.5832 	EXP 	text: height = np.float64(0.05)
1.5832 	EXP 	text: height = np.float64(0.05)
1.5832 	EXP 	text: text = 'Which one are you going to buy?'
1.5837 	EXP 	eyetracker.setRecordingState(False)
1.5903 	EXP 	text: height = np.float64(0.05)
1.5903 	EXP 	text: height = np.float64(0.05)
1.5903 	EXP 	text: height = np.float64(0.05)
1.5903 	EXP 	text: text = 'Which one are you going to buy?'
1.5910 	EXP 	eyetracker.setRecordingState(False)
1.5981 	EXP 	text: height = np.float64(0.05)
1.5981 	EXP 	text: height = np.float64(0.05)
1.5981 	EXP 	text: height = np.float64(0.05)
1.5981 	EXP 	text: text = 'Which one are you going to buy?'
1.5987 	EXP 	eyetracker.setRecordingState(False)
1.6059 	EXP 	text: height = np.float64(0.05)
1.6059 	EXP 	text: height = np.float64(0.05)
1.6059 	EXP 	text: height = np.float64(0.05)
1.6059 	EXP 	text: text = 'Which one are you going to buy?'
1.6066 	EXP 	eyetracker.setRecordingState(False)
1.7075 	EXP 	text: height = np.float64(0.05)
1.7075 	EXP 	text: height = np.float64(0.05)
1.7075 	EXP 	text: height = np.float64(0.05)
1.7075 	EXP 	text: text = 'Which one are you going to buy?'
1.7083 	EXP 	eyetracker.setRecordingState(False)
1.7202 	EXP 	text: height = np.float64(0.05)
1.7202 	EXP 	text: height = np.float64(0.05)
1.7202 	EXP 	text: height = np.float64(0.05)
1.7202 	EXP 	text: text = 'Which one are you going to buy?'
1.7212 	EXP 	eyetracker.setRecordingState(False)
1.7300 	EXP 	text: height = np.float64(0.05)
1.7300 	EXP 	text: height = np.float64(0.05)
1.7300 	EXP 	text: height = np.float64(0.05)
1.7300 	EXP 	text: text = 'Which one are you going to buy?'
1.7311 	EXP 	eyetracker.setRecordingState(False)
1.7414 	EXP 	text: height = np.float64(0.05)
1.7414 	EXP 	text: height = np.float64(0.05)
1.7414 	EXP 	text: height = np.float64(0.05)
1.7414 	EXP 	text: text = 'Which one are you going to buy?'
1.7423 	EXP 	eyetracker.setRecordingState(False)
1.7515 	EXP 	text: height = np.float64(0.05)
1.7515 	EXP 	text: height = np.float64(0.05)
1.7515 	EXP 	text: height = np.float64(0.05)
1.7515 	EXP 	text: text = 'Which one are you going to buy?'
1.7525 	EXP 	eyetracker.setRecordingState(False)
1.7608 	EXP 	text: height = np.float64(0.05)
1.7608 	EXP 	text: height = np.float64(0.05)
1.7608 	EXP 	text: height = np.float64(0.05)
1.7608 	EXP 	text: text = 'Which one are you going to buy?'
1.7625 	EXP 	eyetracker.setRecordingState(False)
1.7711 	EXP 	text: height = np.float64(0.05)
1.7711 	EXP 	text: height = np.float64(0.05)
1.7711 	EXP 	text: height = np.float64(0.05)
1.7711 	EXP 	text: text = 'Which one are you going to buy?'
1.7721 	EXP 	eyetracker.setRecordingState(False)
1.7806 	EXP 	text: height = np.float64(0.05)
1.7806 	EXP 	text: height = np.float64(0.05)
1.7806 	EXP 	text: height = np.float64(0.05)
1.7806 	EXP 	text: text = 'Which one are you going to buy?'
1.7814 	EXP 	eyetracker.setRecordingState(False)
1.7893 	EXP 	text: height = np.float64(0.05)
1.7893 	EXP 	text: height = np.float64(0.05)
1.7893 	EXP 	text: height = np.float64(0.05)
1.7893 	EXP 	text: text = 'Which one are you going to buy?'
1.7904 	EXP 	eyetracker.setRecordingState(False)
1.7996 	EXP 	text: height = np.float64(0.05)
1.7996 	EXP 	text: height = np.float64(0.05)
1.7996 	EXP 	text: height = np.float64(0.05)
1.7996 	EXP 	text: text = 'Which one are you going to buy?'
1.8006 	EXP 	eyetracker.setRecordingState(False)
1.8107 	EXP 	text: height = np.float64(0.05)
1.8107 	EXP 	text: height = np.float64(0.05)
1.8107 	EXP 	text: height = np.float64(0.05)
1.8107 	EXP 	text: text = 'Which one are you going to buy?'
1.8119 	EXP 	eyetracker.setRecordingState(False)
1.8183 	EXP 	text: height = np.float64(0.05)
1.8183 	EXP 	text: height = np.float64(0.05)
1.8183 	EXP 	text: height = np.float64(0.05)
1.8183 	EXP 	text: text = 'Which one are you going to buy?'
1.8192 	EXP 	eyetracker.setRecordingState(False)
1.8281 	EXP 	text: height = np.float64(0.05)
1.8281 	EXP 	text: height = np.float64(0.05)
1.8281 	EXP 	text: height = np.float64(0.05)
1.8281 	EXP 	text: text = 'Which one are you going to buy?'
1.8289 	EXP 	eyetracker.setRecordingState(False)
1.8353 	EXP 	text: height = np.float64(0.05)
1.8353 	EXP 	text: height = np.float64(0.05)
1.8353 	EXP 	text: height = np.float64(0.05)
1.8353 	EXP 	text: text = 'Which one are you going to buy?'
1.8364 	EXP 	eyetracker.setRecordingState(False)
1.8443 	EXP 	text: height = np.float64(0.05)
1.8443 	EXP 	text: height = np.float64(0.05)
1.8443 	EXP 	text: height = np.float64(0.05)
1.8443 	EXP 	text: text = 'Which one are you going to buy?'
1.8452 	EXP 	eyetracker.setRecordingState(False)
1.8516 	EXP 	text: height = np.float64(0.05)
1.8516 	EXP 	text: height = np.float64(0.05)
1.8516 	EXP 	text: height = np.float64(0.05)
1.8516 	EXP 	text: text = 'Which one are you going to buy?'
1.8524 	EXP 	eyetracker.setRecordingState(False)
1.8602 	EXP 	text: height = np.float64(0.05)
1.8602 	EXP 	text: height = np.float64(0.05)
1.8602 	EXP 	text: height = np.float64(0.05)
1.8602 	EXP 	text: text = 'Which one are you going to buy?'
1.8610 	EXP 	eyetracker.setRecordingState(False)
1.8675 	EXP 	text: height = np.float64(0.05)
1.8675 	EXP 	text: height = np.float64(0.05)
1.8675 	EXP 	text: height = np.float64(0.05)
1.8675 	EXP 	text: text = 'Which one are you going to buy?'
1.8683 	EXP 	eyetracker.setRecordingState(False)
1.8769 	EXP 	text: height = np.float64(0.05)
1.8769 	EXP 	text: height = np.float64(0.05)
1.8769 	EXP 	text: height = np.float64(0.05)
1.8769 	EXP 	text: text = 'Which one are you going to buy?'
1.8776 	EXP 	eyetracker.setRecordingState(False)
1.8849 	EXP 	text: height = np.float64(0.05)
1.8849 	EXP 	text: height = np.float64(0.05)
1.8849 	EXP 	text: height = np.float64(0.05)
1.8849 	EXP 	text: text = 'Which one are you going to buy?'
1.8857 	EXP 	eyetracker.setRecordingState(False)
1.8935 	EXP 	text: height = np.float64(0.05)
1.8935 	EXP 	text: height = np.float64(0.05)
1.8935 	EXP 	text: height = np.float64(0.05)
1.8935 	EXP 	text: text = 'Which one are you going to buy?'
1.8944 	EXP 	eyetracker.setRecordingState(False)
1.9008 	EXP 	text: height = np.float64(0.05)
1.9008 	EXP 	text: height = np.float64(0.05)
1.9008 	EXP 	text: height = np.float64(0.05)
1.9008 	EXP 	text: text = 'Which one are you going to buy?'
1.9019 	EXP 	eyetracker.setRecordingState(False)
1.9082 	EXP 	text: height = np.float64(0.05)
1.9082 	EXP 	text: height = np.float64(0.05)
1.9082 	EXP 	text: height = np.float64(0.05)
1.9082 	EXP 	text: text = 'Which one are you going to buy?'
1.9090 	EXP 	eyetracker.setRecordingState(False)
1.9165 	EXP 	text: height = np.float64(0.05)
1.9165 	EXP 	text: height = np.float64(0.05)
1.9165 	EXP 	text: height = np.float64(0.05)
1.9165 	EXP 	text: text = 'Which one are you going to buy?'
1.9175 	EXP 	eyetracker.setRecordingState(False)
1.9255 	EXP 	text: height = np.float64(0.05)
1.9255 	EXP 	text: height = np.float64(0.05)
1.9255 	EXP 	text: height = np.float64(0.05)
1.9255 	EXP 	text: text = 'Which one are you going to buy?'
1.9262 	EXP 	eyetracker.setRecordingState(False)
1.9333 	EXP 	text: height = np.float64(0.05)
1.9333 	EXP 	text: height = np.float64(0.05)
1.9333 	EXP 	text: height = np.float64(0.05)
1.9333 	EXP 	text: text = 'Which one are you going to buy?'
1.9342 	EXP 	eyetracker.setRecordingState(False)
1.9406 	EXP 	text: height = np.float64(0.05)
1.9406 	EXP 	text: height = np.float64(0.05)
1.9406 	EXP 	text: height = np.float64(0.05)
1.9406 	EXP 	text: text = 'Which one are you going to buy?'
1.9416 	EXP 	eyetracker.setRecordingState(False)
1.9493 	EXP 	text: height = np.float64(0.05)
1.9493 	EXP 	text: height = np.float64(0.05)
1.9493 	EXP 	text: height = np.float64(0.05)
1.9493 	EXP 	text: text = 'Which one are you going to buy?'
1.9504 	EXP 	eyetracker.setRecordingState(False)
1.9576 	EXP 	text: height = np.float64(0.05)
1.9576 	EXP 	text: height = np.float64(0.05)
1.9576 	EXP 	text: height = np.float64(0.05)
1.9576 	EXP 	text: text = 'Which one are you going to buy?'
1.9583 	EXP 	eyetracker.setRecordingState(False)
1.9657 	EXP 	text: height = np.float64(0.05)
1.9657 	EXP 	text: height = np.float64(0.05)
1.9657 	EXP 	text: height = np.float64(0.05)
1.9657 	EXP 	text: text = 'Which one are you going to buy?'
1.9665 	EXP 	eyetracker.setRecordingState(False)
1.9743 	EXP 	text: height = np.float64(0.05)
1.9743 	EXP 	text: height = np.float64(0.05)
1.9743 	EXP 	text: height = np.float64(0.05)
1.9743 	EXP 	text: text = 'Which one are you going to buy?'
1.9750 	EXP 	eyetracker.setRecordingState(False)
1.9824 	EXP 	text: height = np.float64(0.05)
1.9824 	EXP 	text: height = np.float64(0.05)
1.9824 	EXP 	text: height = np.float64(0.05)
1.9824 	EXP 	text: text = 'Which one are you going to buy?'
1.9834 	EXP 	eyetracker.setRecordingState(False)
1.9897 	EXP 	text: height = np.float64(0.05)
1.9897 	EXP 	text: height = np.float64(0.05)
1.9897 	EXP 	text: height = np.float64(0.05)
1.9897 	EXP 	text: text = 'Which one are you going to buy?'
1.9905 	EXP 	eyetracker.setRecordingState(False)
1.9968 	EXP 	text: height = np.float64(0.05)
1.9968 	EXP 	text: height = np.float64(0.05)
1.9968 	EXP 	text: height = np.float64(0.05)
1.9968 	EXP 	text: text = 'Which one are you going to buy?'
1.9976 	EXP 	eyetracker.setRecordingState(False)
2.0047 	EXP 	text: height = np.float64(0.05)
2.0047 	EXP 	text: height = np.float64(0.05)
2.0047 	EXP 	text: height = np.float64(0.05)
2.0047 	EXP 	text: text = 'Which one are you going to buy?'
2.0054 	EXP 	eyetracker.setRecordingState(False)
2.0135 	EXP 	text: height = np.float64(0.05)
2.0135 	EXP 	text: height = np.float64(0.05)
2.0135 	EXP 	text: height = np.float64(0.05)
2.0135 	EXP 	text: text = 'Which one are you going to buy?'
2.0144 	EXP 	eyetracker.setRecordingState(False)
2.0229 	EXP 	text: height = np.float64(0.05)
2.0229 	EXP 	text: height = np.float64(0.05)
2.0229 	EXP 	text: height = np.float64(0.05)
2.0229 	EXP 	text: text = 'Which one are you going to buy?'
2.0236 	EXP 	eyetracker.setRecordingState(False)
2.0342 	EXP 	text: height = np.float64(0.05)
2.0342 	EXP 	text: height = np.float64(0.05)
2.0342 	EXP 	text: height = np.float64(0.05)
2.0342 	EXP 	text: text = 'Which one are you going to buy?'
2.0350 	EXP 	eyetracker.setRecordingState(False)
2.0428 	EXP 	text: height = np.float64(0.05)
2.0428 	EXP 	text: height = np.float64(0.05)
2.0428 	EXP 	text: height = np.float64(0.05)
2.0428 	EXP 	text: text = 'Which one are you going to buy?'
2.0441 	EXP 	eyetracker.setRecordingState(False)
2.0528 	EXP 	text: height = np.float64(0.05)
2.0528 	EXP 	text: height = np.float64(0.05)
2.0528 	EXP 	text: height = np.float64(0.05)
2.0528 	EXP 	text: text = 'Which one are you going to buy?'
2.0537 	EXP 	eyetracker.setRecordingState(False)
2.0609 	EXP 	text: height = np.float64(0.05)
2.0609 	EXP 	text: height = np.float64(0.05)
2.0609 	EXP 	text: height = np.float64(0.05)
2.0609 	EXP 	text: text = 'Which one are you going to buy?'
2.0616 	EXP 	eyetracker.setRecordingState(False)
2.0706 	EXP 	text: height = np.float64(0.05)
2.0706 	EXP 	text: height = np.float64(0.05)
2.0706 	EXP 	text: height = np.float64(0.05)
2.0706 	EXP 	text: text = 'Which one are you going to buy?'
2.0715 	EXP 	eyetracker.setRecordingState(False)
2.0812 	EXP 	text: height = np.float64(0.05)
2.0812 	EXP 	text: height = np.float64(0.05)
2.0812 	EXP 	text: height = np.float64(0.05)
2.0812 	EXP 	text: text = 'Which one are you going to buy?'
2.0820 	EXP 	eyetracker.setRecordingState(False)
2.0933 	EXP 	text: height = np.float64(0.05)
2.0933 	EXP 	text: height = np.float64(0.05)
2.0933 	EXP 	text: height = np.float64(0.05)
2.0933 	EXP 	text: text = 'Which one are you going to buy?'
2.0942 	EXP 	eyetracker.setRecordingState(False)
2.1036 	EXP 	text: height = np.float64(0.05)
2.1036 	EXP 	text: height = np.float64(0.05)
2.1036 	EXP 	text: height = np.float64(0.05)
2.1036 	EXP 	text: text = 'Which one are you going to buy?'
2.1044 	EXP 	eyetracker.setRecordingState(False)
2.1130 	EXP 	text: height = np.float64(0.05)
2.1130 	EXP 	text: height = np.float64(0.05)
2.1130 	EXP 	text: height = np.float64(0.05)
2.1130 	EXP 	text: text = 'Which one are you going to buy?'
2.1142 	EXP 	eyetracker.setRecordingState(False)
2.1235 	EXP 	text: height = np.float64(0.05)
2.1235 	EXP 	text: height = np.float64(0.05)
2.1235 	EXP 	text: height = np.float64(0.05)
2.1235 	EXP 	text: text = 'Which one are you going to buy?'
2.1244 	EXP 	eyetracker.setRecordingState(False)
2.1325 	EXP 	text: height = np.float64(0.05)
2.1325 	EXP 	text: height = np.float64(0.05)
2.1325 	EXP 	text: height = np.float64(0.05)
2.1325 	EXP 	text: text = 'Which one are you going to buy?'
2.1333 	EXP 	eyetracker.setRecordingState(False)
2.1412 	EXP 	text: height = np.float64(0.05)
2.1412 	EXP 	text: height = np.float64(0.05)
2.1412 	EXP 	text: height = np.float64(0.05)
2.1412 	EXP 	text: text = 'Which one are you going to buy?'
2.1422 	EXP 	eyetracker.setRecordingState(False)
2.1505 	EXP 	text: height = np.float64(0.05)
2.1505 	EXP 	text: height = np.float64(0.05)
2.1505 	EXP 	text: height = np.float64(0.05)
2.1505 	EXP 	text: text = 'Which one are you going to buy?'
2.1514 	EXP 	eyetracker.setRecordingState(False)
2.1620 	EXP 	text: height = np.float64(0.05)
2.1620 	EXP 	text: height = np.float64(0.05)
2.1620 	EXP 	text: height = np.float64(0.05)
2.1620 	EXP 	text: text = 'Which one are you going to buy?'
2.1629 	EXP 	eyetracker.setRecordingState(False)
2.1714 	EXP 	text: height = np.float64(0.05)
2.1714 	EXP 	text: height = np.float64(0.05)
2.1714 	EXP 	text: height = np.float64(0.05)
2.1714 	EXP 	text: text = 'Which one are you going to buy?'
2.1720 	EXP 	eyetracker.setRecordingState(False)
2.1787 	EXP 	text: height = np.float64(0.05)
2.1787 	EXP 	text: height = np.float64(0.05)
2.1787 	EXP 	text: height = np.float64(0.05)
2.1787 	EXP 	text: text = 'Which one are you going to buy?'
2.1797 	EXP 	eyetracker.setRecordingState(False)
2.1871 	EXP 	text: height = np.float64(0.05)
2.1871 	EXP 	text: height = np.float64(0.05)
2.1871 	EXP 	text: height = np.float64(0.05)
2.1871 	EXP 	text: text = 'Which one are you going to buy?'
2.1884 	EXP 	eyetracker.setRecordingState(False)
2.1968 	EXP 	text: height = np.float64(0.05)
2.1968 	EXP 	text: height = np.float64(0.05)
2.1968 	EXP 	text: height = np.float64(0.05)
2.1968 	EXP 	text: text = 'Which one are you going to buy?'
2.1976 	EXP 	eyetracker.setRecordingState(False)
2.2057 	EXP 	text: height = np.float64(0.05)
2.2057 	EXP 	text: height = np.float64(0.05)
2.2057 	EXP 	text: height = np.float64(0.05)
2.2057 	EXP 	text: text = 'Which one are you going to buy?'
2.2065 	EXP 	eyetracker.setRecordingState(False)
2.2166 	EXP 	text: height = np.float64(0.05)
2.2166 	EXP 	text: height = np.float64(0.05)
2.2166 	EXP 	text: height = np.float64(0.05)
2.2166 	EXP 	text: text = 'Which one are you going to buy?'
2.2174 	EXP 	eyetracker.setRecordingState(False)
2.2261 	EXP 	text: height = np.float64(0.05)
2.2261 	EXP 	text: height = np.float64(0.05)
2.2261 	EXP 	text: height = np.float64(0.05)
2.2261 	EXP 	text: text = 'Which one are you going to buy?'
2.2269 	EXP 	eyetracker.setRecordingState(False)
2.2336 	EXP 	text: height = np.float64(0.05)
2.2336 	EXP 	text: height = np.float64(0.05)
2.2336 	EXP 	text: height = np.float64(0.05)
2.2336 	EXP 	text: text = 'Which one are you going to buy?'
2.2344 	EXP 	eyetracker.setRecordingState(False)
2.2421 	EXP 	text: height = np.float64(0.05)
2.2421 	EXP 	text: height = np.float64(0.05)
2.2421 	EXP 	text: height = np.float64(0.05)
2.2421 	EXP 	text: text = 'Which one are you going to buy?'
2.2432 	EXP 	eyetracker.setRecordingState(False)
2.2519 	EXP 	text: height = np.float64(0.05)
2.2519 	EXP 	text: height = np.float64(0.05)
2.2519 	EXP 	text: height = np.float64(0.05)
2.2519 	EXP 	text: text = 'Which one are you going to buy?'
2.2528 	EXP 	eyetracker.setRecordingState(False)
2.2618 	EXP 	text: height = np.float64(0.05)
2.2618 	EXP 	text: height = np.float64(0.05)
2.2618 	EXP 	text: height = np.float64(0.05)
2.2618 	EXP 	text: text = 'Which one are you going to buy?'
2.2630 	EXP 	eyetracker.setRecordingState(False)
2.2747 	EXP 	text: height = np.float64(0.05)
2.2747 	EXP 	text: height = np.float64(0.05)
2.2747 	EXP 	text: height = np.float64(0.05)
2.2747 	EXP 	text: text = 'Which one are you going to buy?'
2.2757 	EXP 	eyetracker.setRecordingState(False)
2.2828 	EXP 	text: height = np.float64(0.05)
2.2828 	EXP 	text: height = np.float64(0.05)
2.2828 	EXP 	text: height = np.float64(0.05)
2.2828 	EXP 	text: text = 'Which one are you going to buy?'
2.2836 	EXP 	eyetracker.setRecordingState(False)
2.2920 	EXP 	text: height = np.float64(0.05)
2.2920 	EXP 	text: height = np.float64(0.05)
2.2920 	EXP 	text: height = np.float64(0.05)
2.2920 	EXP 	text: text = 'Which one are you going to buy?'
2.2933 	EXP 	eyetracker.setRecordingState(False)
2.3024 	EXP 	text: height = np.float64(0.05)
2.3024 	EXP 	text: height = np.float64(0.05)
2.3024 	EXP 	text: height = np.float64(0.05)
2.3024 	EXP 	text: text = 'Which one are you going to buy?'
2.3032 	EXP 	eyetracker.setRecordingState(False)
2.3106 	EXP 	text: height = np.float64(0.05)
2.3106 	EXP 	text: height = np.float64(0.05)
2.3106 	EXP 	text: height = np.float64(0.05)
2.3106 	EXP 	text: text = 'Which one are you going to buy?'
2.3115 	EXP 	eyetracker.setRecordingState(False)
2.3200 	EXP 	text: height = np.float64(0.05)
2.3200 	EXP 	text: height = np.float64(0.05)
2.3200 	EXP 	text: height = np.float64(0.05)
2.3200 	EXP 	text: text = 'Which one are you going to buy?'
2.3212 	EXP 	eyetracker.setRecordingState(False)
2.3305 	EXP 	text: height = np.float64(0.05)
2.3305 	EXP 	text: height = np.float64(0.05)
2.3305 	EXP 	text: height = np.float64(0.05)
2.3305 	EXP 	text: text = 'Which one are you going to buy?'
2.3313 	EXP 	eyetracker.setRecordingState(False)
2.3386 	EXP 	text: height = np.float64(0.05)
2.3386 	EXP 	text: height = np.float64(0.05)
2.3386 	EXP 	text: height = np.float64(0.05)
2.3386 	EXP 	text: text = 'Which one are you going to buy?'
2.3393 	EXP 	eyetracker.setRecordingState(False)
2.3485 	EXP 	text: height = np.float64(0.05)
2.3485 	EXP 	text: height = np.float64(0.05)
2.3485 	EXP 	text: height = np.float64(0.05)
2.3485 	EXP 	text: text = 'Which one are you going to buy?'
2.3493 	EXP 	eyetracker.setRecordingState(False)
2.3583 	EXP 	text: height = np.float64(0.05)
2.3583 	EXP 	text: height = np.float64(0.05)
2.3583 	EXP 	text: height = np.float64(0.05)
2.3583 	EXP 	text: text = 'Which one are you going to buy?'
2.3593 	EXP 	eyetracker.setRecordingState(False)
2.3680 	EXP 	text: height = np.float64(0.05)
2.3680 	EXP 	text: height = np.float64(0.05)
2.3680 	EXP 	text: height = np.float64(0.05)
2.3680 	EXP 	text: text = 'Which one are you going to buy?'
2.3693 	EXP 	eyetracker.setRecordingState(False)
2.3780 	EXP 	text: height = np.float64(0.05)
2.3780 	EXP 	text: height = np.float64(0.05)
2.3780 	EXP 	text: height = np.float64(0.05)
2.3780 	EXP 	text: text = 'Which one are you going to buy?'
2.3788 	EXP 	eyetracker.setRecordingState(False)
2.3862 	EXP 	text: height = np.float64(0.05)
2.3862 	EXP 	text: height = np.float64(0.05)
2.3862 	EXP 	text: height = np.float64(0.05)
2.3862 	EXP 	text: text = 'Which one are you going to buy?'
2.3871 	EXP 	eyetracker.setRecordingState(False)
2.3958 	EXP 	text: height = np.float64(0.05)
2.3958 	EXP 	text: height = np.float64(0.05)
2.3958 	EXP 	text: height = np.float64(0.05)
2.3958 	EXP 	text: text = 'Which one are you going to buy?'
2.3969 	EXP 	eyetracker.setRecordingState(False)
2.4048 	EXP 	text: height = np.float64(0.05)
2.4048 	EXP 	text: height = np.float64(0.05)
2.4048 	EXP 	text: height = np.float64(0.05)
2.4048 	EXP 	text: text = 'Which one are you going to buy?'
2.4055 	EXP 	eyetracker.setRecordingState(False)
2.4153 	EXP 	text: height = np.float64(0.05)
2.4153 	EXP 	text: height = np.float64(0.05)
2.4153 	EXP 	text: height = np.float64(0.05)
2.4153 	EXP 	text: text = 'Which one are you going to buy?'
2.4162 	EXP 	eyetracker.setRecordingState(False)
2.4258 	EXP 	text: height = np.float64(0.05)
2.4258 	EXP 	text: height = np.float64(0.05)
2.4258 	EXP 	text: height = np.float64(0.05)
2.4258 	EXP 	text: text = 'Which one are you going to buy?'
2.4268 	EXP 	eyetracker.setRecordingState(False)
2.4357 	EXP 	text: height = np.float64(0.05)
2.4357 	EXP 	text: height = np.float64(0.05)
2.4357 	EXP 	text: height = np.float64(0.05)
2.4357 	EXP 	text: text = 'Which one are you going to buy?'
2.4365 	EXP 	eyetracker.setRecordingState(False)
2.4470 	EXP 	text: height = np.float64(0.05)
2.4470 	EXP 	text: height = np.float64(0.05)
2.4470 	EXP 	text: height = np.float64(0.05)
2.4470 	EXP 	text: text = 'Which one are you going to buy?'
2.4480 	EXP 	eyetracker.setRecordingState(False)
2.4589 	EXP 	text: height = np.float64(0.05)
2.4589 	EXP 	text: height = np.float64(0.05)
2.4589 	EXP 	text: height = np.float64(0.05)
2.4589 	EXP 	text: text = 'Which one are you going to buy?'
2.4603 	EXP 	eyetracker.setRecordingState(False)
2.4701 	EXP 	text: height = np.float64(0.05)
2.4701 	EXP 	text: height = np.float64(0.05)
2.4701 	EXP 	text: height = np.float64(0.05)
2.4701 	EXP 	text: text = 'Which one are you going to buy?'
2.4711 	EXP 	eyetracker.setRecordingState(False)
2.4807 	EXP 	text: height = np.float64(0.05)
2.4807 	EXP 	text: height = np.float64(0.05)
2.4807 	EXP 	text: height = np.float64(0.05)
2.4807 	EXP 	text: text = 'Which one are you going to buy?'
2.4817 	EXP 	eyetracker.setRecordingState(False)
2.4916 	EXP 	text: height = np.float64(0.05)
2.4916 	EXP 	text: height = np.float64(0.05)
2.4916 	EXP 	text: height = np.float64(0.05)
2.4916 	EXP 	text: text = 'Which one are you going to buy?'
2.4925 	EXP 	eyetracker.setRecordingState(False)
2.5022 	EXP 	text: height = np.float64(0.05)
2.5022 	EXP 	text: height = np.float64(0.05)
2.5022 	EXP 	text: height = np.float64(0.05)
2.5022 	EXP 	text: text = 'Which one are you going to buy?'
2.5029 	EXP 	eyetracker.setRecordingState(False)
2.5120 	EXP 	text: height = np.float64(0.05)
2.5120 	EXP 	text: height = np.float64(0.05)
2.5120 	EXP 	text: height = np.float64(0.05)
2.5120 	EXP 	text: text = 'Which one are you going to buy?'
2.5128 	EXP 	eyetracker.setRecordingState(False)
2.5226 	EXP 	text: height = np.float64(0.05)
2.5226 	EXP 	text: height = np.float64(0.05)
2.5226 	EXP 	text: height = np.float64(0.05)
2.5226 	EXP 	text: text = 'Which one are you going to buy?'
2.5237 	EXP 	eyetracker.setRecordingState(False)
2.5329 	EXP 	text: height = np.float64(0.05)
2.5329 	EXP 	text: height = np.float64(0.05)
2.5329 	EXP 	text: height = np.float64(0.05)
2.5329 	EXP 	text: text = 'Which one are you going to buy?'
2.5338 	EXP 	eyetracker.setRecordingState(False)
2.5417 	EXP 	text: height = np.float64(0.05)
2.5417 	EXP 	text: height = np.float64(0.05)
2.5417 	EXP 	text: height = np.float64(0.05)
2.5417 	EXP 	text: text = 'Which one are you going to buy?'
2.5425 	EXP 	eyetracker.setRecordingState(False)
2.5525 	EXP 	text: height = np.float64(0.05)
2.5525 	EXP 	text: height = np.float64(0.05)
2.5525 	EXP 	text: height = np.float64(0.05)
2.5525 	EXP 	text: text = 'Which one are you going to buy?'
2.5536 	EXP 	eyetracker.setRecordingState(False)
2.5647 	EXP 	text: height = np.float64(0.05)
2.5647 	EXP 	text: height = np.float64(0.05)
2.5647 	EXP 	text: height = np.float64(0.05)
2.5647 	EXP 	text: text = 'Which one are you going to buy?'
2.5658 	EXP 	eyetracker.setRecordingState(False)
2.5747 	EXP 	text: height = np.float64(0.05)
2.5747 	EXP 	text: height = np.float64(0.05)
2.5747 	EXP 	text: height = np.float64(0.05)
2.5747 	EXP 	text: text = 'Which one are you going to buy?'
2.5756 	EXP 	eyetracker.setRecordingState(False)
2.5847 	EXP 	text: height = np.float64(0.05)
2.5847 	EXP 	text: height = np.float64(0.05)
2.5847 	EXP 	text: height = np.float64(0.05)
2.5847 	EXP 	text: text = 'Which one are you going to buy?'
2.5856 	EXP 	eyetracker.setRecordingState(False)
2.5927 	EXP 	text: height = np.float64(0.05)
2.5927 	EXP 	text: height = np.float64(0.05)
2.5927 	EXP 	text: height = np.float64(0.05)
2.5927 	EXP 	text: text = 'Which one are you going to buy?'
2.5934 	EXP 	eyetracker.setRecordingState(False)
2.6027 	EXP 	text: height = np.float64(0.05)
2.6027 	EXP 	text: height = np.float64(0.05)
2.6027 	EXP 	text: height = np.float64(0.05)
2.6027 	EXP 	text: text = 'Which one are you going to buy?'
2.6037 	EXP 	eyetracker.setRecordingState(False)
2.6129 	EXP 	text: height = np.float64(0.05)
2.6129 	EXP 	text: height = np.float64(0.05)
2.6129 	EXP 	text: height = np.float64(0.05)
2.6129 	EXP 	text: text = 'Which one are you going to buy?'
2.6138 	EXP 	eyetracker.setRecordingState(False)
2.6235 	EXP 	text: height = np.float64(0.05)
2.6235 	EXP 	text: height = np.float64(0.05)
2.6235 	EXP 	text: height = np.float64(0.05)
2.6235 	EXP 	text: text = 'Which one are you going to buy?'
2.6242 	EXP 	eyetracker.setRecordingState(False)
2.6314 	EXP 	text: height = np.float64(0.05)
2.6314 	EXP 	text: height = np.float64(0.05)
2.6314 	EXP 	text: height = np.float64(0.05)
2.6314 	EXP 	text: text = 'Which one are you going to buy?'
2.6322 	EXP 	eyetracker.setRecordingState(False)
2.6414 	EXP 	text: height = np.float64(0.05)
2.6414 	EXP 	text: height = np.float64(0.05)
2.6414 	EXP 	text: height = np.float64(0.05)
2.6414 	EXP 	text: text = 'Which one are you going to buy?'
2.6431 	EXP 	eyetracker.setRecordingState(False)
2.6502 	EXP 	text: height = np.float64(0.05)
2.6502 	EXP 	text: height = np.float64(0.05)
2.6502 	EXP 	text: height = np.float64(0.05)
2.6502 	EXP 	text: text = 'Which one are you going to buy?'
2.6512 	EXP 	eyetracker.setRecordingState(False)
2.6591 	EXP 	text: height = np.float64(0.05)
2.6591 	EXP 	text: height = np.float64(0.05)
2.6591 	EXP 	text: height = np.float64(0.05)
2.6591 	EXP 	text: text = 'Which one are you going to buy?'
2.6598 	EXP 	eyetracker.setRecordingState(False)
2.6680 	EXP 	text: height = np.float64(0.05)
2.6680 	EXP 	text: height = np.float64(0.05)
2.6680 	EXP 	text: height = np.float64(0.05)
2.6680 	EXP 	text: text = 'Which one are you going to buy?'
2.6693 	EXP 	eyetracker.setRecordingState(False)
2.6770 	EXP 	text: height = np.float64(0.05)
2.6770 	EXP 	text: height = np.float64(0.05)
2.6770 	EXP 	text: height = np.float64(0.05)
2.6770 	EXP 	text: text = 'Which one are you going to buy?'
2.6778 	EXP 	eyetracker.setRecordingState(False)
2.6863 	EXP 	text: height = np.float64(0.05)
2.6863 	EXP 	text: height = np.float64(0.05)
2.6863 	EXP 	text: height = np.float64(0.05)
2.6863 	EXP 	text: text = 'Which one are you going to buy?'
2.6871 	EXP 	eyetracker.setRecordingState(False)
2.6955 	EXP 	text: height = np.float64(0.05)
2.6955 	EXP 	text: height = np.float64(0.05)
2.6955 	EXP 	text: height = np.float64(0.05)
2.6955 	EXP 	text: text = 'Which one are you going to buy?'
2.6965 	EXP 	eyetracker.setRecordingState(False)
2.7051 	EXP 	text: height = np.float64(0.05)
2.7051 	EXP 	text: height = np.float64(0.05)
2.7051 	EXP 	text: height = np.float64(0.05)
2.7051 	EXP 	text: text = 'Which one are you going to buy?'
2.7058 	EXP 	eyetracker.setRecordingState(False)
2.7151 	EXP 	text: height = np.float64(0.05)
2.7151 	EXP 	text: height = np.float64(0.05)
2.7151 	EXP 	text: height = np.float64(0.05)
2.7151 	EXP 	text: text = 'Which one are you going to buy?'
2.7158 	EXP 	eyetracker.setRecordingState(False)
2.7229 	EXP 	text: height = np.float64(0.05)
2.7229 	EXP 	text: height = np.float64(0.05)
2.7229 	EXP 	text: height = np.float64(0.05)
2.7229 	EXP 	text: text = 'Which one are you going to buy?'
2.7239 	EXP 	eyetracker.setRecordingState(False)
2.7310 	EXP 	text: height = np.float64(0.05)
2.7310 	EXP 	text: height = np.float64(0.05)
2.7310 	EXP 	text: height = np.float64(0.05)
2.7310 	EXP 	text: text = 'Which one are you going to buy?'
2.7323 	EXP 	eyetracker.setRecordingState(False)
2.7398 	EXP 	text: height = np.float64(0.05)
2.7398 	EXP 	text: height = np.float64(0.05)
2.7398 	EXP 	text: height = np.float64(0.05)
2.7398 	EXP 	text: text = 'Which one are you going to buy?'
2.7405 	EXP 	eyetracker.setRecordingState(False)
2.7480 	EXP 	text: height = np.float64(0.05)
2.7480 	EXP 	text: height = np.float64(0.05)
2.7480 	EXP 	text: height = np.float64(0.05)
2.7480 	EXP 	text: text = 'Which one are you going to buy?'
2.7489 	EXP 	eyetracker.setRecordingState(False)
2.7562 	EXP 	text: height = np.float64(0.05)
2.7562 	EXP 	text: height = np.float64(0.05)
2.7562 	EXP 	text: height = np.float64(0.05)
2.7562 	EXP 	text: text = 'Which one are you going to buy?'
2.7568 	EXP 	eyetracker.setRecordingState(False)
2.7636 	EXP 	text: height = np.float64(0.05)
2.7636 	EXP 	text: height = np.float64(0.05)
2.7636 	EXP 	text: height = np.float64(0.05)
2.7636 	EXP 	text: text = 'Which one are you going to buy?'
2.7645 	EXP 	eyetracker.setRecordingState(False)
2.7723 	EXP 	text: height = np.float64(0.05)
2.7723 	EXP 	text: height = np.float64(0.05)
2.7723 	EXP 	text: height = np.float64(0.05)
2.7723 	EXP 	text: text = 'Which one are you going to buy?'
2.7733 	EXP 	eyetracker.setRecordingState(False)
2.7817 	EXP 	text: height = np.float64(0.05)
2.7817 	EXP 	text: height = np.float64(0.05)
2.7817 	EXP 	text: height = np.float64(0.05)
2.7817 	EXP 	text: text = 'Which one are you going to buy?'
2.7824 	EXP 	eyetracker.setRecordingState(False)
2.7908 	EXP 	text: height = np.float64(0.05)
2.7908 	EXP 	text: height = np.float64(0.05)
2.7908 	EXP 	text: height = np.float64(0.05)
2.7908 	EXP 	text: text = 'Which one are you going to buy?'
2.7915 	EXP 	eyetracker.setRecordingState(False)
2.7988 	EXP 	text: height = np.float64(0.05)
2.7988 	EXP 	text: height = np.float64(0.05)
2.7988 	EXP 	text: height = np.float64(0.05)
2.7988 	EXP 	text: text = 'Which one are you going to buy?'
2.7994 	EXP 	eyetracker.setRecordingState(False)
2.8072 	EXP 	text: height = np.float64(0.05)
2.8072 	EXP 	text: height = np.float64(0.05)
2.8072 	EXP 	text: height = np.float64(0.05)
2.8072 	EXP 	text: text = 'Which one are you going to buy?'
2.8083 	EXP 	eyetracker.setRecordingState(False)
2.8181 	EXP 	text: height = np.float64(0.05)
2.8181 	EXP 	text: height = np.float64(0.05)
2.8181 	EXP 	text: height = np.float64(0.05)
2.8181 	EXP 	text: text = 'Which one are you going to buy?'
2.8194 	EXP 	eyetracker.setRecordingState(False)
2.8305 	EXP 	text: height = np.float64(0.05)
2.8305 	EXP 	text: height = np.float64(0.05)
2.8305 	EXP 	text: height = np.float64(0.05)
2.8305 	EXP 	text: text = 'Which one are you going to buy?'
2.8318 	EXP 	eyetracker.setRecordingState(False)
2.8452 	EXP 	text: height = np.float64(0.05)
2.8452 	EXP 	text: height = np.float64(0.05)
2.8452 	EXP 	text: height = np.float64(0.05)
2.8452 	EXP 	text: text = 'Which one are you going to buy?'
2.8466 	EXP 	eyetracker.setRecordingState(False)
2.8579 	EXP 	text: height = np.float64(0.05)
2.8579 	EXP 	text: height = np.float64(0.05)
2.8579 	EXP 	text: height = np.float64(0.05)
2.8579 	EXP 	text: text = 'Which one are you going to buy?'
2.8588 	EXP 	eyetracker.setRecordingState(False)
2.8673 	EXP 	text: height = np.float64(0.05)
2.8673 	EXP 	text: height = np.float64(0.05)
2.8673 	EXP 	text: height = np.float64(0.05)
2.8673 	EXP 	text: text = 'Which one are you going to buy?'
2.8681 	EXP 	eyetracker.setRecordingState(False)
2.8785 	EXP 	text: height = np.float64(0.05)
2.8785 	EXP 	text: height = np.float64(0.05)
2.8785 	EXP 	text: height = np.float64(0.05)
2.8785 	EXP 	text: text = 'Which one are you going to buy?'
2.8795 	EXP 	eyetracker.setRecordingState(False)
2.8894 	EXP 	text: height = np.float64(0.05)
2.8894 	EXP 	text: height = np.float64(0.05)
2.8894 	EXP 	text: height = np.float64(0.05)
2.8894 	EXP 	text: text = 'Which one are you going to buy?'
2.8905 	EXP 	eyetracker.setRecordingState(False)
2.9013 	EXP 	text: height = np.float64(0.05)
2.9013 	EXP 	text: height = np.float64(0.05)
2.9013 	EXP 	text: height = np.float64(0.05)
2.9013 	EXP 	text: text = 'Which one are you going to buy?'
2.9025 	EXP 	eyetracker.setRecordingState(False)
2.9163 	EXP 	text: height = np.float64(0.05)
2.9163 	EXP 	text: height = np.float64(0.05)
2.9163 	EXP 	text: height = np.float64(0.05)
2.9163 	EXP 	text: text = 'Which one are you going to buy?'
2.9176 	EXP 	eyetracker.setRecordingState(False)
2.9312 	EXP 	text: height = np.float64(0.05)
2.9312 	EXP 	text: height = np.float64(0.05)
2.9312 	EXP 	text: height = np.float64(0.05)
2.9312 	EXP 	text: text = 'Which one are you going to buy?'
2.9325 	EXP 	eyetracker.setRecordingState(False)
2.9436 	EXP 	text: height = np.float64(0.05)
2.9436 	EXP 	text: height = np.float64(0.05)
2.9436 	EXP 	text: height = np.float64(0.05)
2.9436 	EXP 	text: text = 'Which one are you going to buy?'
2.9448 	EXP 	eyetracker.setRecordingState(False)
2.9549 	EXP 	text: height = np.float64(0.05)
2.9549 	EXP 	text: height = np.float64(0.05)
2.9549 	EXP 	text: height = np.float64(0.05)
2.9549 	EXP 	text: text = 'Which one are you going to buy?'
2.9565 	EXP 	eyetracker.setRecordingState(False)
2.9693 	EXP 	text: height = np.float64(0.05)
2.9693 	EXP 	text: height = np.float64(0.05)
2.9693 	EXP 	text: height = np.float64(0.05)
2.9693 	EXP 	text: text = 'Which one are you going to buy?'
2.9710 	EXP 	eyetracker.setRecordingState(False)
2.9876 	EXP 	text: height = np.float64(0.05)
2.9876 	EXP 	text: height = np.float64(0.05)
2.9876 	EXP 	text: height = np.float64(0.05)
2.9876 	EXP 	text: text = 'Which one are you going to buy?'
2.9893 	EXP 	eyetracker.setRecordingState(False)
3.0022 	EXP 	text: height = np.float64(0.05)
3.0022 	EXP 	text: height = np.float64(0.05)
3.0022 	EXP 	text: height = np.float64(0.05)
3.0022 	EXP 	text: text = 'Which one are you going to buy?'
3.0035 	EXP 	eyetracker.setRecordingState(False)
3.0170 	EXP 	text: height = np.float64(0.05)
3.0170 	EXP 	text: height = np.float64(0.05)
3.0170 	EXP 	text: height = np.float64(0.05)
3.0170 	EXP 	text: text = 'Which one are you going to buy?'
3.0184 	EXP 	eyetracker.setRecordingState(False)
3.0309 	EXP 	text: height = np.float64(0.05)
3.0309 	EXP 	text: height = np.float64(0.05)
3.0309 	EXP 	text: height = np.float64(0.05)
3.0309 	EXP 	text: text = 'Which one are you going to buy?'
3.0332 	EXP 	eyetracker.setRecordingState(False)
3.0510 	EXP 	text: height = np.float64(0.05)
3.0510 	EXP 	text: height = np.float64(0.05)
3.0510 	EXP 	text: height = np.float64(0.05)
3.0510 	EXP 	text: text = 'Which one are you going to buy?'
3.0532 	EXP 	eyetracker.setRecordingState(False)
3.0673 	EXP 	text: height = np.float64(0.05)
3.0673 	EXP 	text: height = np.float64(0.05)
3.0673 	EXP 	text: height = np.float64(0.05)
3.0673 	EXP 	text: text = 'Which one are you going to buy?'
3.0689 	EXP 	eyetracker.setRecordingState(False)
3.0826 	EXP 	text: height = np.float64(0.05)
3.0826 	EXP 	text: height = np.float64(0.05)
3.0826 	EXP 	text: height = np.float64(0.05)
3.0826 	EXP 	text: text = 'Which one are you going to buy?'
3.0844 	EXP 	eyetracker.setRecordingState(False)
3.0983 	EXP 	text: height = np.float64(0.05)
3.0983 	EXP 	text: height = np.float64(0.05)
3.0983 	EXP 	text: height = np.float64(0.05)
3.0983 	EXP 	text: text = 'Which one are you going to buy?'
3.0995 	EXP 	eyetracker.setRecordingState(False)
3.1121 	EXP 	text: height = np.float64(0.05)
3.1121 	EXP 	text: height = np.float64(0.05)
3.1121 	EXP 	text: height = np.float64(0.05)
3.1121 	EXP 	text: text = 'Which one are you going to buy?'
3.1135 	EXP 	eyetracker.setRecordingState(False)
3.1259 	EXP 	text: height = np.float64(0.05)
3.1259 	EXP 	text: height = np.float64(0.05)
3.1259 	EXP 	text: height = np.float64(0.05)
3.1259 	EXP 	text: text = 'Which one are you going to buy?'
3.1269 	EXP 	eyetracker.setRecordingState(False)
3.1366 	EXP 	text: height = np.float64(0.05)
3.1366 	EXP 	text: height = np.float64(0.05)
3.1366 	EXP 	text: height = np.float64(0.05)
3.1366 	EXP 	text: text = 'Which one are you going to buy?'
3.1383 	EXP 	eyetracker.setRecordingState(False)
3.1506 	EXP 	text: height = np.float64(0.05)
3.1506 	EXP 	text: height = np.float64(0.05)
3.1506 	EXP 	text: height = np.float64(0.05)
3.1506 	EXP 	text: text = 'Which one are you going to buy?'
3.1522 	EXP 	eyetracker.setRecordingState(False)
3.1665 	EXP 	text: height = np.float64(0.05)
3.1665 	EXP 	text: height = np.float64(0.05)
3.1665 	EXP 	text: height = np.float64(0.05)
3.1665 	EXP 	text: text = 'Which one are you going to buy?'
3.1680 	EXP 	eyetracker.setRecordingState(False)
3.1805 	EXP 	text: height = np.float64(0.05)
3.1805 	EXP 	text: height = np.float64(0.05)
3.1805 	EXP 	text: height = np.float64(0.05)
3.1805 	EXP 	text: text = 'Which one are you going to buy?'
3.1816 	EXP 	eyetracker.setRecordingState(False)
3.1943 	EXP 	text: height = np.float64(0.05)
3.1943 	EXP 	text: height = np.float64(0.05)
3.1943 	EXP 	text: height = np.float64(0.05)
3.1943 	EXP 	text: text = 'Which one are you going to buy?'
3.1964 	EXP 	eyetracker.setRecordingState(False)
3.2093 	EXP 	text: height = np.float64(0.05)
3.2093 	EXP 	text: height = np.float64(0.05)
3.2093 	EXP 	text: height = np.float64(0.05)
3.2093 	EXP 	text: text = 'Which one are you going to buy?'
3.2105 	EXP 	eyetracker.setRecordingState(False)
3.2237 	EXP 	text: height = np.float64(0.05)
3.2237 	EXP 	text: height = np.float64(0.05)
3.2237 	EXP 	text: height = np.float64(0.05)
3.2237 	EXP 	text: text = 'Which one are you going to buy?'
3.2251 	EXP 	eyetracker.setRecordingState(False)
3.2359 	EXP 	text: height = np.float64(0.05)
3.2359 	EXP 	text: height = np.float64(0.05)
3.2359 	EXP 	text: height = np.float64(0.05)
3.2359 	EXP 	text: text = 'Which one are you going to buy?'
3.2377 	EXP 	eyetracker.setRecordingState(False)
3.2501 	EXP 	text: height = np.float64(0.05)
3.2501 	EXP 	text: height = np.float64(0.05)
3.2501 	EXP 	text: height = np.float64(0.05)
3.2501 	EXP 	text: text = 'Which one are you going to buy?'
3.2510 	EXP 	eyetracker.setRecordingState(False)
3.2595 	EXP 	text: height = np.float64(0.05)
3.2595 	EXP 	text: height = np.float64(0.05)
3.2595 	EXP 	text: height = np.float64(0.05)
3.2595 	EXP 	text: text = 'Which one are you going to buy?'
3.2603 	EXP 	eyetracker.setRecordingState(False)
3.2710 	EXP 	text: height = np.float64(0.05)
3.2710 	EXP 	text: height = np.float64(0.05)
3.2710 	EXP 	text: height = np.float64(0.05)
3.2710 	EXP 	text: text = 'Which one are you going to buy?'
3.2723 	EXP 	eyetracker.setRecordingState(False)
3.2815 	EXP 	text: height = np.float64(0.05)
3.2815 	EXP 	text: height = np.float64(0.05)
3.2815 	EXP 	text: height = np.float64(0.05)
3.2815 	EXP 	text: text = 'Which one are you going to buy?'
3.2826 	EXP 	eyetracker.setRecordingState(False)
3.2921 	EXP 	text: height = np.float64(0.05)
3.2921 	EXP 	text: height = np.float64(0.05)
3.2921 	EXP 	text: height = np.float64(0.05)
3.2921 	EXP 	text: text = 'Which one are you going to buy?'
3.2933 	EXP 	eyetracker.setRecordingState(False)
3.3004 	EXP 	text: height = np.float64(0.05)
3.3004 	EXP 	text: height = np.float64(0.05)
3.3004 	EXP 	text: height = np.float64(0.05)
3.3004 	EXP 	text: text = 'Which one are you going to buy?'
3.3012 	EXP 	eyetracker.setRecordingState(False)
3.3098 	EXP 	text: height = np.float64(0.05)
3.3098 	EXP 	text: height = np.float64(0.05)
3.3098 	EXP 	text: height = np.float64(0.05)
3.3098 	EXP 	text: text = 'Which one are you going to buy?'
3.3105 	EXP 	eyetracker.setRecordingState(False)
3.3180 	EXP 	text: height = np.float64(0.05)
3.3180 	EXP 	text: height = np.float64(0.05)
3.3180 	EXP 	text: height = np.float64(0.05)
3.3180 	EXP 	text: text = 'Which one are you going to buy?'
3.3188 	EXP 	eyetracker.setRecordingState(False)
3.3266 	EXP 	text: height = np.float64(0.05)
3.3266 	EXP 	text: height = np.float64(0.05)
3.3266 	EXP 	text: height = np.float64(0.05)
3.3266 	EXP 	text: text = 'Which one are you going to buy?'
3.3278 	EXP 	eyetracker.setRecordingState(False)
3.3352 	EXP 	text: height = np.float64(0.05)
3.3352 	EXP 	text: height = np.float64(0.05)
3.3352 	EXP 	text: height = np.float64(0.05)
3.3352 	EXP 	text: text = 'Which one are you going to buy?'
3.3361 	EXP 	eyetracker.setRecordingState(False)
3.3431 	EXP 	text: height = np.float64(0.05)
3.3431 	EXP 	text: height = np.float64(0.05)
3.3431 	EXP 	text: height = np.float64(0.05)
3.3431 	EXP 	text: text = 'Which one are you going to buy?'
3.3439 	EXP 	eyetracker.setRecordingState(False)
3.3516 	EXP 	text: height = np.float64(0.05)
3.3516 	EXP 	text: height = np.float64(0.05)
3.3516 	EXP 	text: height = np.float64(0.05)
3.3516 	EXP 	text: text = 'Which one are you going to buy?'
3.3523 	EXP 	eyetracker.setRecordingState(False)
3.3603 	EXP 	text: height = np.float64(0.05)
3.3603 	EXP 	text: height = np.float64(0.05)
3.3603 	EXP 	text: height = np.float64(0.05)
3.3603 	EXP 	text: text = 'Which one are you going to buy?'
3.3612 	EXP 	eyetracker.setRecordingState(False)
3.3725 	EXP 	text: height = np.float64(0.05)
3.3725 	EXP 	text: height = np.float64(0.05)
3.3725 	EXP 	text: height = np.float64(0.05)
3.3725 	EXP 	text: text = 'Which one are you going to buy?'
3.3734 	EXP 	eyetracker.setRecordingState(False)
3.3827 	EXP 	text: height = np.float64(0.05)
3.3827 	EXP 	text: height = np.float64(0.05)
3.3827 	EXP 	text: height = np.float64(0.05)
3.3827 	EXP 	text: text = 'Which one are you going to buy?'
3.3844 	EXP 	eyetracker.setRecordingState(False)
3.3977 	EXP 	text: height = np.float64(0.05)
3.3977 	EXP 	text: height = np.float64(0.05)
3.3977 	EXP 	text: height = np.float64(0.05)
3.3977 	EXP 	text: text = 'Which one are you going to buy?'
3.3997 	EXP 	eyetracker.setRecordingState(False)
3.4128 	EXP 	text: height = np.float64(0.05)
3.4128 	EXP 	text: height = np.float64(0.05)
3.4128 	EXP 	text: height = np.float64(0.05)
3.4128 	EXP 	text: text = 'Which one are you going to buy?'
3.4143 	EXP 	eyetracker.setRecordingState(False)
3.4267 	EXP 	text: height = np.float64(0.05)
3.4267 	EXP 	text: height = np.float64(0.05)
3.4267 	EXP 	text: height = np.float64(0.05)
3.4267 	EXP 	text: text = 'Which one are you going to buy?'
3.4284 	EXP 	eyetracker.setRecordingState(False)
3.4429 	EXP 	text: height = np.float64(0.05)
3.4429 	EXP 	text: height = np.float64(0.05)
3.4429 	EXP 	text: height = np.float64(0.05)
3.4429 	EXP 	text: text = 'Which one are you going to buy?'
3.4445 	EXP 	eyetracker.setRecordingState(False)
3.4585 	EXP 	text: height = np.float64(0.05)
3.4585 	EXP 	text: height = np.float64(0.05)
3.4585 	EXP 	text: height = np.float64(0.05)
3.4585 	EXP 	text: text = 'Which one are you going to buy?'
3.4602 	EXP 	eyetracker.setRecordingState(False)
3.4743 	EXP 	text: height = np.float64(0.05)
3.4743 	EXP 	text: height = np.float64(0.05)
3.4743 	EXP 	text: height = np.float64(0.05)
3.4743 	EXP 	text: text = 'Which one are you going to buy?'
3.4766 	EXP 	eyetracker.setRecordingState(False)
3.4939 	EXP 	text: height = np.float64(0.05)
3.4939 	EXP 	text: height = np.float64(0.05)
3.4939 	EXP 	text: height = np.float64(0.05)
3.4939 	EXP 	text: text = 'Which one are you going to buy?'
3.4956 	EXP 	eyetracker.setRecordingState(False)
3.5129 	EXP 	text: height = np.float64(0.05)
3.5129 	EXP 	text: height = np.float64(0.05)
3.5129 	EXP 	text: height = np.float64(0.05)
3.5129 	EXP 	text: text = 'Which one are you going to buy?'
3.5146 	EXP 	eyetracker.setRecordingState(False)
3.5289 	EXP 	text: height = np.float64(0.05)
3.5289 	EXP 	text: height = np.float64(0.05)
3.5289 	EXP 	text: height = np.float64(0.05)
3.5289 	EXP 	text: text = 'Which one are you going to buy?'
3.5310 	EXP 	eyetracker.setRecordingState(False)
3.5437 	EXP 	text: height = np.float64(0.05)
3.5437 	EXP 	text: height = np.float64(0.05)
3.5437 	EXP 	text: height = np.float64(0.05)
3.5437 	EXP 	text: text = 'Which one are you going to buy?'
3.5449 	EXP 	eyetracker.setRecordingState(False)
3.5580 	EXP 	text: height = np.float64(0.05)
3.5580 	EXP 	text: height = np.float64(0.05)
3.5580 	EXP 	text: height = np.float64(0.05)
3.5580 	EXP 	text: text = 'Which one are you going to buy?'
3.5601 	EXP 	eyetracker.setRecordingState(False)
3.5775 	EXP 	text: height = np.float64(0.05)
3.5775 	EXP 	text: height = np.float64(0.05)
3.5775 	EXP 	text: height = np.float64(0.05)
3.5775 	EXP 	text: text = 'Which one are you going to buy?'
3.5794 	EXP 	eyetracker.setRecordingState(False)
3.5939 	EXP 	text: height = np.float64(0.05)
3.5939 	EXP 	text: height = np.float64(0.05)
3.5939 	EXP 	text: height = np.float64(0.05)
3.5939 	EXP 	text: text = 'Which one are you going to buy?'
3.5959 	EXP 	eyetracker.setRecordingState(False)
3.6087 	EXP 	text: height = np.float64(0.05)
3.6087 	EXP 	text: height = np.float64(0.05)
3.6087 	EXP 	text: height = np.float64(0.05)
3.6087 	EXP 	text: text = 'Which one are you going to buy?'
3.6101 	EXP 	eyetracker.setRecordingState(False)
3.6219 	EXP 	text: height = np.float64(0.05)
3.6219 	EXP 	text: height = np.float64(0.05)
3.6219 	EXP 	text: height = np.float64(0.05)
3.6219 	EXP 	text: text = 'Which one are you going to buy?'
3.6233 	EXP 	eyetracker.setRecordingState(False)
3.6319 	DATA 	Mouse: Left button down, pos=(933,530)
3.6346 	EXP 	text: height = np.float64(0.05)
3.6346 	EXP 	text: height = np.float64(0.05)
3.6346 	EXP 	text: height = np.float64(0.05)
3.6346 	EXP 	text: text = 'Which one are you going to buy?'
3.6368 	EXP 	eyetracker.setRecordingState(False)
3.6490 	EXP 	text: autoDraw = False
3.6490 	EXP 	ambewela: autoDraw = False
3.6490 	EXP 	kothmale: autoDraw = False
3.6490 	EXP 	happycow: autoDraw = False
3.6490 	EXP 	kraft: autoDraw = False
3.6490 	EXP 	richlife: autoDraw = False
3.6490 	EXP 	text_2: autoDraw = False
3.6490 	EXP 	text_3: autoDraw = False
3.6490 	EXP 	text_4: autoDraw = False
3.6490 	EXP 	text_5: autoDraw = False
3.6490 	EXP 	text_6: autoDraw = False
3.6490 	EXP 	text_7: autoDraw = True
3.6490 	EXP 	highlandYoghurt: autoDraw = True
3.6490 	EXP 	anchoryoghurt: autoDraw = True
3.6490 	EXP 	ambewelayoghurt: autoDraw = True
3.6490 	EXP 	pelawatteyoghurt: autoDraw = True
3.6490 	EXP 	text_8: autoDraw = True
3.6490 	EXP 	text_9: autoDraw = True
3.6490 	EXP 	text_10: autoDraw = True
3.6490 	EXP 	text_11: autoDraw = True
3.8618 	DATA 	Mouse:  Left button up, pos=(933,530)
12.0996 	DATA 	Mouse: Left button down, pos=(1038,563)
12.3195 	DATA 	Mouse:  Left button up, pos=(1038,563)
19.4770 	DATA 	Mouse: Left button down, pos=(1300,608)
19.7077 	DATA 	Mouse:  Left button up, pos=(1300,608)
22.5237 	DATA 	Mouse: Left button down, pos=(1300,608)
22.7504 	DATA 	Mouse:  Left button up, pos=(1300,608)
23.2945 	DATA 	Mouse: Left button down, pos=(1300,608)
23.5097 	DATA 	Mouse:  Left button up, pos=(1300,608)
30.3572 	DATA 	Keypress: delete
30.6110 	EXP 	Device response: <KeyPress from None: t=30.353443200001493, value=delete, duration=None>
30.6227 	EXP 	Device response: <KeyPress from None: t=30.353443200001493, value=delete, duration=0.12629119999473915>
34.5472 	DATA 	Keypress: escape
34.5489 	EXP 	Device response: <KeyPress from None: t=34.538401999976486, value=escape, duration=None>
34.7029 	EXP 	Device response: <KeyPress from None: t=34.538401999976486, value=escape, duration=0.15317619999404997>
34.7032 	EXP 	Cheese: status = STOPPED
34.7081 	EXP 	text_7: autoDraw = False
34.7081 	EXP 	highlandYoghurt: autoDraw = False
34.7081 	EXP 	anchoryoghurt: autoDraw = False
34.7081 	EXP 	ambewelayoghurt: autoDraw = False
34.7081 	EXP 	pelawatteyoghurt: autoDraw = False
34.7081 	EXP 	text_8: autoDraw = False
34.7081 	EXP 	text_9: autoDraw = False
34.7081 	EXP 	text_10: autoDraw = False
34.7081 	EXP 	text_11: autoDraw = False
34.7086 	EXP 	Cheese: status = STOPPED
34.7506 	INFO 	saved data to 'C:\\Users\\M S I\\OneDrive\\Documents\\GitHub\\Research-Project\\data\\824096_Cheese_2026-01-02_19h35.46.767.csv'
34.7519 	INFO 	saved data to C:\Users\M S I\OneDrive\Documents\GitHub\Research-Project\data\824096_Cheese_2026-01-02_19h35.46.767.psydat
38.1222 	WARNING 	Stopping key buffers but this could be dangerous ifother keyboards rely on the same.
