85.1828 	INFO 	Loaded monitor calibration from ['2025_12_23 12:18']
85.2262 	WARNING 	User requested fullscreen with size [1024  768], but screen is actually [1920, 1080]. Using actual size
87.7871 	INFO 	Using renderer 'Intel(R) UHD Graphics' for graphics
87.7872 	INFO 	OpenGL version supported by driver is 4..
87.8098 	EXP 	Created window1 = Window(allowGUI=True, allowStencil=False, autoLog=True, backendConf=UNKNOWN, backgroundFit=<method-wrapper '__getattribute__' of attributeSetter object at 0x00000214DCD04E50>, backgroundImage=<method-wrapper '__getattribute__' of attributeSetter object at 0x00000214DCD05BA0>, bitsMode=UNKNOWN, blendMode='avg', bpc=(8, 8, 8), color=array([-1., -1., -1.]), colorSpace='rgb', depthBits=8, fullscr=True, gamma=None, gammaErrorPolicy='raise', infoMsg=UNKNOWN, lms=UNKNOWN, monitor=<psychopy.monitors.calibTools.Monitor object at 0x00000214DE519780>, multiSample=False, name='window1', numSamples=2, pos=[np.float64(0.0), np.float64(0.0)], screen=0, size=array([1920, 1080]), stencilBits=0, stereo=False, title='PsychoPy', units='height', useFBO=True, useRetina=False, viewOri=0.0, viewPos=None, viewScale=None, waitBlanking=True, winType='pyglet')
87.8099 	EXP 	window1: backgroundImage = ''
87.8099 	EXP 	window1: backgroundFit = 'none'
88.3079 	EXP 	window1: Attempting to measure frame rate of screen (0) ...
88.3079 	EXP 	window1: recordFrameIntervals = False
88.3785 	EXP 	window1: recordFrameIntervals = True
88.4553 	EXP 	Screen (0) actual frame rate measured at 144.01Hz
88.4554 	EXP 	window1: recordFrameIntervals = False
103.1910 	INFO 	keyboard.Keyboard is using ptb backend.
103.1911 	EXP 	Cheese: status = STARTED
103.2615 	EXP 	Created text = TextStim(__class__=<class 'psychopy.visual.text.TextStim'>, alignHoriz=method-wrapper(...), alignText='center', alignVert=method-wrapper(...), anchorHoriz='center', anchorVert='center', antialias=True, autoDraw=False, autoLog=True, bold=False, color=array([1., 1., 1.]), colorSpace='rgb', contrast=1.0, depth=0.0, draggable=False, flipHoriz=False, flipVert=False, font='Arial', fontFiles=[], height=0.05, italic=False, languageStyle='LTR', name='text', opacity=1, ori=0.0, pos=array([0.1, 0.5]), rgb=UNKNOWN, text='', units='height', win=Window(...), wrapWidth=1)
105.1214 	EXP 	Created ambewela = ImageStim(__class__=<class 'psychopy.visual.image.ImageStim'>, anchor=('center', 'center'), autoLog=True, color=array([1., 1., 1.]), colorSpace='rgb', contrast=1.0, depth=-1.0, draggable=False, flipHoriz=np.False_, flipVert=np.False_, image='ambewelacheese.jpg', interpolate=True, mask=None, maskParams=None, name='ambewela', opacity=1.0, ori=0.0, pos=array([-0.6,  0. ]), size=array([0.2, 0.2]), texRes=128.0, units='height', win=Window(...))
105.1271 	EXP 	Created kothmale = ImageStim(__class__=<class 'psychopy.visual.image.ImageStim'>, anchor=('center', 'center'), autoLog=True, color=array([1., 1., 1.]), colorSpace='rgb', contrast=1.0, depth=-2.0, draggable=False, flipHoriz=np.False_, flipVert=np.False_, image='kothmale cheese.jpg', interpolate=True, mask=None, maskParams=None, name='kothmale', opacity=1.0, ori=0.0, pos=array([-0.3,  0. ]), size=array([0.2, 0.2]), texRes=128.0, units='height', win=Window(...))
105.1569 	EXP 	Created happycow = ImageStim(__class__=<class 'psychopy.visual.image.ImageStim'>, anchor=('center', 'center'), autoLog=True, color=array([1., 1., 1.]), colorSpace='rgb', contrast=1.0, depth=-3.0, draggable=False, flipHoriz=np.False_, flipVert=np.False_, image='happycow.jpeg', interpolate=True, mask=None, maskParams=None, name='happycow', opacity=1.0, ori=0.0, pos=array([0., 0.]), size=array([0.2, 0.2]), texRes=128.0, units='height', win=Window(...))
105.1917 	EXP 	Created kraft = ImageStim(__class__=<class 'psychopy.visual.image.ImageStim'>, anchor=('center', 'center'), autoLog=True, color=array([1., 1., 1.]), colorSpace='rgb', contrast=1.0, depth=-4.0, draggable=False, flipHoriz=np.False_, flipVert=np.False_, image='Kraft cheese.jpeg', interpolate=True, mask=None, maskParams=None, name='kraft', opacity=1.0, ori=0.0, pos=array([0.3, 0. ]), size=array([0.2, 0.2]), texRes=128.0, units='height', win=Window(...))
105.2088 	EXP 	Created richlife = ImageStim(__class__=<class 'psychopy.visual.image.ImageStim'>, anchor=('center', 'center'), autoLog=True, color=array([1., 1., 1.]), colorSpace='rgb', contrast=1.0, depth=-5.0, draggable=False, flipHoriz=np.False_, flipVert=np.False_, image='richlifecheese.jpg', interpolate=True, mask=None, maskParams=None, name='richlife', opacity=1.0, ori=0.0, pos=array([0.6, 0. ]), size=array([0.2, 0.2]), texRes=128.0, units='height', win=Window(...))
105.3807 	EXP 	Created text_2 = TextStim(__class__=<class 'psychopy.visual.text.TextStim'>, alignHoriz=method-wrapper(...), alignText='center', alignVert=method-wrapper(...), anchorHoriz='center', anchorVert='center', antialias=True, autoDraw=False, autoLog=True, bold=False, color=array([1., 1., 1.]), colorSpace='rgb', contrast=1.0, depth=-6.0, draggable=False, flipHoriz=False, flipVert=False, font='Arial', fontFiles=[], height=np.float64(0.02), italic=False, languageStyle='LTR', name='text_2', opacity=1, ori=0.0, pos=array([-0.6, -0.3]), rgb=UNKNOWN, text=str(...), units='height', win=Window(...), wrapWidth=1)
105.4061 	EXP 	Created text_3 = TextStim(__class__=<class 'psychopy.visual.text.TextStim'>, alignHoriz=method-wrapper(...), alignText='center', alignVert=method-wrapper(...), anchorHoriz='center', anchorVert='center', antialias=True, autoDraw=False, autoLog=True, bold=False, color=array([1., 1., 1.]), colorSpace='rgb', contrast=1.0, depth=-7.0, draggable=False, flipHoriz=False, flipVert=False, font='Arial', fontFiles=[], height=np.float64(0.02), italic=False, languageStyle='LTR', name='text_3', opacity=1, ori=0.0, pos=array([-0.3, -0.3]), rgb=UNKNOWN, text='Kothmale Cheddar\n250 g \nRs 1300', units='height', win=Window(...), wrapWidth=1)
105.4226 	EXP 	Created text_4 = TextStim(__class__=<class 'psychopy.visual.text.TextStim'>, alignHoriz=method-wrapper(...), alignText='center', alignVert=method-wrapper(...), anchorHoriz='center', anchorVert='center', antialias=True, autoDraw=False, autoLog=True, bold=False, color=array([1., 1., 1.]), colorSpace='rgb', contrast=1.0, depth=-8.0, draggable=False, flipHoriz=False, flipVert=False, font='Arial', fontFiles=[], height=np.float64(0.02), italic=False, languageStyle='LTR', name='text_4', opacity=1, ori=0.0, pos=array([ 0. , -0.3]), rgb=UNKNOWN, text='HappyCow Cheese\n340 g\nRs 1200', units='height', win=Window(...), wrapWidth=1)
105.4415 	EXP 	Created text_5 = TextStim(__class__=<class 'psychopy.visual.text.TextStim'>, alignHoriz=method-wrapper(...), alignText='center', alignVert=method-wrapper(...), anchorHoriz='center', anchorVert='center', antialias=True, autoDraw=False, autoLog=True, bold=False, color=array([1., 1., 1.]), colorSpace='rgb', contrast=1.0, depth=-9.0, draggable=False, flipHoriz=False, flipVert=False, font='Arial', fontFiles=[], height=np.float64(0.02), italic=False, languageStyle='LTR', name='text_5', opacity=1, ori=0.0, pos=array([ 0.3, -0.3]), rgb=UNKNOWN, text='Kraft Cheddar Cheese\n250 g\nRs 2590', units='height', win=Window(...), wrapWidth=1)
105.4592 	EXP 	Created text_6 = TextStim(__class__=<class 'psychopy.visual.text.TextStim'>, alignHoriz=method-wrapper(...), alignText='center', alignVert=method-wrapper(...), anchorHoriz='center', anchorVert='center', antialias=True, autoDraw=False, autoLog=True, bold=False, color=array([1., 1., 1.]), colorSpace='rgb', contrast=1.0, depth=-10.0, draggable=False, flipHoriz=False, flipVert=False, font='Arial', fontFiles=[], height=np.float64(0.02), italic=False, languageStyle='LTR', name='text_6', opacity=1, ori=0.0, pos=array([ 0.6, -0.3]), rgb=UNKNOWN, text='Rich Life Cheddar Cheese\n100 g\nRs 625', units='height', win=Window(...), wrapWidth=1)
1.6604 	EXP 	text: autoDraw = True
1.6604 	EXP 	ambewela: autoDraw = True
1.6604 	EXP 	kothmale: autoDraw = True
1.6604 	EXP 	happycow: autoDraw = True
1.6604 	EXP 	kraft: autoDraw = True
1.6604 	EXP 	richlife: autoDraw = True
1.6604 	EXP 	text_2: autoDraw = True
1.6604 	EXP 	text_3: autoDraw = True
1.6604 	EXP 	text_4: autoDraw = True
1.6604 	EXP 	text_5: autoDraw = True
1.6604 	EXP 	text_6: autoDraw = True
1.6604 	EXP 	text: height = np.float64(0.05)
1.6604 	EXP 	text: height = np.float64(0.05)
1.6604 	EXP 	text: height = np.float64(0.05)
1.6604 	EXP 	text: text = 'Which one are you going to buy?'
2.0398 	EXP 	text: height = np.float64(0.05)
2.0398 	EXP 	text: height = np.float64(0.05)
2.0398 	EXP 	text: height = np.float64(0.05)
2.0398 	EXP 	text: text = 'Which one are you going to buy?'
2.0586 	EXP 	text: height = np.float64(0.05)
2.0586 	EXP 	text: height = np.float64(0.05)
2.0586 	EXP 	text: height = np.float64(0.05)
2.0586 	EXP 	text: text = 'Which one are you going to buy?'
2.0673 	EXP 	text: height = np.float64(0.05)
2.0673 	EXP 	text: height = np.float64(0.05)
2.0673 	EXP 	text: height = np.float64(0.05)
2.0673 	EXP 	text: text = 'Which one are you going to buy?'
2.0765 	EXP 	text: height = np.float64(0.05)
2.0765 	EXP 	text: height = np.float64(0.05)
2.0765 	EXP 	text: height = np.float64(0.05)
2.0765 	EXP 	text: text = 'Which one are you going to buy?'
2.0837 	EXP 	text: height = np.float64(0.05)
2.0837 	EXP 	text: height = np.float64(0.05)
2.0837 	EXP 	text: height = np.float64(0.05)
2.0837 	EXP 	text: text = 'Which one are you going to buy?'
2.0911 	EXP 	text: height = np.float64(0.05)
2.0911 	EXP 	text: height = np.float64(0.05)
2.0911 	EXP 	text: height = np.float64(0.05)
2.0911 	EXP 	text: text = 'Which one are you going to buy?'
2.0983 	EXP 	text: height = np.float64(0.05)
2.0983 	EXP 	text: height = np.float64(0.05)
2.0983 	EXP 	text: height = np.float64(0.05)
2.0983 	EXP 	text: text = 'Which one are you going to buy?'
2.1051 	EXP 	text: height = np.float64(0.05)
2.1051 	EXP 	text: height = np.float64(0.05)
2.1051 	EXP 	text: height = np.float64(0.05)
2.1051 	EXP 	text: text = 'Which one are you going to buy?'
2.1123 	EXP 	text: height = np.float64(0.05)
2.1123 	EXP 	text: height = np.float64(0.05)
2.1123 	EXP 	text: height = np.float64(0.05)
2.1123 	EXP 	text: text = 'Which one are you going to buy?'
2.1204 	EXP 	text: height = np.float64(0.05)
2.1204 	EXP 	text: height = np.float64(0.05)
2.1204 	EXP 	text: height = np.float64(0.05)
2.1204 	EXP 	text: text = 'Which one are you going to buy?'
2.1295 	EXP 	text: height = np.float64(0.05)
2.1295 	EXP 	text: height = np.float64(0.05)
2.1295 	EXP 	text: height = np.float64(0.05)
2.1295 	EXP 	text: text = 'Which one are you going to buy?'
2.1366 	EXP 	text: height = np.float64(0.05)
2.1366 	EXP 	text: height = np.float64(0.05)
2.1366 	EXP 	text: height = np.float64(0.05)
2.1366 	EXP 	text: text = 'Which one are you going to buy?'
2.1463 	EXP 	text: height = np.float64(0.05)
2.1463 	EXP 	text: height = np.float64(0.05)
2.1463 	EXP 	text: height = np.float64(0.05)
2.1463 	EXP 	text: text = 'Which one are you going to buy?'
2.1527 	EXP 	text: height = np.float64(0.05)
2.1527 	EXP 	text: height = np.float64(0.05)
2.1527 	EXP 	text: height = np.float64(0.05)
2.1527 	EXP 	text: text = 'Which one are you going to buy?'
2.1609 	EXP 	text: height = np.float64(0.05)
2.1609 	EXP 	text: height = np.float64(0.05)
2.1609 	EXP 	text: height = np.float64(0.05)
2.1609 	EXP 	text: text = 'Which one are you going to buy?'
2.1725 	EXP 	text: height = np.float64(0.05)
2.1725 	EXP 	text: height = np.float64(0.05)
2.1725 	EXP 	text: height = np.float64(0.05)
2.1725 	EXP 	text: text = 'Which one are you going to buy?'
2.1797 	EXP 	text: height = np.float64(0.05)
2.1797 	EXP 	text: height = np.float64(0.05)
2.1797 	EXP 	text: height = np.float64(0.05)
2.1797 	EXP 	text: text = 'Which one are you going to buy?'
2.1866 	EXP 	text: height = np.float64(0.05)
2.1866 	EXP 	text: height = np.float64(0.05)
2.1866 	EXP 	text: height = np.float64(0.05)
2.1866 	EXP 	text: text = 'Which one are you going to buy?'
2.1950 	EXP 	text: height = np.float64(0.05)
2.1950 	EXP 	text: height = np.float64(0.05)
2.1950 	EXP 	text: height = np.float64(0.05)
2.1950 	EXP 	text: text = 'Which one are you going to buy?'
2.2021 	EXP 	text: height = np.float64(0.05)
2.2021 	EXP 	text: height = np.float64(0.05)
2.2021 	EXP 	text: height = np.float64(0.05)
2.2021 	EXP 	text: text = 'Which one are you going to buy?'
2.2117 	EXP 	text: height = np.float64(0.05)
2.2117 	EXP 	text: height = np.float64(0.05)
2.2117 	EXP 	text: height = np.float64(0.05)
2.2117 	EXP 	text: text = 'Which one are you going to buy?'
2.2196 	EXP 	text: height = np.float64(0.05)
2.2196 	EXP 	text: height = np.float64(0.05)
2.2196 	EXP 	text: height = np.float64(0.05)
2.2196 	EXP 	text: text = 'Which one are you going to buy?'
2.2267 	EXP 	text: height = np.float64(0.05)
2.2267 	EXP 	text: height = np.float64(0.05)
2.2267 	EXP 	text: height = np.float64(0.05)
2.2267 	EXP 	text: text = 'Which one are you going to buy?'
2.2345 	EXP 	text: height = np.float64(0.05)
2.2345 	EXP 	text: height = np.float64(0.05)
2.2345 	EXP 	text: height = np.float64(0.05)
2.2345 	EXP 	text: text = 'Which one are you going to buy?'
2.2418 	EXP 	text: height = np.float64(0.05)
2.2418 	EXP 	text: height = np.float64(0.05)
2.2418 	EXP 	text: height = np.float64(0.05)
2.2418 	EXP 	text: text = 'Which one are you going to buy?'
2.2509 	EXP 	text: height = np.float64(0.05)
2.2509 	EXP 	text: height = np.float64(0.05)
2.2509 	EXP 	text: height = np.float64(0.05)
2.2509 	EXP 	text: text = 'Which one are you going to buy?'
2.2578 	EXP 	text: height = np.float64(0.05)
2.2578 	EXP 	text: height = np.float64(0.05)
2.2578 	EXP 	text: height = np.float64(0.05)
2.2578 	EXP 	text: text = 'Which one are you going to buy?'
2.2648 	EXP 	text: height = np.float64(0.05)
2.2648 	EXP 	text: height = np.float64(0.05)
2.2648 	EXP 	text: height = np.float64(0.05)
2.2648 	EXP 	text: text = 'Which one are you going to buy?'
2.2719 	EXP 	text: height = np.float64(0.05)
2.2719 	EXP 	text: height = np.float64(0.05)
2.2719 	EXP 	text: height = np.float64(0.05)
2.2719 	EXP 	text: text = 'Which one are you going to buy?'
2.2822 	EXP 	text: height = np.float64(0.05)
2.2822 	EXP 	text: height = np.float64(0.05)
2.2822 	EXP 	text: height = np.float64(0.05)
2.2822 	EXP 	text: text = 'Which one are you going to buy?'
2.2901 	EXP 	text: height = np.float64(0.05)
2.2901 	EXP 	text: height = np.float64(0.05)
2.2901 	EXP 	text: height = np.float64(0.05)
2.2901 	EXP 	text: text = 'Which one are you going to buy?'
2.2974 	EXP 	text: height = np.float64(0.05)
2.2974 	EXP 	text: height = np.float64(0.05)
2.2974 	EXP 	text: height = np.float64(0.05)
2.2974 	EXP 	text: text = 'Which one are you going to buy?'
2.3064 	EXP 	text: height = np.float64(0.05)
2.3064 	EXP 	text: height = np.float64(0.05)
2.3064 	EXP 	text: height = np.float64(0.05)
2.3064 	EXP 	text: text = 'Which one are you going to buy?'
2.3137 	EXP 	text: height = np.float64(0.05)
2.3137 	EXP 	text: height = np.float64(0.05)
2.3137 	EXP 	text: height = np.float64(0.05)
2.3137 	EXP 	text: text = 'Which one are you going to buy?'
2.3201 	EXP 	text: height = np.float64(0.05)
2.3201 	EXP 	text: height = np.float64(0.05)
2.3201 	EXP 	text: height = np.float64(0.05)
2.3201 	EXP 	text: text = 'Which one are you going to buy?'
2.3285 	EXP 	text: height = np.float64(0.05)
2.3285 	EXP 	text: height = np.float64(0.05)
2.3285 	EXP 	text: height = np.float64(0.05)
2.3285 	EXP 	text: text = 'Which one are you going to buy?'
2.3363 	EXP 	text: height = np.float64(0.05)
2.3363 	EXP 	text: height = np.float64(0.05)
2.3363 	EXP 	text: height = np.float64(0.05)
2.3363 	EXP 	text: text = 'Which one are you going to buy?'
2.3438 	EXP 	text: height = np.float64(0.05)
2.3438 	EXP 	text: height = np.float64(0.05)
2.3438 	EXP 	text: height = np.float64(0.05)
2.3438 	EXP 	text: text = 'Which one are you going to buy?'
2.3511 	EXP 	text: height = np.float64(0.05)
2.3511 	EXP 	text: height = np.float64(0.05)
2.3511 	EXP 	text: height = np.float64(0.05)
2.3511 	EXP 	text: text = 'Which one are you going to buy?'
2.3593 	EXP 	text: height = np.float64(0.05)
2.3593 	EXP 	text: height = np.float64(0.05)
2.3593 	EXP 	text: height = np.float64(0.05)
2.3593 	EXP 	text: text = 'Which one are you going to buy?'
2.3672 	EXP 	text: height = np.float64(0.05)
2.3672 	EXP 	text: height = np.float64(0.05)
2.3672 	EXP 	text: height = np.float64(0.05)
2.3672 	EXP 	text: text = 'Which one are you going to buy?'
2.3749 	EXP 	text: height = np.float64(0.05)
2.3749 	EXP 	text: height = np.float64(0.05)
2.3749 	EXP 	text: height = np.float64(0.05)
2.3749 	EXP 	text: text = 'Which one are you going to buy?'
2.3828 	EXP 	text: height = np.float64(0.05)
2.3828 	EXP 	text: height = np.float64(0.05)
2.3828 	EXP 	text: height = np.float64(0.05)
2.3828 	EXP 	text: text = 'Which one are you going to buy?'
2.3913 	EXP 	text: height = np.float64(0.05)
2.3913 	EXP 	text: height = np.float64(0.05)
2.3913 	EXP 	text: height = np.float64(0.05)
2.3913 	EXP 	text: text = 'Which one are you going to buy?'
2.3986 	EXP 	text: height = np.float64(0.05)
2.3986 	EXP 	text: height = np.float64(0.05)
2.3986 	EXP 	text: height = np.float64(0.05)
2.3986 	EXP 	text: text = 'Which one are you going to buy?'
2.4069 	EXP 	text: height = np.float64(0.05)
2.4069 	EXP 	text: height = np.float64(0.05)
2.4069 	EXP 	text: height = np.float64(0.05)
2.4069 	EXP 	text: text = 'Which one are you going to buy?'
2.4159 	EXP 	text: height = np.float64(0.05)
2.4159 	EXP 	text: height = np.float64(0.05)
2.4159 	EXP 	text: height = np.float64(0.05)
2.4159 	EXP 	text: text = 'Which one are you going to buy?'
2.4232 	EXP 	text: height = np.float64(0.05)
2.4232 	EXP 	text: height = np.float64(0.05)
2.4232 	EXP 	text: height = np.float64(0.05)
2.4232 	EXP 	text: text = 'Which one are you going to buy?'
2.4321 	EXP 	text: height = np.float64(0.05)
2.4321 	EXP 	text: height = np.float64(0.05)
2.4321 	EXP 	text: height = np.float64(0.05)
2.4321 	EXP 	text: text = 'Which one are you going to buy?'
2.4395 	EXP 	text: height = np.float64(0.05)
2.4395 	EXP 	text: height = np.float64(0.05)
2.4395 	EXP 	text: height = np.float64(0.05)
2.4395 	EXP 	text: text = 'Which one are you going to buy?'
2.4490 	EXP 	text: height = np.float64(0.05)
2.4490 	EXP 	text: height = np.float64(0.05)
2.4490 	EXP 	text: height = np.float64(0.05)
2.4490 	EXP 	text: text = 'Which one are you going to buy?'
2.4572 	EXP 	text: height = np.float64(0.05)
2.4572 	EXP 	text: height = np.float64(0.05)
2.4572 	EXP 	text: height = np.float64(0.05)
2.4572 	EXP 	text: text = 'Which one are you going to buy?'
2.4659 	EXP 	text: height = np.float64(0.05)
2.4659 	EXP 	text: height = np.float64(0.05)
2.4659 	EXP 	text: height = np.float64(0.05)
2.4659 	EXP 	text: text = 'Which one are you going to buy?'
2.4756 	EXP 	text: height = np.float64(0.05)
2.4756 	EXP 	text: height = np.float64(0.05)
2.4756 	EXP 	text: height = np.float64(0.05)
2.4756 	EXP 	text: text = 'Which one are you going to buy?'
2.4843 	EXP 	text: height = np.float64(0.05)
2.4843 	EXP 	text: height = np.float64(0.05)
2.4843 	EXP 	text: height = np.float64(0.05)
2.4843 	EXP 	text: text = 'Which one are you going to buy?'
2.4947 	EXP 	text: height = np.float64(0.05)
2.4947 	EXP 	text: height = np.float64(0.05)
2.4947 	EXP 	text: height = np.float64(0.05)
2.4947 	EXP 	text: text = 'Which one are you going to buy?'
2.5059 	EXP 	text: height = np.float64(0.05)
2.5059 	EXP 	text: height = np.float64(0.05)
2.5059 	EXP 	text: height = np.float64(0.05)
2.5059 	EXP 	text: text = 'Which one are you going to buy?'
2.5204 	EXP 	text: height = np.float64(0.05)
2.5204 	EXP 	text: height = np.float64(0.05)
2.5204 	EXP 	text: height = np.float64(0.05)
2.5204 	EXP 	text: text = 'Which one are you going to buy?'
2.5366 	EXP 	text: height = np.float64(0.05)
2.5366 	EXP 	text: height = np.float64(0.05)
2.5366 	EXP 	text: height = np.float64(0.05)
2.5366 	EXP 	text: text = 'Which one are you going to buy?'
2.5509 	EXP 	text: height = np.float64(0.05)
2.5509 	EXP 	text: height = np.float64(0.05)
2.5509 	EXP 	text: height = np.float64(0.05)
2.5509 	EXP 	text: text = 'Which one are you going to buy?'
2.5626 	EXP 	text: height = np.float64(0.05)
2.5626 	EXP 	text: height = np.float64(0.05)
2.5626 	EXP 	text: height = np.float64(0.05)
2.5626 	EXP 	text: text = 'Which one are you going to buy?'
2.5736 	EXP 	text: height = np.float64(0.05)
2.5736 	EXP 	text: height = np.float64(0.05)
2.5736 	EXP 	text: height = np.float64(0.05)
2.5736 	EXP 	text: text = 'Which one are you going to buy?'
2.5840 	EXP 	text: height = np.float64(0.05)
2.5840 	EXP 	text: height = np.float64(0.05)
2.5840 	EXP 	text: height = np.float64(0.05)
2.5840 	EXP 	text: text = 'Which one are you going to buy?'
2.5938 	EXP 	text: height = np.float64(0.05)
2.5938 	EXP 	text: height = np.float64(0.05)
2.5938 	EXP 	text: height = np.float64(0.05)
2.5938 	EXP 	text: text = 'Which one are you going to buy?'
2.6030 	EXP 	text: height = np.float64(0.05)
2.6030 	EXP 	text: height = np.float64(0.05)
2.6030 	EXP 	text: height = np.float64(0.05)
2.6030 	EXP 	text: text = 'Which one are you going to buy?'
2.6113 	EXP 	text: height = np.float64(0.05)
2.6113 	EXP 	text: height = np.float64(0.05)
2.6113 	EXP 	text: height = np.float64(0.05)
2.6113 	EXP 	text: text = 'Which one are you going to buy?'
2.6255 	EXP 	text: height = np.float64(0.05)
2.6255 	EXP 	text: height = np.float64(0.05)
2.6255 	EXP 	text: height = np.float64(0.05)
2.6255 	EXP 	text: text = 'Which one are you going to buy?'
2.6424 	EXP 	text: height = np.float64(0.05)
2.6424 	EXP 	text: height = np.float64(0.05)
2.6424 	EXP 	text: height = np.float64(0.05)
2.6424 	EXP 	text: text = 'Which one are you going to buy?'
2.6581 	EXP 	text: height = np.float64(0.05)
2.6581 	EXP 	text: height = np.float64(0.05)
2.6581 	EXP 	text: height = np.float64(0.05)
2.6581 	EXP 	text: text = 'Which one are you going to buy?'
2.6757 	EXP 	text: height = np.float64(0.05)
2.6757 	EXP 	text: height = np.float64(0.05)
2.6757 	EXP 	text: height = np.float64(0.05)
2.6757 	EXP 	text: text = 'Which one are you going to buy?'
2.6956 	EXP 	text: height = np.float64(0.05)
2.6956 	EXP 	text: height = np.float64(0.05)
2.6956 	EXP 	text: height = np.float64(0.05)
2.6956 	EXP 	text: text = 'Which one are you going to buy?'
2.7161 	EXP 	text: height = np.float64(0.05)
2.7161 	EXP 	text: height = np.float64(0.05)
2.7161 	EXP 	text: height = np.float64(0.05)
2.7161 	EXP 	text: text = 'Which one are you going to buy?'
2.7351 	EXP 	text: height = np.float64(0.05)
2.7351 	EXP 	text: height = np.float64(0.05)
2.7351 	EXP 	text: height = np.float64(0.05)
2.7351 	EXP 	text: text = 'Which one are you going to buy?'
2.7539 	EXP 	text: height = np.float64(0.05)
2.7539 	EXP 	text: height = np.float64(0.05)
2.7539 	EXP 	text: height = np.float64(0.05)
2.7539 	EXP 	text: text = 'Which one are you going to buy?'
2.7776 	EXP 	text: height = np.float64(0.05)
2.7776 	EXP 	text: height = np.float64(0.05)
2.7776 	EXP 	text: height = np.float64(0.05)
2.7776 	EXP 	text: text = 'Which one are you going to buy?'
2.8047 	EXP 	text: height = np.float64(0.05)
2.8047 	EXP 	text: height = np.float64(0.05)
2.8047 	EXP 	text: height = np.float64(0.05)
2.8047 	EXP 	text: text = 'Which one are you going to buy?'
2.8269 	EXP 	text: height = np.float64(0.05)
2.8269 	EXP 	text: height = np.float64(0.05)
2.8269 	EXP 	text: height = np.float64(0.05)
2.8269 	EXP 	text: text = 'Which one are you going to buy?'
2.8487 	EXP 	text: height = np.float64(0.05)
2.8487 	EXP 	text: height = np.float64(0.05)
2.8487 	EXP 	text: height = np.float64(0.05)
2.8487 	EXP 	text: text = 'Which one are you going to buy?'
2.8703 	EXP 	text: height = np.float64(0.05)
2.8703 	EXP 	text: height = np.float64(0.05)
2.8703 	EXP 	text: height = np.float64(0.05)
2.8703 	EXP 	text: text = 'Which one are you going to buy?'
2.8910 	EXP 	text: height = np.float64(0.05)
2.8910 	EXP 	text: height = np.float64(0.05)
2.8910 	EXP 	text: height = np.float64(0.05)
2.8910 	EXP 	text: text = 'Which one are you going to buy?'
2.9106 	EXP 	text: height = np.float64(0.05)
2.9106 	EXP 	text: height = np.float64(0.05)
2.9106 	EXP 	text: height = np.float64(0.05)
2.9106 	EXP 	text: text = 'Which one are you going to buy?'
2.9286 	EXP 	text: height = np.float64(0.05)
2.9286 	EXP 	text: height = np.float64(0.05)
2.9286 	EXP 	text: height = np.float64(0.05)
2.9286 	EXP 	text: text = 'Which one are you going to buy?'
2.9500 	EXP 	text: height = np.float64(0.05)
2.9500 	EXP 	text: height = np.float64(0.05)
2.9500 	EXP 	text: height = np.float64(0.05)
2.9500 	EXP 	text: text = 'Which one are you going to buy?'
2.9708 	EXP 	text: height = np.float64(0.05)
2.9708 	EXP 	text: height = np.float64(0.05)
2.9708 	EXP 	text: height = np.float64(0.05)
2.9708 	EXP 	text: text = 'Which one are you going to buy?'
2.9931 	EXP 	text: height = np.float64(0.05)
2.9931 	EXP 	text: height = np.float64(0.05)
2.9931 	EXP 	text: height = np.float64(0.05)
2.9931 	EXP 	text: text = 'Which one are you going to buy?'
3.0145 	EXP 	text: height = np.float64(0.05)
3.0145 	EXP 	text: height = np.float64(0.05)
3.0145 	EXP 	text: height = np.float64(0.05)
3.0145 	EXP 	text: text = 'Which one are you going to buy?'
3.0278 	EXP 	text: height = np.float64(0.05)
3.0278 	EXP 	text: height = np.float64(0.05)
3.0278 	EXP 	text: height = np.float64(0.05)
3.0278 	EXP 	text: text = 'Which one are you going to buy?'
3.0381 	EXP 	text: height = np.float64(0.05)
3.0381 	EXP 	text: height = np.float64(0.05)
3.0381 	EXP 	text: height = np.float64(0.05)
3.0381 	EXP 	text: text = 'Which one are you going to buy?'
3.0481 	EXP 	text: height = np.float64(0.05)
3.0481 	EXP 	text: height = np.float64(0.05)
3.0481 	EXP 	text: height = np.float64(0.05)
3.0481 	EXP 	text: text = 'Which one are you going to buy?'
3.0576 	EXP 	text: height = np.float64(0.05)
3.0576 	EXP 	text: height = np.float64(0.05)
3.0576 	EXP 	text: height = np.float64(0.05)
3.0576 	EXP 	text: text = 'Which one are you going to buy?'
3.0686 	EXP 	text: height = np.float64(0.05)
3.0686 	EXP 	text: height = np.float64(0.05)
3.0686 	EXP 	text: height = np.float64(0.05)
3.0686 	EXP 	text: text = 'Which one are you going to buy?'
3.0831 	EXP 	text: height = np.float64(0.05)
3.0831 	EXP 	text: height = np.float64(0.05)
3.0831 	EXP 	text: height = np.float64(0.05)
3.0831 	EXP 	text: text = 'Which one are you going to buy?'
3.0985 	EXP 	text: height = np.float64(0.05)
3.0985 	EXP 	text: height = np.float64(0.05)
3.0985 	EXP 	text: height = np.float64(0.05)
3.0985 	EXP 	text: text = 'Which one are you going to buy?'
3.1155 	EXP 	text: height = np.float64(0.05)
3.1155 	EXP 	text: height = np.float64(0.05)
3.1155 	EXP 	text: height = np.float64(0.05)
3.1155 	EXP 	text: text = 'Which one are you going to buy?'
3.1308 	EXP 	text: height = np.float64(0.05)
3.1308 	EXP 	text: height = np.float64(0.05)
3.1308 	EXP 	text: height = np.float64(0.05)
3.1308 	EXP 	text: text = 'Which one are you going to buy?'
3.1460 	EXP 	text: height = np.float64(0.05)
3.1460 	EXP 	text: height = np.float64(0.05)
3.1460 	EXP 	text: height = np.float64(0.05)
3.1460 	EXP 	text: text = 'Which one are you going to buy?'
3.1647 	EXP 	text: height = np.float64(0.05)
3.1647 	EXP 	text: height = np.float64(0.05)
3.1647 	EXP 	text: height = np.float64(0.05)
3.1647 	EXP 	text: text = 'Which one are you going to buy?'
3.1813 	EXP 	text: height = np.float64(0.05)
3.1813 	EXP 	text: height = np.float64(0.05)
3.1813 	EXP 	text: height = np.float64(0.05)
3.1813 	EXP 	text: text = 'Which one are you going to buy?'
3.1975 	EXP 	text: height = np.float64(0.05)
3.1975 	EXP 	text: height = np.float64(0.05)
3.1975 	EXP 	text: height = np.float64(0.05)
3.1975 	EXP 	text: text = 'Which one are you going to buy?'
3.2156 	EXP 	text: height = np.float64(0.05)
3.2156 	EXP 	text: height = np.float64(0.05)
3.2156 	EXP 	text: height = np.float64(0.05)
3.2156 	EXP 	text: text = 'Which one are you going to buy?'
3.2311 	EXP 	text: height = np.float64(0.05)
3.2311 	EXP 	text: height = np.float64(0.05)
3.2311 	EXP 	text: height = np.float64(0.05)
3.2311 	EXP 	text: text = 'Which one are you going to buy?'
3.2477 	EXP 	text: height = np.float64(0.05)
3.2477 	EXP 	text: height = np.float64(0.05)
3.2477 	EXP 	text: height = np.float64(0.05)
3.2477 	EXP 	text: text = 'Which one are you going to buy?'
3.2643 	EXP 	text: height = np.float64(0.05)
3.2643 	EXP 	text: height = np.float64(0.05)
3.2643 	EXP 	text: height = np.float64(0.05)
3.2643 	EXP 	text: text = 'Which one are you going to buy?'
3.2753 	EXP 	text: height = np.float64(0.05)
3.2753 	EXP 	text: height = np.float64(0.05)
3.2753 	EXP 	text: height = np.float64(0.05)
3.2753 	EXP 	text: text = 'Which one are you going to buy?'
3.2850 	EXP 	text: height = np.float64(0.05)
3.2850 	EXP 	text: height = np.float64(0.05)
3.2850 	EXP 	text: height = np.float64(0.05)
3.2850 	EXP 	text: text = 'Which one are you going to buy?'
3.2940 	EXP 	text: height = np.float64(0.05)
3.2940 	EXP 	text: height = np.float64(0.05)
3.2940 	EXP 	text: height = np.float64(0.05)
3.2940 	EXP 	text: text = 'Which one are you going to buy?'
3.3024 	EXP 	text: height = np.float64(0.05)
3.3024 	EXP 	text: height = np.float64(0.05)
3.3024 	EXP 	text: height = np.float64(0.05)
3.3024 	EXP 	text: text = 'Which one are you going to buy?'
3.3117 	EXP 	text: height = np.float64(0.05)
3.3117 	EXP 	text: height = np.float64(0.05)
3.3117 	EXP 	text: height = np.float64(0.05)
3.3117 	EXP 	text: text = 'Which one are you going to buy?'
3.3186 	EXP 	text: height = np.float64(0.05)
3.3186 	EXP 	text: height = np.float64(0.05)
3.3186 	EXP 	text: height = np.float64(0.05)
3.3186 	EXP 	text: text = 'Which one are you going to buy?'
3.3257 	EXP 	text: height = np.float64(0.05)
3.3257 	EXP 	text: height = np.float64(0.05)
3.3257 	EXP 	text: height = np.float64(0.05)
3.3257 	EXP 	text: text = 'Which one are you going to buy?'
3.3338 	EXP 	text: height = np.float64(0.05)
3.3338 	EXP 	text: height = np.float64(0.05)
3.3338 	EXP 	text: height = np.float64(0.05)
3.3338 	EXP 	text: text = 'Which one are you going to buy?'
3.3410 	EXP 	text: height = np.float64(0.05)
3.3410 	EXP 	text: height = np.float64(0.05)
3.3410 	EXP 	text: height = np.float64(0.05)
3.3410 	EXP 	text: text = 'Which one are you going to buy?'
3.3502 	EXP 	text: height = np.float64(0.05)
3.3502 	EXP 	text: height = np.float64(0.05)
3.3502 	EXP 	text: height = np.float64(0.05)
3.3502 	EXP 	text: text = 'Which one are you going to buy?'
3.3577 	EXP 	text: height = np.float64(0.05)
3.3577 	EXP 	text: height = np.float64(0.05)
3.3577 	EXP 	text: height = np.float64(0.05)
3.3577 	EXP 	text: text = 'Which one are you going to buy?'
3.3651 	EXP 	text: height = np.float64(0.05)
3.3651 	EXP 	text: height = np.float64(0.05)
3.3651 	EXP 	text: height = np.float64(0.05)
3.3651 	EXP 	text: text = 'Which one are you going to buy?'
4.0585 	EXP 	text: height = np.float64(0.05)
4.0585 	EXP 	text: height = np.float64(0.05)
4.0585 	EXP 	text: height = np.float64(0.05)
4.0585 	EXP 	text: text = 'Which one are you going to buy?'
4.0678 	EXP 	text: height = np.float64(0.05)
4.0678 	EXP 	text: height = np.float64(0.05)
4.0678 	EXP 	text: height = np.float64(0.05)
4.0678 	EXP 	text: text = 'Which one are you going to buy?'
4.0856 	EXP 	text: height = np.float64(0.05)
4.0856 	EXP 	text: height = np.float64(0.05)
4.0856 	EXP 	text: height = np.float64(0.05)
4.0856 	EXP 	text: text = 'Which one are you going to buy?'
4.0989 	EXP 	text: height = np.float64(0.05)
4.0989 	EXP 	text: height = np.float64(0.05)
4.0989 	EXP 	text: height = np.float64(0.05)
4.0989 	EXP 	text: text = 'Which one are you going to buy?'
4.1109 	EXP 	text: height = np.float64(0.05)
4.1109 	EXP 	text: height = np.float64(0.05)
4.1109 	EXP 	text: height = np.float64(0.05)
4.1109 	EXP 	text: text = 'Which one are you going to buy?'
4.1284 	EXP 	text: height = np.float64(0.05)
4.1284 	EXP 	text: height = np.float64(0.05)
4.1284 	EXP 	text: height = np.float64(0.05)
4.1284 	EXP 	text: text = 'Which one are you going to buy?'
4.1463 	EXP 	text: height = np.float64(0.05)
4.1463 	EXP 	text: height = np.float64(0.05)
4.1463 	EXP 	text: height = np.float64(0.05)
4.1463 	EXP 	text: text = 'Which one are you going to buy?'
4.1594 	EXP 	text: height = np.float64(0.05)
4.1594 	EXP 	text: height = np.float64(0.05)
4.1594 	EXP 	text: height = np.float64(0.05)
4.1594 	EXP 	text: text = 'Which one are you going to buy?'
4.1664 	EXP 	text: height = np.float64(0.05)
4.1664 	EXP 	text: height = np.float64(0.05)
4.1664 	EXP 	text: height = np.float64(0.05)
4.1664 	EXP 	text: text = 'Which one are you going to buy?'
4.1787 	EXP 	text: height = np.float64(0.05)
4.1787 	EXP 	text: height = np.float64(0.05)
4.1787 	EXP 	text: height = np.float64(0.05)
4.1787 	EXP 	text: text = 'Which one are you going to buy?'
4.1942 	EXP 	text: height = np.float64(0.05)
4.1942 	EXP 	text: height = np.float64(0.05)
4.1942 	EXP 	text: height = np.float64(0.05)
4.1942 	EXP 	text: text = 'Which one are you going to buy?'
4.2070 	EXP 	text: height = np.float64(0.05)
4.2070 	EXP 	text: height = np.float64(0.05)
4.2070 	EXP 	text: height = np.float64(0.05)
4.2070 	EXP 	text: text = 'Which one are you going to buy?'
4.2176 	EXP 	text: height = np.float64(0.05)
4.2176 	EXP 	text: height = np.float64(0.05)
4.2176 	EXP 	text: height = np.float64(0.05)
4.2176 	EXP 	text: text = 'Which one are you going to buy?'
4.2266 	EXP 	text: height = np.float64(0.05)
4.2266 	EXP 	text: height = np.float64(0.05)
4.2266 	EXP 	text: height = np.float64(0.05)
4.2266 	EXP 	text: text = 'Which one are you going to buy?'
4.2350 	EXP 	text: height = np.float64(0.05)
4.2350 	EXP 	text: height = np.float64(0.05)
4.2350 	EXP 	text: height = np.float64(0.05)
4.2350 	EXP 	text: text = 'Which one are you going to buy?'
4.2432 	EXP 	text: height = np.float64(0.05)
4.2432 	EXP 	text: height = np.float64(0.05)
4.2432 	EXP 	text: height = np.float64(0.05)
4.2432 	EXP 	text: text = 'Which one are you going to buy?'
4.2540 	EXP 	text: height = np.float64(0.05)
4.2540 	EXP 	text: height = np.float64(0.05)
4.2540 	EXP 	text: height = np.float64(0.05)
4.2540 	EXP 	text: text = 'Which one are you going to buy?'
4.2695 	EXP 	text: height = np.float64(0.05)
4.2695 	EXP 	text: height = np.float64(0.05)
4.2695 	EXP 	text: height = np.float64(0.05)
4.2695 	EXP 	text: text = 'Which one are you going to buy?'
4.2858 	EXP 	text: height = np.float64(0.05)
4.2858 	EXP 	text: height = np.float64(0.05)
4.2858 	EXP 	text: height = np.float64(0.05)
4.2858 	EXP 	text: text = 'Which one are you going to buy?'
4.2934 	EXP 	text: height = np.float64(0.05)
4.2934 	EXP 	text: height = np.float64(0.05)
4.2934 	EXP 	text: height = np.float64(0.05)
4.2934 	EXP 	text: text = 'Which one are you going to buy?'
4.3018 	EXP 	text: height = np.float64(0.05)
4.3018 	EXP 	text: height = np.float64(0.05)
4.3018 	EXP 	text: height = np.float64(0.05)
4.3018 	EXP 	text: text = 'Which one are you going to buy?'
4.3093 	EXP 	text: height = np.float64(0.05)
4.3093 	EXP 	text: height = np.float64(0.05)
4.3093 	EXP 	text: height = np.float64(0.05)
4.3093 	EXP 	text: text = 'Which one are you going to buy?'
4.3184 	EXP 	text: height = np.float64(0.05)
4.3184 	EXP 	text: height = np.float64(0.05)
4.3184 	EXP 	text: height = np.float64(0.05)
4.3184 	EXP 	text: text = 'Which one are you going to buy?'
4.3295 	EXP 	text: height = np.float64(0.05)
4.3295 	EXP 	text: height = np.float64(0.05)
4.3295 	EXP 	text: height = np.float64(0.05)
4.3295 	EXP 	text: text = 'Which one are you going to buy?'
4.3395 	EXP 	text: height = np.float64(0.05)
4.3395 	EXP 	text: height = np.float64(0.05)
4.3395 	EXP 	text: height = np.float64(0.05)
4.3395 	EXP 	text: text = 'Which one are you going to buy?'
4.3482 	EXP 	text: height = np.float64(0.05)
4.3482 	EXP 	text: height = np.float64(0.05)
4.3482 	EXP 	text: height = np.float64(0.05)
4.3482 	EXP 	text: text = 'Which one are you going to buy?'
4.3558 	EXP 	text: height = np.float64(0.05)
4.3558 	EXP 	text: height = np.float64(0.05)
4.3558 	EXP 	text: height = np.float64(0.05)
4.3558 	EXP 	text: text = 'Which one are you going to buy?'
4.3661 	EXP 	text: height = np.float64(0.05)
4.3661 	EXP 	text: height = np.float64(0.05)
4.3661 	EXP 	text: height = np.float64(0.05)
4.3661 	EXP 	text: text = 'Which one are you going to buy?'
4.3759 	EXP 	text: height = np.float64(0.05)
4.3759 	EXP 	text: height = np.float64(0.05)
4.3759 	EXP 	text: height = np.float64(0.05)
4.3759 	EXP 	text: text = 'Which one are you going to buy?'
4.3837 	EXP 	text: height = np.float64(0.05)
4.3837 	EXP 	text: height = np.float64(0.05)
4.3837 	EXP 	text: height = np.float64(0.05)
4.3837 	EXP 	text: text = 'Which one are you going to buy?'
4.3933 	EXP 	text: height = np.float64(0.05)
4.3933 	EXP 	text: height = np.float64(0.05)
4.3933 	EXP 	text: height = np.float64(0.05)
4.3933 	EXP 	text: text = 'Which one are you going to buy?'
4.4022 	EXP 	text: height = np.float64(0.05)
4.4022 	EXP 	text: height = np.float64(0.05)
4.4022 	EXP 	text: height = np.float64(0.05)
4.4022 	EXP 	text: text = 'Which one are you going to buy?'
4.4117 	EXP 	text: height = np.float64(0.05)
4.4117 	EXP 	text: height = np.float64(0.05)
4.4117 	EXP 	text: height = np.float64(0.05)
4.4117 	EXP 	text: text = 'Which one are you going to buy?'
4.4207 	EXP 	text: height = np.float64(0.05)
4.4207 	EXP 	text: height = np.float64(0.05)
4.4207 	EXP 	text: height = np.float64(0.05)
4.4207 	EXP 	text: text = 'Which one are you going to buy?'
4.4280 	EXP 	text: height = np.float64(0.05)
4.4280 	EXP 	text: height = np.float64(0.05)
4.4280 	EXP 	text: height = np.float64(0.05)
4.4280 	EXP 	text: text = 'Which one are you going to buy?'
4.4351 	EXP 	text: height = np.float64(0.05)
4.4351 	EXP 	text: height = np.float64(0.05)
4.4351 	EXP 	text: height = np.float64(0.05)
4.4351 	EXP 	text: text = 'Which one are you going to buy?'
4.4431 	EXP 	text: height = np.float64(0.05)
4.4431 	EXP 	text: height = np.float64(0.05)
4.4431 	EXP 	text: height = np.float64(0.05)
4.4431 	EXP 	text: text = 'Which one are you going to buy?'
4.4525 	EXP 	text: height = np.float64(0.05)
4.4525 	EXP 	text: height = np.float64(0.05)
4.4525 	EXP 	text: height = np.float64(0.05)
4.4525 	EXP 	text: text = 'Which one are you going to buy?'
4.4602 	EXP 	text: height = np.float64(0.05)
4.4602 	EXP 	text: height = np.float64(0.05)
4.4602 	EXP 	text: height = np.float64(0.05)
4.4602 	EXP 	text: text = 'Which one are you going to buy?'
4.4684 	EXP 	text: height = np.float64(0.05)
4.4684 	EXP 	text: height = np.float64(0.05)
4.4684 	EXP 	text: height = np.float64(0.05)
4.4684 	EXP 	text: text = 'Which one are you going to buy?'
4.4754 	EXP 	text: height = np.float64(0.05)
4.4754 	EXP 	text: height = np.float64(0.05)
4.4754 	EXP 	text: height = np.float64(0.05)
4.4754 	EXP 	text: text = 'Which one are you going to buy?'
4.4833 	EXP 	text: height = np.float64(0.05)
4.4833 	EXP 	text: height = np.float64(0.05)
4.4833 	EXP 	text: height = np.float64(0.05)
4.4833 	EXP 	text: text = 'Which one are you going to buy?'
4.4901 	EXP 	text: height = np.float64(0.05)
4.4901 	EXP 	text: height = np.float64(0.05)
4.4901 	EXP 	text: height = np.float64(0.05)
4.4901 	EXP 	text: text = 'Which one are you going to buy?'
4.4969 	EXP 	text: height = np.float64(0.05)
4.4969 	EXP 	text: height = np.float64(0.05)
4.4969 	EXP 	text: height = np.float64(0.05)
4.4969 	EXP 	text: text = 'Which one are you going to buy?'
4.5039 	EXP 	text: height = np.float64(0.05)
4.5039 	EXP 	text: height = np.float64(0.05)
4.5039 	EXP 	text: height = np.float64(0.05)
4.5039 	EXP 	text: text = 'Which one are you going to buy?'
4.5118 	EXP 	text: height = np.float64(0.05)
4.5118 	EXP 	text: height = np.float64(0.05)
4.5118 	EXP 	text: height = np.float64(0.05)
4.5118 	EXP 	text: text = 'Which one are you going to buy?'
4.5192 	EXP 	text: height = np.float64(0.05)
4.5192 	EXP 	text: height = np.float64(0.05)
4.5192 	EXP 	text: height = np.float64(0.05)
4.5192 	EXP 	text: text = 'Which one are you going to buy?'
4.5269 	EXP 	text: height = np.float64(0.05)
4.5269 	EXP 	text: height = np.float64(0.05)
4.5269 	EXP 	text: height = np.float64(0.05)
4.5269 	EXP 	text: text = 'Which one are you going to buy?'
4.5339 	EXP 	text: height = np.float64(0.05)
4.5339 	EXP 	text: height = np.float64(0.05)
4.5339 	EXP 	text: height = np.float64(0.05)
4.5339 	EXP 	text: text = 'Which one are you going to buy?'
4.5408 	EXP 	text: height = np.float64(0.05)
4.5408 	EXP 	text: height = np.float64(0.05)
4.5408 	EXP 	text: height = np.float64(0.05)
4.5408 	EXP 	text: text = 'Which one are you going to buy?'
4.5493 	EXP 	text: height = np.float64(0.05)
4.5493 	EXP 	text: height = np.float64(0.05)
4.5493 	EXP 	text: height = np.float64(0.05)
4.5493 	EXP 	text: text = 'Which one are you going to buy?'
4.5564 	EXP 	text: height = np.float64(0.05)
4.5564 	EXP 	text: height = np.float64(0.05)
4.5564 	EXP 	text: height = np.float64(0.05)
4.5564 	EXP 	text: text = 'Which one are you going to buy?'
4.5630 	EXP 	text: height = np.float64(0.05)
4.5630 	EXP 	text: height = np.float64(0.05)
4.5630 	EXP 	text: height = np.float64(0.05)
4.5630 	EXP 	text: text = 'Which one are you going to buy?'
4.5696 	EXP 	text: height = np.float64(0.05)
4.5696 	EXP 	text: height = np.float64(0.05)
4.5696 	EXP 	text: height = np.float64(0.05)
4.5696 	EXP 	text: text = 'Which one are you going to buy?'
4.5776 	EXP 	text: height = np.float64(0.05)
4.5776 	EXP 	text: height = np.float64(0.05)
4.5776 	EXP 	text: height = np.float64(0.05)
4.5776 	EXP 	text: text = 'Which one are you going to buy?'
4.5850 	EXP 	text: height = np.float64(0.05)
4.5850 	EXP 	text: height = np.float64(0.05)
4.5850 	EXP 	text: height = np.float64(0.05)
4.5850 	EXP 	text: text = 'Which one are you going to buy?'
4.5924 	EXP 	text: height = np.float64(0.05)
4.5924 	EXP 	text: height = np.float64(0.05)
4.5924 	EXP 	text: height = np.float64(0.05)
4.5924 	EXP 	text: text = 'Which one are you going to buy?'
4.6008 	EXP 	text: height = np.float64(0.05)
4.6008 	EXP 	text: height = np.float64(0.05)
4.6008 	EXP 	text: height = np.float64(0.05)
4.6008 	EXP 	text: text = 'Which one are you going to buy?'
4.6085 	EXP 	text: height = np.float64(0.05)
4.6085 	EXP 	text: height = np.float64(0.05)
4.6085 	EXP 	text: height = np.float64(0.05)
4.6085 	EXP 	text: text = 'Which one are you going to buy?'
4.6161 	EXP 	text: height = np.float64(0.05)
4.6161 	EXP 	text: height = np.float64(0.05)
4.6161 	EXP 	text: height = np.float64(0.05)
4.6161 	EXP 	text: text = 'Which one are you going to buy?'
4.6234 	EXP 	text: height = np.float64(0.05)
4.6234 	EXP 	text: height = np.float64(0.05)
4.6234 	EXP 	text: height = np.float64(0.05)
4.6234 	EXP 	text: text = 'Which one are you going to buy?'
4.6314 	EXP 	text: height = np.float64(0.05)
4.6314 	EXP 	text: height = np.float64(0.05)
4.6314 	EXP 	text: height = np.float64(0.05)
4.6314 	EXP 	text: text = 'Which one are you going to buy?'
4.6403 	EXP 	text: height = np.float64(0.05)
4.6403 	EXP 	text: height = np.float64(0.05)
4.6403 	EXP 	text: height = np.float64(0.05)
4.6403 	EXP 	text: text = 'Which one are you going to buy?'
4.6475 	EXP 	text: height = np.float64(0.05)
4.6475 	EXP 	text: height = np.float64(0.05)
4.6475 	EXP 	text: height = np.float64(0.05)
4.6475 	EXP 	text: text = 'Which one are you going to buy?'
4.6549 	EXP 	text: height = np.float64(0.05)
4.6549 	EXP 	text: height = np.float64(0.05)
4.6549 	EXP 	text: height = np.float64(0.05)
4.6549 	EXP 	text: text = 'Which one are you going to buy?'
4.6628 	EXP 	text: height = np.float64(0.05)
4.6628 	EXP 	text: height = np.float64(0.05)
4.6628 	EXP 	text: height = np.float64(0.05)
4.6628 	EXP 	text: text = 'Which one are you going to buy?'
4.6712 	EXP 	text: height = np.float64(0.05)
4.6712 	EXP 	text: height = np.float64(0.05)
4.6712 	EXP 	text: height = np.float64(0.05)
4.6712 	EXP 	text: text = 'Which one are you going to buy?'
4.6790 	EXP 	text: height = np.float64(0.05)
4.6790 	EXP 	text: height = np.float64(0.05)
4.6790 	EXP 	text: height = np.float64(0.05)
4.6790 	EXP 	text: text = 'Which one are you going to buy?'
4.6875 	EXP 	text: height = np.float64(0.05)
4.6875 	EXP 	text: height = np.float64(0.05)
4.6875 	EXP 	text: height = np.float64(0.05)
4.6875 	EXP 	text: text = 'Which one are you going to buy?'
4.6946 	EXP 	text: height = np.float64(0.05)
4.6946 	EXP 	text: height = np.float64(0.05)
4.6946 	EXP 	text: height = np.float64(0.05)
4.6946 	EXP 	text: text = 'Which one are you going to buy?'
4.7030 	EXP 	text: height = np.float64(0.05)
4.7030 	EXP 	text: height = np.float64(0.05)
4.7030 	EXP 	text: height = np.float64(0.05)
4.7030 	EXP 	text: text = 'Which one are you going to buy?'
4.7087 	DATA 	Mouse: Left button down, pos=(666,541)
4.7111 	EXP 	text: height = np.float64(0.05)
4.7111 	EXP 	text: height = np.float64(0.05)
4.7111 	EXP 	text: height = np.float64(0.05)
4.7111 	EXP 	text: text = 'Which one are you going to buy?'
4.7145 	EXP 	text: autoDraw = False
4.7145 	EXP 	ambewela: autoDraw = False
4.7145 	EXP 	kothmale: autoDraw = False
4.7145 	EXP 	happycow: autoDraw = False
4.7145 	EXP 	kraft: autoDraw = False
4.7145 	EXP 	richlife: autoDraw = False
4.7145 	EXP 	text_2: autoDraw = False
4.7145 	EXP 	text_3: autoDraw = False
4.7145 	EXP 	text_4: autoDraw = False
4.7145 	EXP 	text_5: autoDraw = False
4.7145 	EXP 	text_6: autoDraw = False
4.7146 	EXP 	Cheese: status = STOPPED
4.7276 	INFO 	saved data to 'C:\\Users\\M S I\\OneDrive\\Documents\\GitHub\\Research-Project\\data\\869093_Cheese_2026-01-01_21h38.56.078.csv'
4.7289 	INFO 	saved data to C:\Users\M S I\OneDrive\Documents\GitHub\Research-Project\data\869093_Cheese_2026-01-01_21h38.56.078.psydat
7.1505 	WARNING 	Stopping key buffers but this could be dangerous ifother keyboards rely on the same.
